# gmm-latgen-faster --max-active=7000 --beam=13.0 --lattice-beam=6.0 --acoustic-scale=0.083333 --allow-partial=true --word-symbol-table=exp_194102304/mono/graph_194102304/words.txt exp_194102304/mono/final.mdl exp_194102304/mono/graph_194102304/HCLG.fst "ark,s,cs:apply-cmvn  --utt2spk=ark:data/G6/split1/1/utt2spk scp:data/G6/split1/1/cmvn.scp scp:data/G6/split1/1/feats.scp ark:- | add-deltas  ark:- ark:- |" "ark:|gzip -c > exp_194102304/mono/decode_194102304/lat.1.gz" 
# Started at Sat May  9 23:02:17 IST 2020
#
gmm-latgen-faster --max-active=7000 --beam=13.0 --lattice-beam=6.0 --acoustic-scale=0.083333 --allow-partial=true --word-symbol-table=exp_194102304/mono/graph_194102304/words.txt exp_194102304/mono/final.mdl exp_194102304/mono/graph_194102304/HCLG.fst 'ark,s,cs:apply-cmvn  --utt2spk=ark:data/G6/split1/1/utt2spk scp:data/G6/split1/1/cmvn.scp scp:data/G6/split1/1/feats.scp ark:- | add-deltas  ark:- ark:- |' 'ark:|gzip -c > exp_194102304/mono/decode_194102304/lat.1.gz' 
apply-cmvn --utt2spk=ark:data/G6/split1/1/utt2spk scp:data/G6/split1/1/cmvn.scp scp:data/G6/split1/1/feats.scp ark:- 
add-deltas ark:- ark:- 
103-1240-0000 CHAPTER ONE MISSUS RICHLY AND DESPISED MISSUS RESUMING HIS JEST WITH THE AT THE MEANING GROSS THE DOWN INTO THE HOLLOW OF PHYSICAL DISABILITIES FEW DROPS OF PERVERSE BY BACH 
LOG (gmm-latgen-faster[5.5.668~1493-53c4b]:DecodeUtteranceLatticeFaster():decoder-wrappers.cc:375) Log-like per frame for utterance 103-1240-0000 is -8.41598 over 1407 frames.
103-1240-0001 THAT HAD A SORT AWAITED WITH THE OAK POPLAR TREES THEY VISITED THE UNINTERRUPTED HEADLONG RAPIDS WORTHY OF COURSE TO OTHERS WORDS WITH DARK SECRET OF PLATE AS THEY BUT BY THE TIME ACQUAINTANCE FOLLOW IT WAS QUITE WELL ADAPTED THE STREAM 
LOG (gmm-latgen-faster[5.5.668~1493-53c4b]:DecodeUtteranceLatticeFaster():decoder-wrappers.cc:375) Log-like per frame for utterance 103-1240-0001 is -8.67119 over 1593 frames.
103-1240-0002 FINALLY THE LOG CABIN HALF MISSUS WEIGHT LIMITS THEM WITHOUT YOU REGARD FOR DECENCY AND CARVED IT PROBABLY WAS CONSCIOUS OF MISSUS WHICH ELICITED AFTER WINDOW TO THE CUSHIONED IONIC EVERYTHING THAT PASSED FROM THE SUN SHONE THE NIGHT 
LOG (gmm-latgen-faster[5.5.668~1493-53c4b]:DecodeUtteranceLatticeFaster():decoder-wrappers.cc:375) Log-like per frame for utterance 103-1240-0002 is -8.74035 over 1393 frames.
103-1240-0003 AND THAT IF SHE NOTICED EVERYTHING I FORGOT HER FACE SHE WOULD NEVER REST UNTIL SHE HAD FORGOTTEN WIFE AND WHERE FORCE THEIR OF THAT IN THE PEOPLE IN AT ANY AND OUT OF IT UP IN A TENDENCY TO THEIR NEIGHBORS BUSINESS I THINK OF GETTING THEIR OWN 
LOG (gmm-latgen-faster[5.5.668~1493-53c4b]:DecodeUtteranceLatticeFaster():decoder-wrappers.cc:375) Log-like per frame for utterance 103-1240-0003 is -8.59069 over 1469 frames.
103-1240-0004 BUT THIS IS WHAT UHLAND WAS ONE OF THOSE CAPABLE CREATURES HAD MANAGED TO CONSERVE THAN THOSE OF THE THE FULLEST THE BOTTOM SHE WAS AN OVAL HOUSEWIVES WHERE WAS ALWAYS BEEN AND WELL THEN SHE RAN THE SNAPPING TURTLE 
LOG (gmm-latgen-faster[5.5.668~1493-53c4b]:DecodeUtteranceLatticeFaster():decoder-wrappers.cc:375) Log-like per frame for utterance 103-1240-0004 is -8.61909 over 1250 frames.
103-1240-0005 HOW TO ONE SUNDAY SCHOOL AND WAS THE STRONGEST PROUD OF THE CHURCH A SOCIETY AND FOR NATIONS AUXILIARY IT WITH ALL THIS MISSUS RACIAL FOUND OF UNTANNED HIDE STITCHED FOR HOURS THE TICKET THE WINDOW RAISING COTTON WOODS QUOTH SHE HAD MADE A SIXTEEN OF THEM 
LOG (gmm-latgen-faster[5.5.668~1493-53c4b]:DecodeUtteranceLatticeFaster():decoder-wrappers.cc:375) Log-like per frame for utterance 103-1240-0005 is -8.729 over 1516 frames.
103-1240-0006 AS AN THE HOUSEKEEPER FOR WANT TO TELL HIM OR VOICES AND HEEDING THE SHOP I HAVE MONEY BOTH ENGROSSED THE HOLLOW AND ALLOWED TO SEE THEM I HOPE GOD 
LOG (gmm-latgen-faster[5.5.668~1493-53c4b]:DecodeUtteranceLatticeFaster():decoder-wrappers.cc:375) Log-like per frame for utterance 103-1240-0006 is -8.51998 over 956 frames.
103-1240-0007 AND HE WENT OUT OF IT BORE INTO IT HAD PASSED OVER THAT FEW BOLD AND SO MANY UNSEEN BOXES OF MISSUS TOMATO SAUCE THE NIGHT TO THE SITTING EMBLEMATIC NAME INTO THE CHIN THE SUN WAS COMING IN THE WINDOW FOR THE RIGHT 
LOG (gmm-latgen-faster[5.5.668~1493-53c4b]:DecodeUtteranceLatticeFaster():decoder-wrappers.cc:375) Log-like per frame for utterance 103-1240-0007 is -8.49778 over 1502 frames.
103-1240-0008 THE WATER AND SO BOBO THE HOUSE WAS THE BRIDLE FLASH OF DUTY BY ONE HAND OVER BY MANY OF THE TOWN SLAIN AN EQUAL MAN WHO HAVE ONLY PEOPLE ALWAYS LOVED DESPISE AND BESTOWING HIS TEACHER WITH THE DOWNHILL FIELDS BEYOND THE BARN 
LOG (gmm-latgen-faster[5.5.668~1493-53c4b]:DecodeUtteranceLatticeFaster():decoder-wrappers.cc:375) Log-like per frame for utterance 103-1240-0008 is -8.52966 over 1542 frames.
103-1240-0009 MISSUS LITTLE KNEW THAT HE WAS BECAUSE SHE HAD HEARD FAINTLY MORRIS ANYTHING BUT FOR BEING WITHIN A JAY WORSE FOR OVER COMEDY AS HE MEANT SO HE STRUTTED SEE THE NEXT AFTERNOON 
LOG (gmm-latgen-faster[5.5.668~1493-53c4b]:DecodeUtteranceLatticeFaster():decoder-wrappers.cc:375) Log-like per frame for utterance 103-1240-0009 is -8.79317 over 1001 frames.
103-1240-0010 HE HAS BEEN OF COURSE FANATIC AND PERHAPS NEVER BEEN IN PUBLIC INFORMATION ABOUT ANYTHING USEFUL LIFE AND YET HE WAS THAT THE COVER OF HALF PAST TREE ON THE AFTERNOON TOM BUSIED A PRIVATELY INVITING OVER THE FOLLOWING THAT THE WHOLE 
LOG (gmm-latgen-faster[5.5.668~1493-53c4b]:DecodeUtteranceLatticeFaster():decoder-wrappers.cc:375) Log-like per frame for utterance 103-1240-0010 is -8.67463 over 1479 frames.
103-1240-0011 AND HIS BEST THOUGHTS WHICH WAS THINKING OF THAT HE WAS GOING DOWN AVOWEDLY ANY HAD THE AUDIENCE PARLIAMENT WHICH FITTED INTO USE TO INCONSIDERABLE DISTANCE OUT WE'LL SOON AS YOU HAVE BUT GOING AND WIRES IT OPEN AIR 
LOG (gmm-latgen-faster[5.5.668~1493-53c4b]:DecodeUtteranceLatticeFaster():decoder-wrappers.cc:375) Log-like per frame for utterance 103-1240-0011 is -8.64035 over 1464 frames.
103-1240-0012 HAVE HATED ANY OTHER MAN OF EBONY WITH HIS LITTLE CAPTIVITY UNDERSTAND THAT TOGETHER MIGHT HAVE GIVEN A PRETTY GOOD AS FAST DOES QUESTIONS THE MOUTHPIECE OVER THE WIND SOME HOPE THAT IT MUST BE SOMETHING PASSING AN UNUSUALLY TO STAY HERE HIM 
LOG (gmm-latgen-faster[5.5.668~1493-53c4b]:DecodeUtteranceLatticeFaster():decoder-wrappers.cc:375) Log-like per frame for utterance 103-1240-0012 is -8.69546 over 1517 frames.
103-1240-0013 HE WAS WISH I STAND BY UNHEEDED HAVE TO GO HUNTING DESIRE TO ANY PRICE FOR HE MIGHT HAVE THE TOP HEAVY DRESSED UP WITH WHITE COLOR IN FINDING NONE BUT HE WAS SOMETHING NOTHING HAPPENED OFTEN MISSUS LITTLE HARDER SHE MIGHT TO MAKE NOTHING OF IT 
LOG (gmm-latgen-faster[5.5.668~1493-53c4b]:DecodeUtteranceLatticeFaster():decoder-wrappers.cc:375) Log-like per frame for utterance 103-1240-0013 is -8.6596 over 1524 frames.
103-1240-0014 THAT AFTERNOON SUNSHINE AND SPOILS OF HIS SYMPATHETIC THE GABLES AFTER TEA AND FIND OUT OF HER LOVER HUSBAND QUITE AWAY PEOPLE IF I PREDICTED IT IS ESSENTIALLY THE TOWN TO STAND YOU HAVE NEVER VISIT 
LOG (gmm-latgen-faster[5.5.668~1493-53c4b]:DecodeUtteranceLatticeFaster():decoder-wrappers.cc:375) Log-like per frame for utterance 103-1240-0014 is -8.48801 over 1394 frames.
103-1240-0015 IF HE WENT OUT OF COURTESY HE WOULD ANTICIPATED THE BODY TO THE FLOOR 
LOG (gmm-latgen-faster[5.5.668~1493-53c4b]:DecodeUtteranceLatticeFaster():decoder-wrappers.cc:375) Log-like per frame for utterance 103-1240-0015 is -8.82342 over 379 frames.
103-1240-0016 THAT SOMETHING MUST HAVE BEEN SATISFIED IS FOR HIM OFF AND CLEAN LEVEL BEST OF THE DEVIL NO MAN OF THE SUPPLY OF CONSCIENCE I TELL I NO MISTAKING THAT HE HOVERED ABOUT ME TO THEY ACCORDINGLY AT THAT HE MISSUS RIGHT SAID THAT SHE HAD NOT FOR TO GO 
LOG (gmm-latgen-faster[5.5.668~1493-53c4b]:DecodeUtteranceLatticeFaster():decoder-wrappers.cc:375) Log-like per frame for utterance 103-1240-0016 is -8.61414 over 1565 frames.
103-1240-0017 THE KINGDOM WANDERING WITS AND OUR HOUSE WITH COVERED WITH WAS A SAD CAUSE OF A MILE ABOVE THEM INCLINED TO THE SHED THEIR LONG THEY MADE GOOD EFFECT THAT IT AT THIS FATHER AT SHY OF ISLANDS THE SUN AFTER HIM 
LOG (gmm-latgen-faster[5.5.668~1493-53c4b]:DecodeUtteranceLatticeFaster():decoder-wrappers.cc:375) Log-like per frame for utterance 103-1240-0017 is -8.48409 over 1430 frames.
103-1240-0018 BUT GOD IS FAR AWAY AS HE POSSIBLY COULD HAVE HAS FALLEN THAN WITHOUT ACTUALLY THAT HE BEGAN TO THE WOODS WHAT HE FOUND IT ISN'T SAID THE GABLES HIS BEST FRIEND SAID TO VISIT AND THEN THERE WAS TO THIS DAY 
LOG (gmm-latgen-faster[5.5.668~1493-53c4b]:DecodeUtteranceLatticeFaster():decoder-wrappers.cc:375) Log-like per frame for utterance 103-1240-0018 is -8.71851 over 1159 frames.
103-1240-0019 BECAME VISIBLE FOR THE NAME UPON WHICH ALL THE OTHER AT THE HOUSES IS ESSENTIALLY SITUATED MISSUS RICHLY AND DID NOT CALL LIVING IN HIS VOICE NOTHING AT ALL IT'S JUST STATED THAT WHAT SHE SAID SHE SAID PLANCHET HE QUITTED GRASSY THEY 
LOG (gmm-latgen-faster[5.5.668~1493-53c4b]:DecodeUtteranceLatticeFaster():decoder-wrappers.cc:375) Log-like per frame for utterance 103-1240-0019 is -8.59285 over 1539 frames.
103-1240-0020 AU REVOIR VISAGES IS NO WONDER THAT WHEN THE LAW BOTH LITTLE ON TAKING AWAY THAT HE BY THEMSELVES HE AUGMENTED THE THAT YOU KNOWS THAT THEY WERE BIG ENOUGH OF AN APPETITE OF THE PEOPLE TO BE SURE 
LOG (gmm-latgen-faster[5.5.668~1493-53c4b]:DecodeUtteranceLatticeFaster():decoder-wrappers.cc:375) Log-like per frame for utterance 103-1240-0020 is -8.53731 over 1340 frames.
103-1240-0021 A SINGLE CUTTING OF THE THAT I SUPPOSE THAT HE STOOD BY THE KING THESE MANY THINGS EVEN THE HANDS THE IRISHMAN SAID IT IS THIS IS RIGHTEOUS THAN THAT THE LAKE AND THAT GUARDED THE GABLES THEY QUEEN AND THE PATRICIUS WAS AT YOUR 
LOG (gmm-latgen-faster[5.5.668~1493-53c4b]:DecodeUtteranceLatticeFaster():decoder-wrappers.cc:375) Log-like per frame for utterance 103-1240-0021 is -8.5578 over 1479 frames.
103-1240-0022 THAT ABOUT AMONG SIDE WITH GREAT PITY AS WELL AS ANY OTHER WITH HIM UNDER THESE NUTS TASTED COURSE THOSE BE SEEN FOR MISSUS FAITHFUL WOULD HAVE SEEN IT IF THEY HAD BEEN APTLY SEEDS OF THE KING IN THE PUMMEL OF THE FIRST ACT THAT YOUR OVER IS OFTEN SHE SAID PERHAPS 
LOG (gmm-latgen-faster[5.5.668~1493-53c4b]:DecodeUtteranceLatticeFaster():decoder-wrappers.cc:375) Log-like per frame for utterance 103-1240-0022 is -8.70796 over 1636 frames.
103-1240-0023 AND THE MONEY OFF THE GROUND WITHOUT COVERING THE POVERTY ALTOGETHER THIS IS GREAT LAUGHS LIKE THE TICKET BORE HIM SAID AMEN BEGUN TO DO SO THAT IT IN EVERY DAY THAT POSITIVE APARTMENT 
LOG (gmm-latgen-faster[5.5.668~1493-53c4b]:DecodeUtteranceLatticeFaster():decoder-wrappers.cc:375) Log-like per frame for utterance 103-1240-0023 is -8.71191 over 1213 frames.
103-1240-0024 OR WIDTH AND CHEERFUL IT DID NOT BEEN SUPPING FRANKLY CONCEDED THAT SOMETHING OF THE CASE OF AN UNUSED PARLOR BETWEEN THOSE THAT HE SAID THE WEST TO THE WEST WHEN THE PIANO BACK YARD CANNOT FLY THE MULTITUDE SUNLIGHT THE BEAST ONE 
LOG (gmm-latgen-faster[5.5.668~1493-53c4b]:DecodeUtteranceLatticeFaster():decoder-wrappers.cc:375) Log-like per frame for utterance 103-1240-0024 is -8.60365 over 1525 frames.
103-1240-0025 WHEN SHE GOT A GLIMPSE OF THEM WIDE CHARITY FOR THE LAST QUARTER AN ABIDING FUND OF BIRCHES AND THE HOLLOW OF THE BOOK IS CLEANED OF THE BITING THE LINES HE SAID TO LOOK AFTER WHICH HE SAT AT ALL ALWAYS TRIED TO DISCUSS WITH A CHILD 
LOG (gmm-latgen-faster[5.5.668~1493-53c4b]:DecodeUtteranceLatticeFaster():decoder-wrappers.cc:375) Log-like per frame for utterance 103-1240-0025 is -8.61019 over 1510 frames.
103-1240-0026 AND HERE SHE SAT NOW MAKING AN THE TABLE BEHIND HER WITH A FUSS OVER THIS IS LITTLE BEFORE SHE ADDED BECAUSE THE DOOR 
LOG (gmm-latgen-faster[5.5.668~1493-53c4b]:DecodeUtteranceLatticeFaster():decoder-wrappers.cc:375) Log-like per frame for utterance 103-1240-0026 is -8.30571 over 832 frames.
103-1240-0027 THEY WITH TEETH I PLAYED THE THE POOL I MUST BE EXPECTING SUMMER HOME WITH THAT THE CITY BY PETITIONS FOR EVERYDAY DISHES AND A VISIT MAKE AN AWFUL PRESENCE AND ONE KIND ESCAPE THE THE EAST INDIA COMPANY COULD NOT BE ANY PARTICULAR COUNTRY 
LOG (gmm-latgen-faster[5.5.668~1493-53c4b]:DecodeUtteranceLatticeFaster():decoder-wrappers.cc:375) Log-like per frame for utterance 103-1240-0027 is -8.66225 over 1395 frames.
103-1240-0028 TO LOVE THAT HE'S QUITE CLEARLY THE STOREROOM THERE IS AS IT WAS GETTING VERY BUSY WHAT THIS UNUSUAL TO SAY THAT CRIED THE MYSTERIES THE GABLES THE EVENING LITTLE GIRLS ADVERSELY THIS IS A REAL FINE EATING AND IT WOULD SIT DOWN 
LOG (gmm-latgen-faster[5.5.668~1493-53c4b]:DecodeUtteranceLatticeFaster():decoder-wrappers.cc:375) Log-like per frame for utterance 103-1240-0028 is -8.62641 over 1563 frames.
103-1240-0029 HARDLY A FOX SOMETHING THAT FOR LACK OF ANY OTHER THEY MIGHT BE CALLED FRIENDSHIP EXISTING AND ALWAYS HAD ACCUSED BUCKINGHAM A CONFERENCES WHICH ALL IN SPITE OF OR PERHAPS BECAUSE OF THEIR DISINHERITED BERYL A VISIT HALL 
LOG (gmm-latgen-faster[5.5.668~1493-53c4b]:DecodeUtteranceLatticeFaster():decoder-wrappers.cc:375) Log-like per frame for utterance 103-1240-0029 is -8.51419 over 1525 frames.
103-1240-0030 IN A WOMAN THE ANKLES AND WITHOUT CURSE THE DARKER SHADE SOME PLACE THE SUM WAS ALWAYS TO STOP IT HARD NOT BEHIND WHICH TO WIRE HAPPINESS THE BIGGEST LITTLE IT SHE A COUPLE OF ANNOUNCING WHAT CONSCIENCE WHICH SHE WAS 
LOG (gmm-latgen-faster[5.5.668~1493-53c4b]:DecodeUtteranceLatticeFaster():decoder-wrappers.cc:375) Log-like per frame for utterance 103-1240-0030 is -8.63214 over 1450 frames.
103-1240-0031 THAT WAS SAVING SOMETHING ABOUT HER MOUTH WHICH IT FORGETTING OF SOCIETY DEVELOPED MY BEING CONSIDERED INDICATED BY THE SENSE OF HUMOR WAS THE LAW SAID MISSUS RITA AT DUSK I AM AFRAID HE WARNED NO ONE I SAW THAT HE SAID THAT DATE AS I MAY BE USED INTO THE DOCTOR'S 
LOG (gmm-latgen-faster[5.5.668~1493-53c4b]:DecodeUtteranceLatticeFaster():decoder-wrappers.cc:375) Log-like per frame for utterance 103-1240-0031 is -8.64217 over 1684 frames.
103-1240-0032 MORE LOVE WITH WHICH THE DISSENTING THE HE HAD EXPECTED MISSUS GREAT LUCK SHE HAD NO OTHER SIDE OF THAT THE JUTTING ALSO ENACTED THAT WE WOULD BE TOO MUCH FURTHER NEIGHBORS CURIOSITY I KNOW AND QUITE WELL ALTHOUGH I HAD THAT HE GETS TO DAY HE SAID 
LOG (gmm-latgen-faster[5.5.668~1493-53c4b]:DecodeUtteranceLatticeFaster():decoder-wrappers.cc:375) Log-like per frame for utterance 103-1240-0032 is -8.64545 over 1476 frames.
103-1240-0033 THAT THE WILD I'VE NEVER BEGINNING OF THE BOY CAN OFTEN FIND MANIFESTATION OF THE COMING DOWN THE THING TO NIGHT'S EXPERIMENT IT SAID THAT HE HAD BEEN THE BRIGHT RIVER TO BE KICKING THEIR PROSTRATE AND MISSUS LITTLE COULD NOT HAVE BEEN MORE ASTONISHED 
LOG (gmm-latgen-faster[5.5.668~1493-53c4b]:DecodeUtteranceLatticeFaster():decoder-wrappers.cc:375) Log-like per frame for utterance 103-1240-0033 is -8.71436 over 1440 frames.
103-1240-0034 SHE WAS AT LEAST A COMPOUND FOR FIVE SECOND IS IT WAS A DISPOSAL THE WORLD IS MADE FUN OF HER THAT MISSUS WHICH LOOKS ALMOST FORCES OPPOSED IT CAME IN EARNEST HER LOVE SHE COMMANDING VOICE BUT TURNED HER HIS CLASS 
LOG (gmm-latgen-faster[5.5.668~1493-53c4b]:DecodeUtteranceLatticeFaster():decoder-wrappers.cc:375) Log-like per frame for utterance 103-1240-0034 is -8.50789 over 1539 frames.
103-1240-0035 THE WORLD AS IS GETTING BOYS OFF AND PHANTOMS AND ESPECIALLY PRIDED THE USUAL SPRING WORK ON ANY WELL EDUCATED AND THE FINAL INSULTING MAN HEARD OF INVASION WITH HIS WAY TO FELT THAT SHE HAD RECEDED SAID THE MANTEL TOLD SHE THOUGHT IN EXPLANATION POINTS 
LOG (gmm-latgen-faster[5.5.668~1493-53c4b]:DecodeUtteranceLatticeFaster():decoder-wrappers.cc:375) Log-like per frame for utterance 103-1240-0035 is -8.65606 over 1603 frames.
103-1240-0036 WHO DELIGHTED AT THE PATH OF ALL PEOPLE THAT THE BOYS BROKE IN SIGHT OF WEALTH THE WIRELESS EARLY TURN ASIDE DOWN TO BE SURPRISED IF NOTHING AT THE VOICE NOTHING 
LOG (gmm-latgen-faster[5.5.668~1493-53c4b]:DecodeUtteranceLatticeFaster():decoder-wrappers.cc:375) Log-like per frame for utterance 103-1240-0036 is -8.50875 over 1250 frames.
103-1240-0037 WHAT ETIQUETTE IN THE SHINTO HAD HE DEMANDED IS PRETTILY THIS HAPPEN THEN WITHOUT HER ADVICE BE LAUGHED AND MUST PERFORCE THE DISPUTE LOUDLY AND THE TIDE OF SOME TIME ALL WINTER IN FACT WHICH AMABEL 
LOG (gmm-latgen-faster[5.5.668~1493-53c4b]:DecodeUtteranceLatticeFaster():decoder-wrappers.cc:375) Log-like per frame for utterance 103-1240-0037 is -8.46825 over 1480 frames.
103-1240-0038 WHOSE ZEALOUS AND SENT A POSITIVE ONE DAY BEFORE HIS MESSAGE SHE SAID SHOES GUIDE THE LITTLE GIRL FELL YES AND ANOTHER PERSON IN SPRING 
LOG (gmm-latgen-faster[5.5.668~1493-53c4b]:DecodeUtteranceLatticeFaster():decoder-wrappers.cc:375) Log-like per frame for utterance 103-1240-0038 is -8.92526 over 714 frames.
103-1240-0039 SO THAT HE AN APPETITE THOUGH HER OFTENER THAN EVER SINCE WE THAT THE GOOD BOY MATTHEWS'S THE LAPPING YOU SEE NOW HE SIXTEEN AND USES AS I SEE WHAT WAS THE CONICAL HILL A GOOD DEAL AND YOU KNOW WHAT IS THE COTTAGE THAT THE TO GET HER HEALTH 
LOG (gmm-latgen-faster[5.5.668~1493-53c4b]:DecodeUtteranceLatticeFaster():decoder-wrappers.cc:375) Log-like per frame for utterance 103-1240-0039 is -8.71761 over 1441 frames.
103-1240-0040 AS THEIR ANYBODY TO BE HAD BEEN SPEEDED HALF POUND OF FAT VOICED THE VICINITY TO GET AND OPINION WAVE UPON SOMETHING HE THAT CANNOT OF LOVE SICK AND RESERVED STATES THE FIRST THAT THE SUGGESTED TO THE HOLLOW VOICE THAT SAID NOW FIND THAT 
LOG (gmm-latgen-faster[5.5.668~1493-53c4b]:DecodeUtteranceLatticeFaster():decoder-wrappers.cc:375) Log-like per frame for utterance 103-1240-0040 is -8.70523 over 1465 frames.
103-1240-0041 THEY MAY BE HOUR I CANNOT SAY THERE NOT THAT NO ONE THAT THE ARABS FOR ME I SAID THE MEAN A VOICE AT LEAST OF THE WITH THEM MAGICALLY GET THE DEPUTY DURING MY MIND HE SAID HE MIGHT BE GOOD BOY CANADIAN 
LOG (gmm-latgen-faster[5.5.668~1493-53c4b]:DecodeUtteranceLatticeFaster():decoder-wrappers.cc:375) Log-like per frame for utterance 103-1240-0041 is -8.59573 over 1349 frames.
103-1240-0042 SOLEMNITY AND WE DECIDED TO AS HIS SENSITIVE TO THE SOUTH WIND INTUITIVELY THAT A LITTLE GIRL WE HAD LEFT THE CHIEF IS GOING TO LISTEN TO WORK BY RIGID TENETS OF HIS COMEDY TO BRING IS NOT LIKE THE BOY OF ABOUT AN ELOQUENCE WE DECIDED THERE WOULD BE THE ESTATE 
LOG (gmm-latgen-faster[5.5.668~1493-53c4b]:DecodeUtteranceLatticeFaster():decoder-wrappers.cc:375) Log-like per frame for utterance 103-1240-0042 is -8.83402 over 1559 frames.
103-1240-0043 OLD ENOUGH TO THE SUN YOU SOMETHING CHOICE EITHER OFFENDED AT THE KING ARE PROFFERED THE MEDIUM OF THE HOME AND SLEEVES WADED INTO BANDS OF MISSUS ALEXANDER SATURDAY THE NAME AND CULTIVATION SAME THEY WERE COMING DOWN THE FIVE THE RETAINED NIGHT 
LOG (gmm-latgen-faster[5.5.668~1493-53c4b]:DecodeUtteranceLatticeFaster():decoder-wrappers.cc:375) Log-like per frame for utterance 103-1240-0043 is -8.71272 over 1474 frames.
103-1240-0044 SO THAT HE WENT BY FIFTEEN MISSUS SAND HILL UPON THE AFFAIRS OF COURSE G THOSE UNTIL I FANCY SHE HERSELF WITH HIS WAY TO APPLY TO HERSELF I ALWAYS BEATING HER MIND TO PERCEIVE ITS BEING NOW HAVING EXHAUSTED HAVE NEGLECTED TO DISOBEDIENCE THE CITIES 
LOG (gmm-latgen-faster[5.5.668~1493-53c4b]:DecodeUtteranceLatticeFaster():decoder-wrappers.cc:375) Log-like per frame for utterance 103-1240-0044 is -8.63006 over 1637 frames.
103-1240-0045 WELL MERIT SUGGESTED THE PLAIN THAT I THINK YOU DOING A MIGHTY FOOLISH THE OTHERS THE THING THAT WHAT YOU DON'T KNOW WHAT ARE GETTING YOUR CREED A STRANGE HEADED YOUR HOUSEHOLD AND YOU DON'T KNOW A SINGLE THING ABOUT IT NOR WOODS DISPOSITION IF I KNOW WHAT SORT OF HERESY HAD 
LOG (gmm-latgen-faster[5.5.668~1493-53c4b]:DecodeUtteranceLatticeFaster():decoder-wrappers.cc:375) Log-like per frame for utterance 103-1240-0045 is -8.91425 over 1566 frames.
103-1240-0046 NOR VERY SLIGHTLY TO TURN OUT WIDELY AS WE HAVE GIVEN UP HERE COMMANDED HIS WIFE OF TWISTED THE ISLAND TO THE BOY AT THE OFTEN FALL INTO THE SAKE FIRE THE HOUSE THE NIGHT SAYS THE ORCHESTRA LED ANNUALLY AND THEN TOOK HIS BAD HABITS 
LOG (gmm-latgen-faster[5.5.668~1493-53c4b]:DecodeUtteranceLatticeFaster():decoder-wrappers.cc:375) Log-like per frame for utterance 103-1240-0046 is -9.0243 over 1391 frames.
103-1240-0047 AND I KNOW WHEN THE CASE WERE UNDOUBTEDLY VISTAS OF THE EGGS THEY COULD BE BREACHES OF THAT IF YOU HAVE ASKED ADVICE NO MATTER WHICH YOU DIDN'T YOU WILL DIE TO SEND FOR MERCY SIGNAL TO THINK OF SUCH THINGS AS WHITE 
LOG (gmm-latgen-faster[5.5.668~1493-53c4b]:DecodeUtteranceLatticeFaster():decoder-wrappers.cc:375) Log-like per frame for utterance 103-1240-0047 is -8.92082 over 1288 frames.
103-1240-0048 THIS JOKES COMFORTING SEEMED DELIGHTED TO PHANTOM LITTLE HAMLET SHE ADDED SADLY OUT I COULDN'T I DO SOMETHING WHICH IS A LITTLE I PASS UPON MYSELF AT THAT HE WAS TERRIBLE SAT ON THAT I COULD SEE THAT SO I GAVE THEM 
LOG (gmm-latgen-faster[5.5.668~1493-53c4b]:DecodeUtteranceLatticeFaster():decoder-wrappers.cc:375) Log-like per frame for utterance 103-1240-0048 is -8.51332 over 1475 frames.
103-1240-0049 THE SENSE OF THE MOUTHPIECE OF HIS MIND OF ANYTHING THAT WHEN HE THE CELESTIN AT MY DUTY TO GET IN THE METHODIST THIS IS SUPREME IN EVERYTHING BY THE BUSINESS BUT AS TO STING PEOPLE HAD BEEN CHOSEN OF THEIR OWN THICKETS OF THAT THEY DOVE LIFTED OUT WELL 
LOG (gmm-latgen-faster[5.5.668~1493-53c4b]:DecodeUtteranceLatticeFaster():decoder-wrappers.cc:375) Log-like per frame for utterance 103-1240-0049 is -8.72135 over 1527 frames.
103-1240-0050 AND THEN A VISIT TO STRIKE US TO BE HELPED ELIZABETH IN THE BEGINNING OF ENGLAND AND SPACE HE'S HAPPY MUCH TO CATCH MICE AS WELL I HOPE LITTLE TURTLE BITE SAID MISSUS FATAL BATTLE BETWEEN THE DECAY DEVELOPING FLATS 
LOG (gmm-latgen-faster[5.5.668~1493-53c4b]:DecodeUtteranceLatticeFaster():decoder-wrappers.cc:375) Log-like per frame for utterance 103-1240-0050 is -8.69946 over 1401 frames.
103-1240-0051 ONLY TOLD SAID THE WING EVERY PRINTING THEY PULLED OUT OF US THAT EVEN ALLOW I HEARD THE CASE EVER KNEW FROM THE PROPORTIONS AND SHOUTED OUT OF THE WHOLE FAMILY I'D IN THE FLAG DAYS LATER DEVELOPMENTS IT IS WELL ENOUGH TO THE MATTER OF SEVERAL 
LOG (gmm-latgen-faster[5.5.668~1493-53c4b]:DecodeUtteranceLatticeFaster():decoder-wrappers.cc:375) Log-like per frame for utterance 103-1240-0051 is -8.75491 over 1534 frames.
103-1240-0052 AS IF WITHIN WAS WORKING THE FEMININE CAN THUS THAT CANNOT BE CREDITED THE CASE OF THE BOY I NEVER TO IMITATE AN INTERLOPER NOW I WOULD ADMIT ALLIES AND DISPENSED DRINK THAT THERE SHE WOULD SHRINK ADOPTING THE WHOLE OFFICE AND HE DIDN'T FOREHEAD 
LOG (gmm-latgen-faster[5.5.668~1493-53c4b]:DecodeUtteranceLatticeFaster():decoder-wrappers.cc:375) Log-like per frame for utterance 103-1240-0052 is -8.72522 over 1477 frames.
103-1240-0053 MISSUS LITTLE LOVE I DISDAINED TENACITY THE WOODS AND WOULD OFTEN OF OFFENDING THE WOULD BEGIN TO OUR CITIES BEFORE HIS RIVAL SHE HESITATED NOT THE VOTES OF AMABEL'S UNTIL THE NEWS IN THE CITY MADE SENSATIONS ARE GETTING ON 
LOG (gmm-latgen-faster[5.5.668~1493-53c4b]:DecodeUtteranceLatticeFaster():decoder-wrappers.cc:375) Log-like per frame for utterance 103-1240-0053 is -8.77792 over 1365 frames.
103-1240-0054 AND MISSUS LITTLE BEAUTY NOT MAKE A SENSATION CITY TO HERSELF AWAY SOMEWHAT LESS A LEAF WITH LIGHT FILTERED DOWN TO THE DIVIDING AND THE INFLUENCES WHICH THOSE PERSONS OF LOVE ALL THINGS THAN EVER FOR ALL THE EJACULATIONS AS THEY TO WHICH THE SAFETY OUTLINE 
LOG (gmm-latgen-faster[5.5.668~1493-53c4b]:DecodeUtteranceLatticeFaster():decoder-wrappers.cc:375) Log-like per frame for utterance 103-1240-0054 is -8.747 over 1632 frames.
103-1240-0055 IT IS PRETTY SOON AS IF I MUST BE FEELINGS ONCE ORTHODOX POINT OF AN ENEMY STAYED THAT YOU WILL DON'T LET EVEN ABOUT OPEN AND ELICITED THE WISEST AND EVEN HIS OWN TRAVELER 
LOG (gmm-latgen-faster[5.5.668~1493-53c4b]:DecodeUtteranceLatticeFaster():decoder-wrappers.cc:375) Log-like per frame for utterance 103-1240-0055 is -8.77806 over 1123 frames.
103-1240-0056 IT SEEMS THAT HE NEEDED BUT HOW TO THE TABLE SOMEHOW IF EVER BEEN ON THE EARTH ARE MASCULINE MILE ABOVE GROUND WITH A FEW HOUSES BUILT IN FAVOR WERE CHILDREN WHICH IS NOT BELIEVE WHAT MONICA THAN I WOULDN'T BE NOT OFTEN SHOES FOR ANYTHING 
LOG (gmm-latgen-faster[5.5.668~1493-53c4b]:DecodeUtteranceLatticeFaster():decoder-wrappers.cc:375) Log-like per frame for utterance 103-1240-0056 is -8.66892 over 1430 frames.
103-1240-0057 MY OPINION AS WHITE SO SAID MISSUS RETOLD TO THE WOUND MOST DISHES AND THE FULLEST THE HEART 
LOG (gmm-latgen-faster[5.5.668~1493-53c4b]:DecodeUtteranceLatticeFaster():decoder-wrappers.cc:375) Log-like per frame for utterance 103-1240-0057 is -8.46473 over 684 frames.
103-1241-0000 CHAPTER TO MY DISCOVERY BE SURPRISED KNAPP YOU COVERED HEADS ARE A MATTER ATTENTIVELY OVER THE EIGHT MILES TO TRY WHETHER IT IS PREPARED MORNING ALONG THE TONGUE SAID FRANZ THAT BRAKE DOWN AGAIN AND TOSSED ME FOR WHICH TRIED TO 
LOG (gmm-latgen-faster[5.5.668~1493-53c4b]:DecodeUtteranceLatticeFaster():decoder-wrappers.cc:375) Log-like per frame for utterance 103-1241-0000 is -8.62652 over 1595 frames.
103-1241-0001 AH HOLLOW WERE WAS COMICAL HOW EVERY TO THE LEGACY TO THE BREATH OF MANY OF POACHERS AN UNACCUSTOMED AWAY THE DISTANCE TO HER LICENSE SIMPLE AND PURPLE PINEAPPLES A BOARD SIGN RECEIVED RATHER WHEN THEY SULLENLY 
LOG (gmm-latgen-faster[5.5.668~1493-53c4b]:DecodeUtteranceLatticeFaster():decoder-wrappers.cc:375) Log-like per frame for utterance 103-1241-0001 is -8.72257 over 1553 frames.
103-1241-0002 NOTHING TRIED TO ADAPT HIS OWN FASHION EXCEPTING A MOMENT THEN HE MET THEM AND HAD NOT BEEN FORMED HANDS OF DIAMOND YOURS DOES NOT OFTEN SERVED EVEN REASON ALONE WITH YOU NEVER MORE NOT THAT THE DREADED ALL WITHIN EXCEPT MENACES GRATEFUL 
LOG (gmm-latgen-faster[5.5.668~1493-53c4b]:DecodeUtteranceLatticeFaster():decoder-wrappers.cc:375) Log-like per frame for utterance 103-1241-0002 is -8.73895 over 1555 frames.
103-1241-0003 HE HAD UNACCOUNTABLE DURING THE MYSTERIOUS SPECIES SECRETLY NOTHING CAN IMAGINE WHY TRY TO DISMISS AT THE HILLS AND GOT INTO THE SWITCH WITH MOUNTING THE FATE HAD BEEN LONG TIME GREY HEADED WHICH IS TO THE SHOULDERS 
LOG (gmm-latgen-faster[5.5.668~1493-53c4b]:DecodeUtteranceLatticeFaster():decoder-wrappers.cc:375) Log-like per frame for utterance 103-1241-0003 is -8.75135 over 1387 frames.
103-1241-0004 WONDERFUL SELF DOWN THE IN WHICH YET WHENEVER THINGS LAST MONDAY AND THAT HE HAD OF THE TWENTY THEY MIGHT SUIT AND SIXTY NOTHING REPLIED THE GREATNESS OF WILLIAM H BRIGHT WITHIN THE BUSINESS I NEVER ANYTHING 
LOG (gmm-latgen-faster[5.5.668~1493-53c4b]:DecodeUtteranceLatticeFaster():decoder-wrappers.cc:375) Log-like per frame for utterance 103-1241-0004 is -8.54681 over 1474 frames.
103-1241-0005 HE TOLD US TO REASON HE TRIED HIS WITH ME ON THE SMALL TRY TO THE WHOLE TOWN AND ENDEAVOR TO THE STATION HOUSE THE LONG PAST FOUR BALLS DESERTED THE LIVING CREATURE INSIDE THE IN CROWDED CITY OF OUR FINGERS OF THE STREAM AND 
LOG (gmm-latgen-faster[5.5.668~1493-53c4b]:DecodeUtteranceLatticeFaster():decoder-wrappers.cc:375) Log-like per frame for utterance 103-1241-0005 is -8.84909 over 1401 frames.
103-1241-0006 THAT THE VERY NOTICING THE WAS THE GIRL FIVE THE PASSERS COUNTRY IS POSSIBLE THAT LOOKING AFTER HAVING THAT HE COULD HARDLY THAT BERNARD IS THE CONSTITUENCY IN EXPECTATION OF GRATITUDE OF EXPRESSION SHE WAS SITTING NEAR WAITING FOR SOMETHING OR SONNY 
LOG (gmm-latgen-faster[5.5.668~1493-53c4b]:DecodeUtteranceLatticeFaster():decoder-wrappers.cc:375) Log-like per frame for utterance 103-1241-0006 is -8.80411 over 1522 frames.
103-1241-0007 AND SOMETHING AND WEEPING WITH THE LEADING TO DO JUST THEN SHE SAT PENETRATED ALL HER MY EVENING A MAN FELINE HABITS THIS MASTER WAS MAD GODS PREPARATORY TO THE IDLENESS TEMPER AND ASKED IN THE FIVE OR EATING TO THE LAW 
LOG (gmm-latgen-faster[5.5.668~1493-53c4b]:DecodeUtteranceLatticeFaster():decoder-wrappers.cc:375) Log-like per frame for utterance 103-1241-0007 is -8.7084 over 1513 frames.
103-1241-0008 THE FIVE RETAINS THE DEMAND ON HER OFTENER THAN THAT IT AT THIS OFFICIAL THAT ELIZABETH'S UNDERGO THOSE VIEWS OF THE GIRL SHE SITTING ABOLITIONISTS LASTED GOING TO THE LADIES WAITING ROOM THE SHELF ON A GREAT THE EDGE OF THE FOG STILL OUTSIDE 
LOG (gmm-latgen-faster[5.5.668~1493-53c4b]:DecodeUtteranceLatticeFaster():decoder-wrappers.cc:375) Log-like per frame for utterance 103-1241-0008 is -8.77474 over 1512 frames.
103-1241-0009 HE'S THE CASE I SHOULD THEN I NOT EXPECT TO GROW SOMEWHAT OF IVORY BEAK THE BOY HAVE COME FOR HE SHOULD BE HEAR MISSUS ALEXANDER SPEND WHO WAS TO BRING HIM OVER SOME OF SOLDIERS FORMING THE STATION MASTER WAS SO 
LOG (gmm-latgen-faster[5.5.668~1493-53c4b]:DecodeUtteranceLatticeFaster():decoder-wrappers.cc:375) Log-like per frame for utterance 103-1241-0009 is -8.58704 over 1388 frames.
103-1241-0010 THIS THE SON FAITH HE SAID MISSUS ENTERTAIN OF THE TRAIL OF AMABEL IN DIFFERENT MY CHILD SAID YOU IN YOUR SISTER WERE TALKING HAVE MORE INNOCENT THAN THAT YOU WOULD INVOLVE REPRESENTING S I KNOW ABOUT IT AND I HAVE NOT ANY MORE OFTEN CONCEAL HER HOUSE 
LOG (gmm-latgen-faster[5.5.668~1493-53c4b]:DecodeUtteranceLatticeFaster():decoder-wrappers.cc:375) Log-like per frame for utterance 103-1241-0010 is -8.74798 over 1585 frames.
103-1241-0011 I DIDN'T UNDERSTAND THAT VALUE HELPLESSLY WISHING THAT WOMAN OF WHICH HAD COVERED THE SITUATION WHEN YOU THEIR POST NOW THAT POSITION THAT SCARCELY DIED AS THEY SHALL BE ABLE TO EXPLAIN TO SETTLE A FRIEND ANSWERED 
LOG (gmm-latgen-faster[5.5.668~1493-53c4b]:DecodeUtteranceLatticeFaster():decoder-wrappers.cc:375) Log-like per frame for utterance 103-1241-0011 is -8.60236 over 1447 frames.
103-1241-0012 THEY WERE AS BOYS THE THAT YOU WANTED HE WAS GENTLY WHILE THE COUNTRY ANY OF WISHING THAT HE WAS DESTINED TO THAT WHICH IS HARD FOR HIM THEN DURING THE LIGHT AND WALK UP TO THE GIRL A STRANGER AND OFTEN GIRL 
LOG (gmm-latgen-faster[5.5.668~1493-53c4b]:DecodeUtteranceLatticeFaster():decoder-wrappers.cc:375) Log-like per frame for utterance 103-1241-0012 is -8.62203 over 1496 frames.
103-1241-0013 AND A MAN EVER WHY SHOULD LIVE BOY MIGHT BE INTRODUCED AS HE TURNED OUT A SHOPFUL OF GENTRY DOWN UPON ON POINTS FOR SHE HAD AMOUNTING HAD EVER SINCE THE PAST OR AT HER HORIZON HIM NOW THAT HE WAS RUBBING HER 
LOG (gmm-latgen-faster[5.5.668~1493-53c4b]:DecodeUtteranceLatticeFaster():decoder-wrappers.cc:375) Log-like per frame for utterance 103-1241-0013 is -8.5735 over 1479 frames.
103-1241-0014 THE CHILD OF THE PALACE AND COTTON OF A SHORT GREAT HEIGHT VERY COMPLETE REST YOUR WHICH WE WILL SEE SHE WAS FITTED OUT SAID THE HUT AND BENEATH THE HAD EXTENDED AT HER BACK WOULD TO BREAK THE VERY FAINT DECIDED TO GET HER 
LOG (gmm-latgen-faster[5.5.668~1493-53c4b]:DecodeUtteranceLatticeFaster():decoder-wrappers.cc:375) Log-like per frame for utterance 103-1241-0014 is -8.61039 over 1511 frames.
103-1241-0015 THE FACE A SMALL WHITE THING FROM ALL SO MUCH TROUBLE HER MOUTH WAS MY CHANCE OF PARADISE WHICH MUST CREATE SOME MINDS MISS AND RAIN OTHERS SO FAR THE ORDINARY OBSERVER AN EXTRAORDINARY OBSERVER 
LOG (gmm-latgen-faster[5.5.668~1493-53c4b]:DecodeUtteranceLatticeFaster():decoder-wrappers.cc:375) Log-like per frame for utterance 103-1241-0015 is -8.60608 over 1399 frames.
103-1241-0016 LIGHT SEEMED TEACHING IS VERY PLEASED AND ANNOUNCED THAT THE BIG EYES FULL OF SPIRIT VIVACITY THAT THE MOUTH WAS SEATED AND EXPRESSIVE OF THE FOREHEAD WAS BROUGHT HIM FALL IN SHORT TIME DISSENTING MINISTER THAT SIR FOR MYSELF CONCLUDED 
LOG (gmm-latgen-faster[5.5.668~1493-53c4b]:DecodeUtteranceLatticeFaster():decoder-wrappers.cc:375) Log-like per frame for utterance 103-1241-0016 is -8.72892 over 1465 frames.
103-1241-0017 LOOSENED HIS BE AFRAID THAT HE HOWEVER WAS THEIR BEAUTY THIS BEING FIRST FOR SINS SHE COULD BE WHOSE COMING TO HER SHE SAID AND RASPING ONE THING BROWN HAND A HUNDRED CASH AT THE OLD FASHIONED COPY THAT THE OTHER SHE HAVE OUTED HIM 
LOG (gmm-latgen-faster[5.5.668~1493-53c4b]:DecodeUtteranceLatticeFaster():decoder-wrappers.cc:375) Log-like per frame for utterance 103-1241-0017 is -8.64589 over 1587 frames.
103-1241-0018 I SUPPOSE YOU'RE MISTER MAGIC OF THE DETAILS SHE SAID TO ACCUMULATE HE IS THE VOICE AND REPLY TO SEE THE CITY AND THE TREATY WERE COMING FOR ME 
LOG (gmm-latgen-faster[5.5.668~1493-53c4b]:DecodeUtteranceLatticeFaster():decoder-wrappers.cc:375) Log-like per frame for utterance 103-1241-0018 is -8.89126 over 942 frames.
103-1241-0019 I HAD MADE AT MY MIND THAT THE VIVID CONCRETE NIGHT 
LOG (gmm-latgen-faster[5.5.668~1493-53c4b]:DecodeUtteranceLatticeFaster():decoder-wrappers.cc:375) Log-like per frame for utterance 103-1241-0019 is -8.9693 over 301 frames.
103-1241-0020 I WOULD BE AFRAID HAD NEVER BEEN OF THE FIELD WHERE CHARITY ALMIGHTY MOONSHINE DON'T THINK YOU GOOD NIGHT IN THE WOOD CARVING MARBLE HALLS CONCEIVE 
LOG (gmm-latgen-faster[5.5.668~1493-53c4b]:DecodeUtteranceLatticeFaster():decoder-wrappers.cc:375) Log-like per frame for utterance 103-1241-0020 is -8.99843 over 969 frames.
103-1241-0021 THAT YOU HAVE TAKEN A SPIDER WHO HAD ALREADY HIS THEM AND THEN HE DECIDED WHAT YOU HE COULD NOT TRUST OUT OF THE GREEN EYES THAT THEY HAD BEEN A MISTAKE HE LIFTED HER WHOLE NUMBER WILL DO THAT SHE COULD BE ADVISED EVERY HOUSE 
LOG (gmm-latgen-faster[5.5.668~1493-53c4b]:DecodeUtteranceLatticeFaster():decoder-wrappers.cc:375) Log-like per frame for utterance 103-1241-0021 is -8.59889 over 1516 frames.
103-1241-0022 THE MATTER WHAT IS THE BEGINNING TO ALL CHRISTIAN THE EXPLANATIONS WHITE AS WELL THE DIFFERENCE IN THE CITY CONVERTING GABLES OF SIGHT ILLUSTRATE THE SUNSHINE THE CROWD THE HORSES OVER THE DARK FIGURE AND LIE TO CARRY IT BUT AT THIS WOULD CHEERFULLY 
LOG (gmm-latgen-faster[5.5.668~1493-53c4b]:DecodeUtteranceLatticeFaster():decoder-wrappers.cc:375) Log-like per frame for utterance 103-1241-0022 is -8.61185 over 1633 frames.
103-1241-0023 IT IS A HEAVY GUN HAD BLINDLY GIVEN US THAT IT ISN'T AT THE BENEFITS AND CARRYING DISASTER AWAITED HER AND HOPEFUL THAT FIDELITY BECAUSE I BELIEVE THAT MY ADVENT OF THE STUDIO HAD BEEN UNDERTAKEN THE CROWN EVEN IF IT PREVENTS THE DELAWARE CHARITY 
LOG (gmm-latgen-faster[5.5.668~1493-53c4b]:DecodeUtteranceLatticeFaster():decoder-wrappers.cc:375) Log-like per frame for utterance 103-1241-0023 is -8.85309 over 1665 frames.
103-1241-0024 THE THE TRAVELERS TOWARD THE PASSAGE SPECIFIED HE WAS A WHILE I MIGHT BE SOME OF TRYING HARD SO SO PLENTIFUL HAVE INTERPRETED ALARMED YOU I HAVE NOT REALLY BEEN REALLY BEG YOU FIRE WITH THE WORST OF LIVING IN THE FORM OF THE PUBLICAN 
LOG (gmm-latgen-faster[5.5.668~1493-53c4b]:DecodeUtteranceLatticeFaster():decoder-wrappers.cc:375) Log-like per frame for utterance 103-1241-0024 is -8.87083 over 1587 frames.
103-1241-0025 BUT WITHIN AN EASY TO IMAGINE THIS IS DEAD DISCOVERS THE DISCOVERY THAT 
LOG (gmm-latgen-faster[5.5.668~1493-53c4b]:DecodeUtteranceLatticeFaster():decoder-wrappers.cc:375) Log-like per frame for utterance 103-1241-0025 is -8.90522 over 481 frames.
103-1241-0026 INTERRUPTED HIM OF THE SANDY POOL OF THEIR SORROWS OF THE IMAGINATION IN SOME FOR JUSTINIAN OFFICE OF INDUSTRY AND SEER FANATIC THINGS ABOUT THEM 
LOG (gmm-latgen-faster[5.5.668~1493-53c4b]:DecodeUtteranceLatticeFaster():decoder-wrappers.cc:375) Log-like per frame for utterance 103-1241-0026 is -8.57628 over 1099 frames.
103-1241-0027 WITH A SORT AWAITED HER COMING THITHER IN THE SECRET PLAID SUIT OF THE FIRST ADVICE AND SLIGHTLY TO FRIGHTEN HIM THAT DIGNIFIED AND DECIDE IN HIS TIME AND A DISASTROUS OFFEND AND EQUITABLE I VISITED THE REVERSE 
LOG (gmm-latgen-faster[5.5.668~1493-53c4b]:DecodeUtteranceLatticeFaster():decoder-wrappers.cc:375) Log-like per frame for utterance 103-1241-0027 is -8.75614 over 1486 frames.
103-1241-0028 I DO NOT ONE ASKED ADVICE UNPROFITABLE TO MY ILLNESS WITH THIS THAT HIS COMPANIONS OF TALKING PARTLY BECAUSE ELIZABETH AND PARTLY BECAUSE THEY HAD REACHED THE BODY OF OUR DUTIES ENTERED INTO THE BEVERAGE WOULD FIGHT AGAINST THE GIRL FELL 
LOG (gmm-latgen-faster[5.5.668~1493-53c4b]:DecodeUtteranceLatticeFaster():decoder-wrappers.cc:375) Log-like per frame for utterance 103-1241-0028 is -8.78283 over 1554 frames.
103-1241-0029 THE ROAD GOT UP WITH TRUMPETS AND EVEN TO THE SOFT SOIL THAT THE BANKS THINGS WITH A MONDAY MARCH EIGHTEEN THIRTY MIGHT BIRCHES POSSIBLE FEET OF THEIR HANDS OF THE JOB WITHOUT HADN'T BROKE OUT OF RED CLOUD TOM THE PRESIDENT DECIDED THE BODY 
LOG (gmm-latgen-faster[5.5.668~1493-53c4b]:DecodeUtteranceLatticeFaster():decoder-wrappers.cc:375) Log-like per frame for utterance 103-1241-0029 is -8.74412 over 1529 frames.
103-1241-0030 TEASING THE BEAUTIFUL BUT THAT SHE NEVER BY PAUL WHICH MAY SEEM TO THINK THAT SHE AS MORTAL EYES NOW SAID THE EYEBROWS OF COURSE APPLIED FOR A WHITE ONE OF THE MOST BEFORE 
LOG (gmm-latgen-faster[5.5.668~1493-53c4b]:DecodeUtteranceLatticeFaster():decoder-wrappers.cc:375) Log-like per frame for utterance 103-1241-0030 is -8.61881 over 1545 frames.
103-1241-0031 CAN EVER SEE MY BACK IN AN ATMOSPHERE I NEVER NEVER EXPECTED THE BRIGHT MYSELF AND THE HOLY KNOW THE LATTER MIGHT MARRY BE PROMISING WERE BEFORE MISSIONARY I SUPPOSE FORMATION I MIGHT BE VERY PARTICULAR 
LOG (gmm-latgen-faster[5.5.668~1493-53c4b]:DecodeUtteranceLatticeFaster():decoder-wrappers.cc:375) Log-like per frame for utterance 103-1241-0031 is -8.88611 over 1308 frames.
103-1241-0032 I DO HER PERSON HAS QUITE AS AN ABYSS WHY HE SAID UNIVERSITY PRESS GIVES THE PRIVY PURSE AND I HAVE HAD A GRIEVOUS SMILE OF A MEMBER OF COURSE OF COURSE OF FREIGHT WITHIN AN END 
LOG (gmm-latgen-faster[5.5.668~1493-53c4b]:DecodeUtteranceLatticeFaster():decoder-wrappers.cc:375) Log-like per frame for utterance 103-1241-0032 is -8.79667 over 1399 frames.
103-1241-0033 I CAN IMAGINE AND EXPLOITS THE THIS MORNING ONE OF THE SIGHT WHENEVER SOCIAL BECAUSE I DO WHAT IS HARD LIVES DRESS ALL THE OFFICES WITH ANDY NO CONNECTION HAS NOTHING DEGRADED THREE HUNDRED YARDS AVIDITY TO THE FIRE SAID THE PERSONALITY BUSIED HIMSELF 
LOG (gmm-latgen-faster[5.5.668~1493-53c4b]:DecodeUtteranceLatticeFaster():decoder-wrappers.cc:375) Log-like per frame for utterance 103-1241-0033 is -8.93157 over 1573 frames.
103-1241-0034 BUT WHATEVER THE DESIRE TO THE COUNSELLORS HAD BEEN SEEN MANY COMMITTING A FATHER'S EVERYBODY MUST BE THE COMMUNITY THE IDEAS WHAT WE CAN IMAGINE HOW THE MOST BEAUTIFUL PALE BLUE SURPRISE BECAUSE OF YOUR DANCING YOU MIGHT SUMMON TO SOMETHING BEFORE 
LOG (gmm-latgen-faster[5.5.668~1493-53c4b]:DecodeUtteranceLatticeFaster():decoder-wrappers.cc:375) Log-like per frame for utterance 103-1241-0034 is -8.85564 over 1689 frames.
103-1241-0035 AND IT HAD OFTEN RESEMBLING THINGS LITTLE WATCHING TO BLOSSOM THOSE UNFORTUNATE QUITE AWAY THEN I VIOLATED TO THE YALU ON THE NIGHT THE ATTITUDE OF THE SECOND MOTIVE THE BOAT AND WAS HIS STANDARD AUTHORS GENERAL USE 
LOG (gmm-latgen-faster[5.5.668~1493-53c4b]:DecodeUtteranceLatticeFaster():decoder-wrappers.cc:375) Log-like per frame for utterance 103-1241-0035 is -8.81924 over 1553 frames.
103-1241-0036 SHE SAID HE HAD CONTRIVED TO SAY WHAT DOES HE HAD FOLLOWED FOR SHE SAID SHE NEVER SAW THAT THE NEW CARD OUT OF THE SCATTERED THROUGH THINGS HE SAID THE MERCY AND IMPOLITIC REGARDED ITSELF AMONG OTHERS TO BE SEEN ANOTHER OF THE DIVIDING KNOW WHETHER I NEVER HAVE ANOTHER OF CHARITY 
LOG (gmm-latgen-faster[5.5.668~1493-53c4b]:DecodeUtteranceLatticeFaster():decoder-wrappers.cc:375) Log-like per frame for utterance 103-1241-0036 is -9.03083 over 1555 frames.
103-1241-0037 ARE BERYL ON WITH CHARITY FOR HIM TO THESE ISLANDS OF THE LEAST PRETENDS OF AUTHORITY AND SO GLAD LITTLE AHEAD OF ALL RETURNED FRANZ I RETIRED TO PRESTISSIMO WELL 
LOG (gmm-latgen-faster[5.5.668~1493-53c4b]:DecodeUtteranceLatticeFaster():decoder-wrappers.cc:375) Log-like per frame for utterance 103-1241-0037 is -8.88623 over 1276 frames.
103-1241-0038 HE SAID THAT NOTWITHSTANDING HER BUT I NEVER EXPECTED OF LIGHT OF THE RIVAL WITH THEIR IMAGINATIONS CONTRIBUTED IT IS THE PRODUCE A FINAL AMONG THEM INTO THE PRIMITIVE CHARTER AND ENTREATIES AND FRANCE HAS GRASPED ASSISTANT WELL MADAME 
LOG (gmm-latgen-faster[5.5.668~1493-53c4b]:DecodeUtteranceLatticeFaster():decoder-wrappers.cc:375) Log-like per frame for utterance 103-1241-0038 is -8.89707 over 1492 frames.
103-1241-0039 AND SHE FITTED HIM DELIVER THE SAKE OF ASKING HIM ON CHRISTIANS HIS ANCESTOR ASKED ALREADY I SUPPOSE I HAVE TO BE CORNELIE DIVINE THE BOTTOMS THE GRASS CHRISTIANS FAMILY AS THEY APPROACHED AND WEPT NOW I CANNOT SPARE YOU 
LOG (gmm-latgen-faster[5.5.668~1493-53c4b]:DecodeUtteranceLatticeFaster():decoder-wrappers.cc:375) Log-like per frame for utterance 103-1241-0039 is -8.7246 over 1612 frames.
103-1241-0040 THAT IN A SOFA IMAGINATION THAN WHAT THEN THE MULTITUDE MUCH PEOPLE ARE STORING I DO WHATEVER I DIDN'T KNOCK IF HE SAYS ON TOP AND HALF HOUR MAY HAVE MY MIND LITTLE POLITICAL THAT YOU 
LOG (gmm-latgen-faster[5.5.668~1493-53c4b]:DecodeUtteranceLatticeFaster():decoder-wrappers.cc:375) Log-like per frame for utterance 103-1241-0040 is -8.75853 over 1377 frames.
103-1241-0041 BUT ENJOYING THEMSELVES BY NO STRIFE THOSE WHO ON TOP OF PEOPLE WHEN THEY WERE WILLING TO THE COMMON SOUTH AND AN UNEXPECTED SEE THAT THEY SAID THAT HE NEVER EXPECTED OF HIS SIGHT THE POLITICAL WOMAN WITH AN AWFUL CONSCIENCE BERYL ALL SORTS 
LOG (gmm-latgen-faster[5.5.668~1493-53c4b]:DecodeUtteranceLatticeFaster():decoder-wrappers.cc:375) Log-like per frame for utterance 103-1241-0041 is -8.9006 over 1575 frames.
103-1241-0042 HE DID HE SAID THE WAY TO HAVE US I'LL LENGTHEN TIMIDLY THE SIDEWISE GLANCES OF EXPECTED OF ALMA MATER MOUTHFULS EVENT IT IS A WORD THAT WAS THE AT ANY TROUBLE WELL PRESERVED GIRL BUT THIS ROPE WHICH IS VERY DIFFERENT 
LOG (gmm-latgen-faster[5.5.668~1493-53c4b]:DecodeUtteranceLatticeFaster():decoder-wrappers.cc:375) Log-like per frame for utterance 103-1241-0042 is -8.77679 over 1430 frames.
103-1241-0043 AND ALTHOUGH HE FOUND ANOTHER DIFFICULT FOR A SORT ARE JUST SEE THE PRESERVERS OF MENTAL PROCESSES 
LOG (gmm-latgen-faster[5.5.668~1493-53c4b]:DecodeUtteranceLatticeFaster():decoder-wrappers.cc:375) Log-like per frame for utterance 103-1241-0043 is -8.974 over 571 frames.
89-218-0000 CHAPTER TWENTY ONE MOMENT CLASSES NOT SATISFY HER UNINTERPRETED WAS VERY CAN LIVE AMONG WHICH HENRY HAD ENDEAVORED TO MINE HAVE AN EXCEPTION OF US BY NO MEANS UNREASONABLY OBLIGED AGAIN HE HAD A TAPESTRY OR COAL PITS 
LOG (gmm-latgen-faster[5.5.668~1493-53c4b]:DecodeUtteranceLatticeFaster():decoder-wrappers.cc:375) Log-like per frame for utterance 89-218-0000 is -8.34253 over 1571 frames.
89-218-0001 THE WATER PAPER THAT FLOWS CREDITED CONTINUED ROMANIANUS PERFECTLY GIVEN A SUDDEN RENEWAL OF THE FURNITURE DO NOT ONLY THIS PASSION WITH HANDSOME UNCOMFORTABLE AND FERRETING IN ALL TOGETHER FOR FOOD AND CHEERFUL 
LOG (gmm-latgen-faster[5.5.668~1493-53c4b]:DecodeUtteranceLatticeFaster():decoder-wrappers.cc:375) Log-like per frame for utterance 89-218-0001 is -8.4185 over 1468 frames.
89-218-0002 HEARD SAVE HIS REASONS WHY SHE RESOLVED TO IS NO TIME IN PARTICULAR EXAMINATION OF ANYTHING SHE GREATLY TRADES ABIDING GENERAL BY NATIVE LAND 
LOG (gmm-latgen-faster[5.5.668~1493-53c4b]:DecodeUtteranceLatticeFaster():decoder-wrappers.cc:375) Log-like per frame for utterance 89-218-0002 is -8.36132 over 1044 frames.
89-218-0003 AND SHE WAS PREPARED TO ANYONE LIVING PACKET WHICH SHE SEEMED TO CONVEY HER DECLAMATION AND ENTICE HIM HE FELT A MOMENT I JUST STANDING IN THE PRINCESS WAS FINED FIVE MONTHS DECIDED TO DISTORT 
LOG (gmm-latgen-faster[5.5.668~1493-53c4b]:DecodeUtteranceLatticeFaster():decoder-wrappers.cc:375) Log-like per frame for utterance 89-218-0003 is -8.52456 over 1443 frames.
89-218-0004 THE FORGETTING ANYTHING ELSE HE STOOD GAZING AN EMOTION SLENDER BODIES WAS CONCERNED 
LOG (gmm-latgen-faster[5.5.668~1493-53c4b]:DecodeUtteranceLatticeFaster():decoder-wrappers.cc:375) Log-like per frame for utterance 89-218-0004 is -8.33748 over 627 frames.
89-218-0005 WHICH FITTED TO HIS YOUTH INTO THE ANSWER ME I'LL COME TO PASS THE WAY DELICATELY ANTIPATHY TO BUY T WIFE'S DEATH INTO THE EVENING I CAN NIP OVER HE ADVANCED IN EXAMINING CLOSELY 
LOG (gmm-latgen-faster[5.5.668~1493-53c4b]:DecodeUtteranceLatticeFaster():decoder-wrappers.cc:375) Log-like per frame for utterance 89-218-0005 is -8.22689 over 1451 frames.
89-218-0006 HE WAS SEATED CARELESSLY INLAID WITH UNDER HER VOICE EMBRACE THE BENEFIT FROM THE GROUND BREAKFAST AND THE SAME BLOCK THIS OVER THE COMMISSION AGE 
LOG (gmm-latgen-faster[5.5.668~1493-53c4b]:DecodeUtteranceLatticeFaster():decoder-wrappers.cc:375) Log-like per frame for utterance 89-218-0006 is -8.36428 over 1039 frames.
89-218-0007 BROKE IN THE HOUSE THE NATURE MADE BY SOME STRANGE VIOLENCE AND LISTEN TO GIVE IT WAS A MYSTERIOUS I FOR HIM SAINT PAUL HAVING BEEN TO REPENT HAVING WITHOUT A DISTINGUISHED ANYTHING SOMETHING SHE COULD NOT BEEN WITH EVERY DIRECTION SHE TOOK IT 
LOG (gmm-latgen-faster[5.5.668~1493-53c4b]:DecodeUtteranceLatticeFaster():decoder-wrappers.cc:375) Log-like per frame for utterance 89-218-0007 is -8.40361 over 1584 frames.
89-218-0008 BUT THE INNOCENT INDEED SHE AND YET THEY SHOULD BE ANYTHING ELSE OF THE HOUSE WAS A CIRCUMSTANCE CHERRIES IN COLD GREAT ASTONISHMENT NOT A VEIL A GUESS I'VE A STRANGER THIS HAVE FALLEN INTO THE TO THE FAMILY THE FEARFUL CURIOSITY 
LOG (gmm-latgen-faster[5.5.668~1493-53c4b]:DecodeUtteranceLatticeFaster():decoder-wrappers.cc:375) Log-like per frame for utterance 89-218-0008 is -8.50349 over 1535 frames.
89-218-0009 WAS IN EVERY MORNING RUNNING GREATER AND SEIZING WITH TREMBLING HAVE THE HOUSE OF WALK SHE RESOLVED NO HORSES SATISFYING MYSELF AT LEAST AS TO ITS CONTENTS WITH DIFFICULTIES FOR SOMETHING SEEMED TO RESIST EFFORTS SHE PLEASED WITH A FEW INCHES 
LOG (gmm-latgen-faster[5.5.668~1493-53c4b]:DecodeUtteranceLatticeFaster():decoder-wrappers.cc:375) Log-like per frame for utterance 89-218-0009 is -8.40615 over 1613 frames.
89-218-0010 BUT DARLINT SAID NOTHING BUT TO CONVEY HER STRENGTH CONTROL PANEL HE CLOSED THE MODERN TIMES IS BUILT HAVING TREATED MISSUS CONEY SNAKE SAID AND CONSISTED IN THE SUNDAY SORDID AND THE HOUSE IN THE LADY SISTER 
LOG (gmm-latgen-faster[5.5.668~1493-53c4b]:DecodeUtteranceLatticeFaster():decoder-wrappers.cc:375) Log-like per frame for utterance 89-218-0010 is -8.41487 over 1528 frames.
89-218-0011 AND FOR SATISFIED FROM HIS DESIRE TO PENETRATE HIS HISTORY TO PERCEIVE ITS WITHOUT FURTHER DELAY THE PROMISES AT LENGTH HE THOUGHT IT WAS SO THAT OF THE LARGEST WELL CALCULATED TO SUBLIME AND SHE DID NOT LEAST A MOMENT UPON THE SECOND STEP 
LOG (gmm-latgen-faster[5.5.668~1493-53c4b]:DecodeUtteranceLatticeFaster():decoder-wrappers.cc:375) Log-like per frame for utterance 89-218-0011 is -8.51602 over 1584 frames.
89-218-0012 SHE COULDN'T REMAIN ANY CITIZEN JACKS AT LENGTH HER HANDS THE TWILIGHT INTO HER GOWN IT WILL IT SEEMS TO YOU HE FINISHED THAT THE IMPATIENCE OF CURIOSITY MY SAFELY BE INVOLVED 
LOG (gmm-latgen-faster[5.5.668~1493-53c4b]:DecodeUtteranceLatticeFaster():decoder-wrappers.cc:375) Log-like per frame for utterance 89-218-0012 is -8.5583 over 1145 frames.
89-218-0013 AND SAID AS THEY SHOULD BE THE SESSION OF A STRAIN THAT THE MESSENGER BOY SAT CROUCHED MEANS OF THE MILITIA BE THROWN OUT WITH THIS THE RUSHES AND FORK AND CONFIDENCE DID NOT SEEN FOR YEARS AMID THE FRATERNITY WILL THANK YOU TO HER SO ANXIOUS 
LOG (gmm-latgen-faster[5.5.668~1493-53c4b]:DecodeUtteranceLatticeFaster():decoder-wrappers.cc:375) Log-like per frame for utterance 89-218-0013 is -8.55444 over 1556 frames.
89-218-0014 AND GOVERN ADVISES ENOUGH HAVING HOWEVER FOR SOME OF AN ABSURD EXPECTATION WAS THE NET ADDITION BEING CAUGHT IN SO I WILL SEARCH 
LOG (gmm-latgen-faster[5.5.668~1493-53c4b]:DecodeUtteranceLatticeFaster():decoder-wrappers.cc:375) Log-like per frame for utterance 89-218-0014 is -8.32171 over 905 frames.
89-218-0015 SAID MISTER MURRY IS HAD PREVIOUSLY PRESENTED WITH A CLASS 
LOG (gmm-latgen-faster[5.5.668~1493-53c4b]:DecodeUtteranceLatticeFaster():decoder-wrappers.cc:375) Log-like per frame for utterance 89-218-0015 is -8.31653 over 410 frames.
89-218-0016 HAVING HAD LEISURE SPEECH THE WEST LOOKING TIRED OUT EVERY WISE HIS WISHES WAS A BAR OF DESPATCH WHISTLING JULIUS IF YOU THE LATE IN HEAVEN ABOVE THE LAND HOUSES TOGETHER A NARROW LINE OF HOLY UNBOUNDED 
LOG (gmm-latgen-faster[5.5.668~1493-53c4b]:DecodeUtteranceLatticeFaster():decoder-wrappers.cc:375) Log-like per frame for utterance 89-218-0016 is -8.44861 over 1476 frames.
89-218-0017 THE GENERAL TO USE THE SAME TIME IN HIS WATCHING HIS HAND AND HAVING A VERY ABUSIVE AND ENDANGERING LOVE NO VIOLENT HORROR AGAINST THE AUTHORITY OF TIME GETTING CAUGHT AND TREMBLED IN THE EXCESSIVE RICHES THE 
LOG (gmm-latgen-faster[5.5.668~1493-53c4b]:DecodeUtteranceLatticeFaster():decoder-wrappers.cc:375) Log-like per frame for utterance 89-218-0017 is -8.43585 over 1423 frames.
89-218-0018 AND SAT TELEGRAPH WIRES NEVER SUITED TO SEND FOR HIS CHILDREN AND TO SINGLE TAX AND GENERAL RECOVERED HIS CLYDE SAYS HE LIFTED HER SON THE SERVICE HAS ALWAYS THOUGHT OF HIS OWN FLESH WE HEARD ENOUGH REFERENCE 
LOG (gmm-latgen-faster[5.5.668~1493-53c4b]:DecodeUtteranceLatticeFaster():decoder-wrappers.cc:375) Log-like per frame for utterance 89-218-0018 is -8.561 over 1356 frames.
89-218-0019 WAS POSSIBLE IT OUT OF WRATH IN PEACE WHEN IT WAS NOT LEAST OCCASION FOR HER IN THE WORLD 
LOG (gmm-latgen-faster[5.5.668~1493-53c4b]:DecodeUtteranceLatticeFaster():decoder-wrappers.cc:375) Log-like per frame for utterance 89-218-0019 is -8.56187 over 596 frames.
89-218-0020 TO THEIR HAD PRECEDED THAT IT CIVIL WAR GENERAL SERVICE IN SMILES AND BEGAN TO DROWN THE STEWARD WHAT HE'S THE DINING ROOM INTO THE ROOM 
LOG (gmm-latgen-faster[5.5.668~1493-53c4b]:DecodeUtteranceLatticeFaster():decoder-wrappers.cc:375) Log-like per frame for utterance 89-218-0020 is -8.4245 over 959 frames.
89-218-0021 AND THITHER IN STYLE OF LUXURIES EXPENSE WITH A SMALL CLOSET IN BRACKETS I CAN'T RUN HERSELF WITH DISTANCE ASSISTED NUMBER OF THEIR CONCURRENCE OF THE FOR SHE SUPPLY OF REVELATION OF THE GENERAL OTHER GRACIOUS COUNTENANCE 
LOG (gmm-latgen-faster[5.5.668~1493-53c4b]:DecodeUtteranceLatticeFaster():decoder-wrappers.cc:375) Log-like per frame for utterance 89-218-0021 is -8.44485 over 1478 frames.
89-218-0022 THAT ELLISON WAS BY NO MEANS HILLSIDES FOR AN INFERNO CONFESSED THAT THOSE WHOSE AFFECTIONS OF TAXES MOST PEOPLE INTO THE CATERPILLAR TIMIDLY THE DREAM DISTORTION NECESSARY SUPPLY HE SUPPOSED FOREVER 
LOG (gmm-latgen-faster[5.5.668~1493-53c4b]:DecodeUtteranceLatticeFaster():decoder-wrappers.cc:375) Log-like per frame for utterance 89-218-0022 is -8.58747 over 1305 frames.
89-218-0023 BUT IMITATING US TOO MUCH BETTER SIZE APARTMENT OF MISTER OUNCE WELL INDEED WAS PATRICIUS SHIRTS MISREPRESENTING TURTLES ON ONE OF HIS LIFE AND SHE NEVER SEEN SOME AND UTTERANCES OF HER LIFE 
LOG (gmm-latgen-faster[5.5.668~1493-53c4b]:DecodeUtteranceLatticeFaster():decoder-wrappers.cc:375) Log-like per frame for utterance 89-218-0023 is -8.47149 over 1476 frames.
89-218-0024 THE GENERAL HIS HEARING THIS WISE HE HAD SUCH ROPES INTO THE SUPPLY TO MAKE USE OF THEM 
LOG (gmm-latgen-faster[5.5.668~1493-53c4b]:DecodeUtteranceLatticeFaster():decoder-wrappers.cc:375) Log-like per frame for utterance 89-218-0024 is -8.47567 over 668 frames.
89-218-0025 MISTER TAPPAN'S HOUSE HE WOULD SHORT MUST BE EXACTLY OF THE TRUE SIZE OF ACTUAL HAPPINESS THE EVENING HAVE WITHOUT ANY FURTHER DISTURBANCE IN EIGHTEEN ACCOUNTANT GENERAL TO ME WITH MUCH FOR THAT CHEERFUL ASKED 
LOG (gmm-latgen-faster[5.5.668~1493-53c4b]:DecodeUtteranceLatticeFaster():decoder-wrappers.cc:375) Log-like per frame for utterance 89-218-0025 is -8.51191 over 1356 frames.
89-218-0026 HE WAS ONLY IN HIS PRESENCE BUT HALF INVOLVES COST EVEN ENTERTAIN ANY MAN AND HUMAN SLAVERY STRAIGHT A CERTAIN GENERAL HAPPINESS HAD DRIVEN BACK SHADED INTO HER FRIENDS NOW WITHOUT MILITIA BE WITH THE NEXT MORNING 
LOG (gmm-latgen-faster[5.5.668~1493-53c4b]:DecodeUtteranceLatticeFaster():decoder-wrappers.cc:375) Log-like per frame for utterance 89-218-0026 is -8.39842 over 1606 frames.
89-218-0027 WHEN GIVEN RISE AT INTERVALS BLASTED BY THE TIME UP HERE UPON THE BLUE AND REVIVAL A CONFERENCE ACROSS THE HALL THE SENTIMENT OF THE SOLICITATIONS OF ALL THE MACHINERY EVERYDAY TRAFFIC ALREADY JIGGLING THE CLOUDS THE SUN FURY AND STUMBLE ON 
LOG (gmm-latgen-faster[5.5.668~1493-53c4b]:DecodeUtteranceLatticeFaster():decoder-wrappers.cc:375) Log-like per frame for utterance 89-218-0027 is -8.46442 over 1639 frames.
89-218-0028 YES MISTER CHARACTERISTICS AS THE BLACK HAIR COLLECTION OF HOLES FOR I THE DREADFUL SITUATION THE ONE SEEMS TO SUCH DELICACY BUT THIS DEFENCE CONCENTRATED 
LOG (gmm-latgen-faster[5.5.668~1493-53c4b]:DecodeUtteranceLatticeFaster():decoder-wrappers.cc:375) Log-like per frame for utterance 89-218-0028 is -8.46699 over 1159 frames.
89-218-0029 ALAS HARDLY THESE CHANGES THE WHOLE THE CIRCUMSTANCES CHANNING BRANCHES OF THE MOST SOLID SAID NOTHING DRIVEN THE GREATEST ADVANTAGE OF ENDOWMENTS 
LOG (gmm-latgen-faster[5.5.668~1493-53c4b]:DecodeUtteranceLatticeFaster():decoder-wrappers.cc:375) Log-like per frame for utterance 89-218-0029 is -8.43792 over 977 frames.
89-218-0030 INDEED SAY ANYTHING GOING TO HIM HE TOLD THEM BORING YOURSELF WRETCHED SO BLINDED SHE COULD HAPPEN AGAIN TO EXTORT SUFFERED AND I GO TO HAVE BECOME ESSENTIALLY AS IF THEY HAD BEEN HER OWN CHAMBER REFLECTION 
LOG (gmm-latgen-faster[5.5.668~1493-53c4b]:DecodeUtteranceLatticeFaster():decoder-wrappers.cc:375) Log-like per frame for utterance 89-218-0030 is -8.59383 over 1343 frames.
89-218-0031 SHE WAS UNABLE ESPECIALLY AND PERCEIVING THAT IS TOO SLOWLY TO DO SO HAD CAPTURED THE ROOM OF THE CAULDRON PLACED UPON HER SPIRIT ALREADY VISITED BY THE CHEERFUL BLAZE THE WOOD FIRE 
LOG (gmm-latgen-faster[5.5.668~1493-53c4b]:DecodeUtteranceLatticeFaster():decoder-wrappers.cc:375) Log-like per frame for utterance 89-218-0031 is -8.52531 over 1191 frames.
89-218-0032 SO MANY PORTRAITS GIVEN LIKE STUDIO AND ENDOWED WITH A FULL SUFFERINGS WHEN A CONTINUAL FIRING HOLDING OUT AND I THINK IT WOULD INDUCE VAGUENESS OF ALL IN PLACES I DO NOT KNOW THEY SET ASIDE THIS 
LOG (gmm-latgen-faster[5.5.668~1493-53c4b]:DecodeUtteranceLatticeFaster():decoder-wrappers.cc:375) Log-like per frame for utterance 89-218-0032 is -8.55184 over 1577 frames.
89-218-0033 I CONFESS IT MUST ARRANGE THAT NO DIVISIONS OF NOTHING TO LIVE WHEN SHE LOOKED ROUND HIM RUN THEM INTO CONSIDERATION 
LOG (gmm-latgen-faster[5.5.668~1493-53c4b]:DecodeUtteranceLatticeFaster():decoder-wrappers.cc:375) Log-like per frame for utterance 89-218-0033 is -8.18573 over 1053 frames.
89-218-0034 ALAS THE OLD CHANCE SHE TURNED AWAY HIS EXAMINATION WAS NO FANCY IS JUST ON THE CAUSE A SERIES OF THE NIGHT ALL FANCY THE DEVELOPMENT OF THE DIFFERENCE TO HERSELF AGAIN SHE SHOULD TAKE IT HAS SHOWN HIMSELF 
LOG (gmm-latgen-faster[5.5.668~1493-53c4b]:DecodeUtteranceLatticeFaster():decoder-wrappers.cc:375) Log-like per frame for utterance 89-218-0034 is -8.4043 over 1538 frames.
89-218-0035 AS SHE WISH FOR THE PROTECTION OF LIKE THAT SHE LOOKED INTO THE FATHER FOR DIED AWAY AND HAVING HAD EXTENDED A SORT OF AN HOUR EVERY CHANCE WAS BEGINNING TO THINK SAID THE DEAD ONE OF THE DEPARTING GLANCING DOWN THE ROOM 
LOG (gmm-latgen-faster[5.5.668~1493-53c4b]:DecodeUtteranceLatticeFaster():decoder-wrappers.cc:375) Log-like per frame for utterance 89-218-0035 is -8.53899 over 1449 frames.
89-218-0036 SHOULD STOP BY THE APPEARANCE VIOLENT PASSION FOR COMING IN WHICH THOUGH HIS SITUATION PASSING HIMSELF IN HER COUNTENANCE BEFORE HIM THESE WORDS THIS SECTION THE AGONY HAVE ANY EXISTENCE THE PRESERVATION OF FRANCE 
LOG (gmm-latgen-faster[5.5.668~1493-53c4b]:DecodeUtteranceLatticeFaster():decoder-wrappers.cc:375) Log-like per frame for utterance 89-218-0036 is -8.47796 over 1503 frames.
89-218-0037 IMMEDIATELY AFTER PASSING ANIMATED THE NOTHING THE MEANING HE WAS SOMETHING WHIMSICAL IMPLICITLY THEN A REMARKABLE FOR INSTANCE FITTED TO CAVIL AND ECSTASY THE CAVALIER KNEELS AUDACITY HAD BEEN IN GOLD 
LOG (gmm-latgen-faster[5.5.668~1493-53c4b]:DecodeUtteranceLatticeFaster():decoder-wrappers.cc:375) Log-like per frame for utterance 89-218-0037 is -8.33258 over 1568 frames.
89-218-0038 THE DOMESTIC AN OPINION I'D HAVE HAS DESCRIBED AS SHE HAS HAPPENED OH HE'LL HAVE I WAS THE FACT OF GOLD THE HEELS IN GEORGE SHE HAD A STRANGE FANTASY TO BEGIN TO KNOW HELEN ROSE THE SMALLEST EXPECTATION FINDING ANYTHING 
LOG (gmm-latgen-faster[5.5.668~1493-53c4b]:DecodeUtteranceLatticeFaster():decoder-wrappers.cc:375) Log-like per frame for utterance 89-218-0038 is -8.45703 over 1589 frames.
89-218-0039 WHO WAS A VERY OFTEN WERE HAVING SPENT IN SHORT SHE COULD NOT SLEEP TO SEE HER KNEES AND IN SUPPRESSING THE CAVALCADE CARTHAGE WHERE SHE SEES THE SCENE OF A CHANCE AND HAD TURNED THE EXISTING PROMISE FRANK 
LOG (gmm-latgen-faster[5.5.668~1493-53c4b]:DecodeUtteranceLatticeFaster():decoder-wrappers.cc:375) Log-like per frame for utterance 89-218-0039 is -8.36298 over 1513 frames.
89-218-0040 ALONE DID NOT STRANGE TO TRY TO THE WAY OF LIFE THEN GENTLY ITSELF SUCCESSFUL THE HISTORY FROM SERIOUS TO US TO THE MOVABLE TO CAUSE HIM TO BREAKFAST WONDER 
LOG (gmm-latgen-faster[5.5.668~1493-53c4b]:DecodeUtteranceLatticeFaster():decoder-wrappers.cc:375) Log-like per frame for utterance 89-218-0040 is -8.32853 over 1342 frames.
89-218-0041 THE WINDOW REDEMPTION A THE BRAIN PEKIN CARTS AGAINST THE WINDOW IN EVERYTHING SEEMED TO SEE THE DOUBTFULNESS OF HIS SITUATION 
LOG (gmm-latgen-faster[5.5.668~1493-53c4b]:DecodeUtteranceLatticeFaster():decoder-wrappers.cc:375) Log-like per frame for utterance 89-218-0041 is -8.30901 over 835 frames.
89-218-0042 TO RETIRED TO BEAR HOWEVER BEEN SATISFIED THAT IF WE WERE BEING SINCE WE MUST BE IMPOSSIBLE TO CRITICISM OF HABIT IT'S A MYSTERIOUS CLOSE UNDER THE VICINITY AGAIN THEREFORE SHE FIND YOURSELF TO BE SEEN 
LOG (gmm-latgen-faster[5.5.668~1493-53c4b]:DecodeUtteranceLatticeFaster():decoder-wrappers.cc:375) Log-like per frame for utterance 89-218-0042 is -8.43803 over 1337 frames.
89-218-0043 AND AFTER MOVING IN THE EVERY POSSIBLE WITH SOME INSISTED UPON ITS MANY FRUITLESS EFFORT TO DO SADLY LITTLER AND HER HEART ME CAPACITY VISITED THE TREE 
LOG (gmm-latgen-faster[5.5.668~1493-53c4b]:DecodeUtteranceLatticeFaster():decoder-wrappers.cc:375) Log-like per frame for utterance 89-218-0043 is -8.50809 over 1167 frames.
89-218-0044 IT HADN'T RUN UP IN EACH FALLING BELOW THE SECOND THE SECRET FORMIDABLE TO THIS WONDERFUL CONCEPTION OF WAS GOING ON HER I CANNOT SAY ANYTHING UNUSUAL AND OUTRAGE SOLDIERS CARRYING HIM WITH SLEDGE IT WAS IMPOSSIBLE OF THEM AN INNOCENT 
LOG (gmm-latgen-faster[5.5.668~1493-53c4b]:DecodeUtteranceLatticeFaster():decoder-wrappers.cc:375) Log-like per frame for utterance 89-218-0044 is -8.47401 over 1558 frames.
89-218-0045 A SMALL DOOR THERE IS ALSO BLOCKADE HE SECURED IT ALL OF ARABIA HAD BEATEN TROOPS HAD HIS HEART BECAME THE CREATION OF THE HEM OF THE CHIEF OF I HOPE IN MY STREAMING CURIOSITY 
LOG (gmm-latgen-faster[5.5.668~1493-53c4b]:DecodeUtteranceLatticeFaster():decoder-wrappers.cc:375) Log-like per frame for utterance 89-218-0045 is -8.35233 over 1471 frames.
89-218-0046 THE FINGERS AS THE HANDLE THE DOOR AND JERRY FOR IT WAS ENTIRELY IN THE WITNESS LIVED IN THE TURKEY CREEK AS SHE SEES THE SECOND OF THEIR THE FOURTH INCHES HE CALMLY BENDING NOT ONE MISCHIEVOUS AGE 
LOG (gmm-latgen-faster[5.5.668~1493-53c4b]:DecodeUtteranceLatticeFaster():decoder-wrappers.cc:375) Log-like per frame for utterance 89-218-0046 is -8.16554 over 1492 frames.
89-218-0047 I MAY NOT ONE OF ANYTHING FOUND FOR TEN YARDS TO SEE THE TREASURY THE POSSIBILITY OF ALL SMILES TO THE CHRISTIAN HOUSEKEEPER IT WITHOUT DOUBT REACHED THE ANXIOUS TO DO SOMETHING THAT REASON ALONE REMAINED AT ONCE MORE THAN THAT SHE HAD 
LOG (gmm-latgen-faster[5.5.668~1493-53c4b]:DecodeUtteranceLatticeFaster():decoder-wrappers.cc:375) Log-like per frame for utterance 89-218-0047 is -8.28424 over 1668 frames.
89-218-0048 OR CAPSIZED NOW WITHOUT NO DEEPER CORRUPTION AND DIVERTED FROM THE CAFE DE APPARENTLY FOR CONCEALMENT AND THE FEELINGS OF BALDUR INDESCRIBABLE HER FATHER HE RESEMBLED THE CHEEKS OF PALE 
LOG (gmm-latgen-faster[5.5.668~1493-53c4b]:DecodeUtteranceLatticeFaster():decoder-wrappers.cc:375) Log-like per frame for utterance 89-218-0048 is -8.44721 over 1465 frames.
89-218-0049 SHE SEES THE SOUTHERN CITY AND TO PURCHASE MINISTER 
LOG (gmm-latgen-faster[5.5.668~1493-53c4b]:DecodeUtteranceLatticeFaster():decoder-wrappers.cc:375) Log-like per frame for utterance 89-218-0049 is -8.19476 over 396 frames.
89-218-0050 THE MORE SELF KNOWLEDGE THAT AWFUL SENSATIONS A STRIKING FACE OF INVITATION WITH HENRY HAD FORETOLD IS ON INSULATORS EVERY NIGHT BEFORE SHE CONTRAST TO THE SUPPLY HE CONTINUED MADE HER TURN TO THE LINE 
LOG (gmm-latgen-faster[5.5.668~1493-53c4b]:DecodeUtteranceLatticeFaster():decoder-wrappers.cc:375) Log-like per frame for utterance 89-218-0050 is -8.47328 over 1395 frames.
89-218-0051 THE MAN COULD NOT HAD EXCITED WERE OFF WITHOUT HAVING PERFUME RISES MOTIONS FOR IT WAS GOING TO FLEE THE ADVENT EXCITED WITHIN THE WHOLE DAY'S HUNTING GROUNDS FOR HIS IMPLACABLE IN THE MOVABLE FROM THE THRONE 
LOG (gmm-latgen-faster[5.5.668~1493-53c4b]:DecodeUtteranceLatticeFaster():decoder-wrappers.cc:375) Log-like per frame for utterance 89-218-0051 is -8.2189 over 1566 frames.
89-218-0052 THE VIOLIN THUS GIVEN RISE IN THE SUN FURY AND FRESH HORROR TO A MOMENT HAD THE TEMPLE FOR HIM TO FLOAT ENTERPRISE WHICH SUCCEEDED THE SOUTH EXCEEDING FOOTSTEPS OF EXPOSING OF THE CHESTNUT COLOR 
LOG (gmm-latgen-faster[5.5.668~1493-53c4b]:DecodeUtteranceLatticeFaster():decoder-wrappers.cc:375) Log-like per frame for utterance 89-218-0052 is -8.13619 over 1455 frames.
89-218-0053 STUCK HER FOR A FIGURE HUMAN NATURE COULD AFFORD NO MORE DIFFICULT QUESTION FOREHEAD THE MANY STIFF OVERHEAD A GROUP OF WHICH THE BADGER HISTORIAN THE SACKS OF SUSPICION AGONY BY KEEPING FOR SUNDAY CLOTHES 
LOG (gmm-latgen-faster[5.5.668~1493-53c4b]:DecodeUtteranceLatticeFaster():decoder-wrappers.cc:375) Log-like per frame for utterance 89-218-0053 is -8.20915 over 1540 frames.
89-218-0054 TOOK THE SIZES MAY THEN I SHOULD DOUBTLESS THE UNHAPPY AND THE QUESTION OF THE CURIOSITY SUGGEST THE LAKE AND INFUSED EVERYWHERE SOUL'S AGITATION THE PULSES THE FACILITY IMPOSSIBLE THE STORM TO BRIDE SO PLENTIFUL 
LOG (gmm-latgen-faster[5.5.668~1493-53c4b]:DecodeUtteranceLatticeFaster():decoder-wrappers.cc:375) Log-like per frame for utterance 89-218-0054 is -8.30898 over 1527 frames.
89-218-0055 SHE HAD NOT BEEN USED TO LIVE WIND BUT NOW EVERY GLASS IN PART AWFUL INTELLIGENCE ANALYSIS ONE OF THE FOWLS WONDERFUL A CONFESSION WHY INSPIRATION CLOSET TO BE ACCOUNTED FOR PAPA DAY'S HUNTING 
LOG (gmm-latgen-faster[5.5.668~1493-53c4b]:DecodeUtteranceLatticeFaster():decoder-wrappers.cc:375) Log-like per frame for utterance 89-218-0055 is -8.48004 over 1396 frames.
89-218-0056 ONLY MEANS TO CONVINCE YOU CONCEAL HER SO HUMAN THE STRANGE TO HIS FOREHEAD HER NOT DISCOVER THE TESTY AND LABOR SERVICES OF ITS CONTENTS WHOEVER SHE HAD NOT TO REPOSE COMFORT THEM WITH SIGNS FIRST RAYS SHE WAS DETERMINED TO PRESENT 
LOG (gmm-latgen-faster[5.5.668~1493-53c4b]:DecodeUtteranceLatticeFaster():decoder-wrappers.cc:375) Log-like per frame for utterance 89-218-0056 is -8.35574 over 1722 frames.
89-218-0057 AS IF HE TURNED TO SOME MISADVENTURE CLEVEREST PEOPLE AND OUR A BOY THE MOST OF LOVES CHOOSE AND SOUNDEST INFLUENCE 
LOG (gmm-latgen-faster[5.5.668~1493-53c4b]:DecodeUtteranceLatticeFaster():decoder-wrappers.cc:375) Log-like per frame for utterance 89-218-0057 is -8.26804 over 948 frames.
89-219-0000 INSIDIOUSLY THE CONSCIOUSNESS IN EXISTENCE RETURN TO REFLECTION THE MAN'S PRAYER CAN THRILL TO BED AND ORNAMENTED THE NEXT ANYWAY HE EITHER NEGLECTED EVERY SAID SHAKING HER STOOL FORMED THE GROUND AND FLEW THAT AN ANGEL AND SHAVE THE RESULT OF POLAND 
LOG (gmm-latgen-faster[5.5.668~1493-53c4b]:DecodeUtteranceLatticeFaster():decoder-wrappers.cc:375) Log-like per frame for utterance 89-219-0000 is -8.52628 over 1669 frames.
89-219-0001 SHE NOTHING LESS PORTION OF SOME EXCITED ANNOUNCEMENT OF THE LIFE OF THE GENERALITY OF WHICH SHE SHUT IN EVERY BOX FOR THE VOTES AND CONSISTED TIME IN SMALL DISJOINTED CHEEKS WAS ALTOGETHER OF TRIFLING SIZE 
LOG (gmm-latgen-faster[5.5.668~1493-53c4b]:DecodeUtteranceLatticeFaster():decoder-wrappers.cc:375) Log-like per frame for utterance 89-219-0001 is -8.46123 over 1356 frames.
89-219-0002 THE MUCH LESS THAN SHE IS VISITED THE FIRST HUNGRY I GLANCED RAPIDLY FOR A PAGE SHE STOOD GAZING WHY COULDN'T IMPOSSIBLE WOULD NOT SATISFY HER THOUGHTS AND INTIMATELY OF LONDON 
LOG (gmm-latgen-faster[5.5.668~1493-53c4b]:DecodeUtteranceLatticeFaster():decoder-wrappers.cc:375) Log-like per frame for utterance 89-219-0002 is -8.21706 over 1423 frames.
89-219-0003 IN COURSE MODERN CHARACTER IS SEEN ALL WAS BEFORE HER OF THE ADVENT EXCITED SPEECH ANSWERED THE WHOLE WASHING BUILT HER HANDS SHE SEES TENDED SHEEP AS OF THE SAME ARTICLES IN COMMEMORATION OF THEIR BEFORE THE FIFTH PRESENTED NOTHING OF 
LOG (gmm-latgen-faster[5.5.668~1493-53c4b]:DecodeUtteranceLatticeFaster():decoder-wrappers.cc:375) Log-like per frame for utterance 89-219-0003 is -8.31096 over 1601 frames.
89-219-0004 JUST STOCKINGS COMBAT WITH HIS THE STREAM TEACH TO UNDERSTAND THAT THE SAME HAVE MARKED WITH THE EXCESSIVE RICHES THING IN THE LOOSE HAIR POWER SHE SPRANG A BREECHES ALL ADMONISHING 
LOG (gmm-latgen-faster[5.5.668~1493-53c4b]:DecodeUtteranceLatticeFaster():decoder-wrappers.cc:375) Log-like per frame for utterance 89-219-0004 is -8.27794 over 1394 frames.
89-219-0005 TO SUPPOSE THE MANUSCRIPT OF MANY GENERATIONS ACTIVITY AND STARED YOUR CHRISTIAN THAN SO MODERN SEBASTOPOL 
LOG (gmm-latgen-faster[5.5.668~1493-53c4b]:DecodeUtteranceLatticeFaster():decoder-wrappers.cc:375) Log-like per frame for utterance 89-219-0005 is -8.53004 over 772 frames.
89-219-0006 HAD NOT HAVE IT APPEARED SO EXACTLY TO THE ABUSES OF OF REVENGE AS SHE SHOULD NEVER FELT THE SMALLEST CURIOSITY BUT AT THIS IS BEYOND RECOVERY THE VICARAGE IMPATIENT GREETED THESE EVIL EVIDENCES OF HER FOR A VISIT SLIPPERS INSTEAD OF DEATH 
LOG (gmm-latgen-faster[5.5.668~1493-53c4b]:DecodeUtteranceLatticeFaster():decoder-wrappers.cc:375) Log-like per frame for utterance 89-219-0006 is -8.51795 over 1645 frames.
89-219-0007 FOR SHE COULD NOW MENTIONED PERFIDY IS ENOUGH TO SHOW ME SOMETHING SPIRITS AND SHE DID ALSO THE FLATTERING SUGGESTIONS RATHER THAN TO THE POSSIBILITY OF US HAVING BEEN FOR SOME LOVED 
LOG (gmm-latgen-faster[5.5.668~1493-53c4b]:DecodeUtteranceLatticeFaster():decoder-wrappers.cc:375) Log-like per frame for utterance 89-219-0007 is -8.35959 over 1213 frames.
89-219-0008 AND YET BEEN ABLE TO ANNOUNCE THE VOTED 
LOG (gmm-latgen-faster[5.5.668~1493-53c4b]:DecodeUtteranceLatticeFaster():decoder-wrappers.cc:375) Log-like per frame for utterance 89-219-0008 is -8.69393 over 254 frames.
89-219-0009 OH HOW MUCH FLUNG WIDE ENOUGH TO HE HAVING DESIGNED TO GET RID OF THE SUBJECT 
LOG (gmm-latgen-faster[5.5.668~1493-53c4b]:DecodeUtteranceLatticeFaster():decoder-wrappers.cc:375) Log-like per frame for utterance 89-219-0009 is -8.27932 over 513 frames.
89-219-0010 AND TELL US BY ACCIDENT ARGUMENTS 
LOG (gmm-latgen-faster[5.5.668~1493-53c4b]:DecodeUtteranceLatticeFaster():decoder-wrappers.cc:375) Log-like per frame for utterance 89-219-0010 is -8.21253 over 314 frames.
89-219-0011 THAT MEANS OF GIVING NEW AND LOVERS AND CONTINUED TO WITH THE FREE EXERCISE THE NEW ONE OF THE BITING ANIMAL OF HIGH SOMETHING YET THE DOMESTIC TO GUILDHALL DESCENDING ONCE AS WE MAY TIME COME TO LOVE OF ROOMS 
LOG (gmm-latgen-faster[5.5.668~1493-53c4b]:DecodeUtteranceLatticeFaster():decoder-wrappers.cc:375) Log-like per frame for utterance 89-219-0011 is -8.40398 over 1357 frames.
89-219-0012 I DO NOT WANT ANY SUCCEEDED IN THE OUTLINES OF TALKING AND REFRESH AS WITH ME 
LOG (gmm-latgen-faster[5.5.668~1493-53c4b]:DecodeUtteranceLatticeFaster():decoder-wrappers.cc:375) Log-like per frame for utterance 89-219-0012 is -8.50982 over 701 frames.
89-219-0013 MAMMA SAYS I ENACTED WITHIN 
LOG (gmm-latgen-faster[5.5.668~1493-53c4b]:DecodeUtteranceLatticeFaster():decoder-wrappers.cc:375) Log-like per frame for utterance 89-219-0013 is -8.10163 over 232 frames.
89-219-0014 THEN YOU'LL HOLD OF THE ARRANGEMENT OF NOTHING AND TEACHERS ON HIS DISPOSITION OF A YOUNG LADIES OF REDRESSING AS CONSISTING OF LOVE OF ABSORPTION HAD TO SAVE THE INVESTMENT IMITATING US ABOUT IT IS THE GENERAL 
LOG (gmm-latgen-faster[5.5.668~1493-53c4b]:DecodeUtteranceLatticeFaster():decoder-wrappers.cc:375) Log-like per frame for utterance 89-219-0014 is -8.33803 over 1387 frames.
89-219-0015 HIS SMILING COUNTENANCE A HOUSEHOLD THE STATE OF MIND THAT IS GENTLY INTO SYMPATHETIC OR DEVISING DID NOT ADVANCED COMPOSURE IN THE AGAINST THE BREAKFAST EMPHASIS OF HYPOTHESIS AND A RECEIVING THE TABLE AND SAID THE HEAD IN GENERAL SIZE 
LOG (gmm-latgen-faster[5.5.668~1493-53c4b]:DecodeUtteranceLatticeFaster():decoder-wrappers.cc:375) Log-like per frame for utterance 89-219-0015 is -8.53629 over 1541 frames.
89-219-0016 USE ANCIENTLY BY AN OBSERVATION OF HIS TASTE NECESSITATING RESPONSIBLE FOR MY TO ENCOURAGE THE MANUFACTURED CENTURY AFTER HIS FACULTIES AND GRAVEL PATH LED BUT HE WAS AS WELL PRESERVED HIS FORTUNE 
LOG (gmm-latgen-faster[5.5.668~1493-53c4b]:DecodeUtteranceLatticeFaster():decoder-wrappers.cc:375) Log-like per frame for utterance 89-219-0016 is -8.60356 over 1352 frames.
89-219-0017 IT WAS DELIVERED AN OPPORTUNITY BY THEIR LONG PAST LET HIM WHAT DO NOT FOR HIMSELF HAVE EXPLAINED THE ONLY ONE OF A PRETTY THEY DID NOT UNDERSTAND HIM 
LOG (gmm-latgen-faster[5.5.668~1493-53c4b]:DecodeUtteranceLatticeFaster():decoder-wrappers.cc:375) Log-like per frame for utterance 89-219-0017 is -8.39087 over 1065 frames.
89-219-0018 SHALL AFTER BREAKFAST UNTIL THE QUESTION WHAT IS JUSTIFIED WOULD SINK INTO EVERY DAY IF THEY LIFTED HIM HOLDS THE MOUNTAINS WAS IMMEDIATELY ENRICHING THE BREAKFAST IN CAN'T YOU WANT TO GO TO HOLD OF HITTING ABOVE THE PRINCE OF HIS FINGER 
LOG (gmm-latgen-faster[5.5.668~1493-53c4b]:DecodeUtteranceLatticeFaster():decoder-wrappers.cc:375) Log-like per frame for utterance 89-219-0018 is -8.46175 over 1580 frames.
89-219-0019 OBSERVED A GENTLEMAN WAS IN A FUSS OVER HERE SAID HE TOOK PLACE HAS HAPPENED TO SEE WHAT SECURITY INFIRMITIES AND SO THAT IS THE BLAZING REGARDED PLACES BUSINESS MAN 
LOG (gmm-latgen-faster[5.5.668~1493-53c4b]:DecodeUtteranceLatticeFaster():decoder-wrappers.cc:375) Log-like per frame for utterance 89-219-0019 is -8.26585 over 1537 frames.
89-219-0020 I THINK OF THE KNOWLEDGE LIKE THE MOST OF COURSE LIVE ON THE NEIGHBORING NATIONS THOUGH HOUSES ALONG BY MEADOWS HIS SENSE OF PEACE WITH AN EXCELLENT KITCHEN GARDEN SAY THAT SECT 
LOG (gmm-latgen-faster[5.5.668~1493-53c4b]:DecodeUtteranceLatticeFaster():decoder-wrappers.cc:375) Log-like per frame for utterance 89-219-0020 is -8.5433 over 1170 frames.
89-219-0021 THE MAUSOLEUM OF WHICH I DON'T STOP MYSELF ABOUT TEN YEARS AGO FIND BENEFIT OF MY SON IT IS THE LIVING THIS MOMENT AN APPROPRIATE HIS GOOD SHAKING MY OWN THE DAILY TIMES A CONDITION NOT INVOLVED 
LOG (gmm-latgen-faster[5.5.668~1493-53c4b]:DecodeUtteranceLatticeFaster():decoder-wrappers.cc:375) Log-like per frame for utterance 89-219-0021 is -8.54578 over 1467 frames.
89-219-0022 BELIEVING COVE CASTLE GARDENS OF A HUMAN OCCUPIED A FULL OF FEROCITY SCENE ON THAT WOULD ONLY TO YOUNGER CHILDREN I SHOULD BE VERY PROFESSION NECESSARY FOR HIM TO SETTLE A THE COMMONS WILL RECALL WISHING THIS NATION EVERY TIME BUSINESS 
LOG (gmm-latgen-faster[5.5.668~1493-53c4b]:DecodeUtteranceLatticeFaster():decoder-wrappers.cc:375) Log-like per frame for utterance 89-219-0022 is -8.64301 over 1578 frames.
89-219-0023 BUT THOUGH I MAY NOT EXACTLY MAY CONVERT THE YOUNG LADIES ON SHORE NO FATHER IS MORE THAN ONE INGREDIENT IN THE EXPEDIENT TO GIVE OF THE YOUNG MAN'S INFORMANT THE MONEY IS NOT A GAZE ON AN OBJECT OF WOMEN TIS NOTHING 
LOG (gmm-latgen-faster[5.5.668~1493-53c4b]:DecodeUtteranceLatticeFaster():decoder-wrappers.cc:375) Log-like per frame for utterance 89-219-0023 is -8.7011 over 1451 frames.
89-219-0024 AS HIS AFFECTION IN THOSE IN FACT THIS MASTER DAVID WAS ABLE TO HIS WISHES THE SIRENS THAT THEY RETURNED TO THE COMMONS CIVIL SUPERINTENDENCE OF THE EVENING BEFORE CREATION OF THE HOUSE OF THE DOCTOR HIMSELF THE SECOND OCCUR 
LOG (gmm-latgen-faster[5.5.668~1493-53c4b]:DecodeUtteranceLatticeFaster():decoder-wrappers.cc:375) Log-like per frame for utterance 89-219-0024 is -8.40556 over 1563 frames.
89-219-0025 AND HOW HE HAD HOPED TO DISPLAY THE CONTINUALLY BY HIS DAUGHTER THE VISITOR WAS LEFT HIM AND HAPPINESS HIMSELF UNDER ANY CIRCUMSTANCES NOT NEGLECTING SOMETHING 
LOG (gmm-latgen-faster[5.5.668~1493-53c4b]:DecodeUtteranceLatticeFaster():decoder-wrappers.cc:375) Log-like per frame for utterance 89-219-0025 is -8.63171 over 1004 frames.
89-219-0026 HE SEEMED ONLY A FEW STRINGS COMMANDING BOX JUST LIKE A DAY JULY FOURTH WAS CLOSE TO JOIN PLACE AND SHE WAS READY TO EAT AND ONE MOMENT 
LOG (gmm-latgen-faster[5.5.668~1493-53c4b]:DecodeUtteranceLatticeFaster():decoder-wrappers.cc:375) Log-like per frame for utterance 89-219-0026 is -8.49355 over 972 frames.
89-219-0027 THE PLEASURE UPON THE NAME HER ENGLISH AND RAISING COTTON SUGAR SEE HER ACQUIESCENCE THE MARQUIS OSSOLI YOUR OF POACHERS MAKE THE SISTERS OBJECT 
LOG (gmm-latgen-faster[5.5.668~1493-53c4b]:DecodeUtteranceLatticeFaster():decoder-wrappers.cc:375) Log-like per frame for utterance 89-219-0027 is -8.44245 over 1043 frames.
89-219-0028 ONLY WITHOUT HIS EPHEMERAL AND DESCENDED HIDEOUS AND HE WAS THEIR GRAVES CONTINUANCE OF WHICH WOULD SHE FAIR FOR HE WAS THE LETTER SERVICE 
LOG (gmm-latgen-faster[5.5.668~1493-53c4b]:DecodeUtteranceLatticeFaster():decoder-wrappers.cc:375) Log-like per frame for utterance 89-219-0028 is -8.59756 over 926 frames.
89-219-0029 HE YIELDED ANTICIPATING WHAT FISHES KEPT HIDDEN IN A MOMENT OF THE ROOM AND HOP AWAY DISAPPOINTED INTO SPACE THE GODS THE DIFFERENT HONESTY HE SHE BECAME ON THOSE GAMES IS INDIGNATION AGAINST THE IDEA OF TEASING HER 
LOG (gmm-latgen-faster[5.5.668~1493-53c4b]:DecodeUtteranceLatticeFaster():decoder-wrappers.cc:375) Log-like per frame for utterance 89-219-0029 is -8.55881 over 1533 frames.
89-219-0030 CANTON DID NOT EXACTLY THE HOUSES SHOULD BE UNDERSTOOD WHILST THE STONY NIGHTS CANADIAN THE WILLINGNESS AND GENERAL SIDE SHIVERED IN THE ABBEY IN THE POLES HIS OWN 
LOG (gmm-latgen-faster[5.5.668~1493-53c4b]:DecodeUtteranceLatticeFaster():decoder-wrappers.cc:375) Log-like per frame for utterance 89-219-0030 is -8.43178 over 1165 frames.
89-219-0031 NEVER FOUNDED A MIST SHROUDED SO IT WAS A DEGREE FOR THE KING 
LOG (gmm-latgen-faster[5.5.668~1493-53c4b]:DecodeUtteranceLatticeFaster():decoder-wrappers.cc:375) Log-like per frame for utterance 89-219-0031 is -8.31421 over 462 frames.
89-219-0032 IF HE HAD NOTHING INDEED BUT NOW SHE SHOULD NOT KNOW WHAT WAS PICTURESQUE WISHES OR EIGHTH CENTURY WAS THE HIPPOPOTAMUS OUT OF OF HER BODY AND HE SHOULD THANK YOU SO CLEVERLY ON HER EXPECTATION OF THE BADGER OF THE HAPPY 
LOG (gmm-latgen-faster[5.5.668~1493-53c4b]:DecodeUtteranceLatticeFaster():decoder-wrappers.cc:375) Log-like per frame for utterance 89-219-0032 is -8.46735 over 1514 frames.
89-219-0033 AS SHE SIGHED THE FIRST ANIMAL ON THE WHOLE MOVEMENT WITH A LARGE POINT INSISTED UPON HEARING ON REACHING CLAVICHORD ITS STOOD FORTH ADMIRATION THE MEN WHO SHOVELLED BY NO FACILITIES OF LUXURIES AND PATIENCE 
LOG (gmm-latgen-faster[5.5.668~1493-53c4b]:DecodeUtteranceLatticeFaster():decoder-wrappers.cc:375) Log-like per frame for utterance 89-219-0033 is -8.37217 over 1514 frames.
89-219-0034 AND SEE WE HELPED AS BEHIND AND SHELTERED THE BEAUTIFUL TEETH UNDERNEATH THE VIVID CONCRETE WITH NOTHING TO HEALTH AND INFUSED INTO MY ASSISTANT THAT WITHOUT WAITING FOR ANYBODY REPARATION ONLY BURST FORTH THE MODERN WRAITH 
LOG (gmm-latgen-faster[5.5.668~1493-53c4b]:DecodeUtteranceLatticeFaster():decoder-wrappers.cc:375) Log-like per frame for utterance 89-219-0034 is -8.45773 over 1517 frames.
89-219-0035 THE GENERAL THING THE DISSENTING GRAVITY AND SCENES OF HIS OWN DESTINATION I AM HUNGRY AND ITS COMMANDER 
LOG (gmm-latgen-faster[5.5.668~1493-53c4b]:DecodeUtteranceLatticeFaster():decoder-wrappers.cc:375) Log-like per frame for utterance 89-219-0035 is -8.40966 over 784 frames.
89-219-0036 INDEED TRANSLATED ACROSS A SMALL WOULD NEVER BEEN UNDERTAKEN SITTING IN THE SLIGHTNESS OF HIS CAVERN COULD NOT LISTEN TO THE PARTS MAY BE ANOINTED CALMLY SITTING ON SOME THOUSANDS WHOSE MOTIVE FOR HIS IMPENDING DANGER AND WORSHIP 
LOG (gmm-latgen-faster[5.5.668~1493-53c4b]:DecodeUtteranceLatticeFaster():decoder-wrappers.cc:375) Log-like per frame for utterance 89-219-0036 is -8.51818 over 1484 frames.
89-219-0037 THE WALL SIMPLETON ENTERED INTO DISMAY OF THE RIGID HA HA CEASING TO RISE AMONG THEM THE OLD IRISH THE WATER WITHIN THE ENCLOSURE THE GENERAL SLIDING I WHO WAS SURPRISED CHAUVELIN ALMOST AS TRULY 
LOG (gmm-latgen-faster[5.5.668~1493-53c4b]:DecodeUtteranceLatticeFaster():decoder-wrappers.cc:375) Log-like per frame for utterance 89-219-0037 is -8.5047 over 1346 frames.
89-219-0038 AS EASY FORCED TONE IT WORSE THAN SHE NEVER SEEN A GUARD AT ALL REPULSIVE THAN BEFORE 
LOG (gmm-latgen-faster[5.5.668~1493-53c4b]:DecodeUtteranceLatticeFaster():decoder-wrappers.cc:375) Log-like per frame for utterance 89-219-0038 is -8.43425 over 581 frames.
89-219-0039 WITHOUT ANY ADDITION AFTER HIMSELF AGAINST VISITED BY THE DEADLY DANGER THE UNRIVALLED OF THE KINGDOM IF HE HAD HARMLESS THE WAS THAT FEW LOADED IN THE PALACE IN A FAMOUS MAN IS TEACHING YOU PUT FORTH 
LOG (gmm-latgen-faster[5.5.668~1493-53c4b]:DecodeUtteranceLatticeFaster():decoder-wrappers.cc:375) Log-like per frame for utterance 89-219-0039 is -8.34771 over 1548 frames.
89-219-0040 FOR HE WAS PROVINCIALS AND ITS NAME OF GREAT VEXATIONS HOWEVER TO DISCOVER MISSUS 
LOG (gmm-latgen-faster[5.5.668~1493-53c4b]:DecodeUtteranceLatticeFaster():decoder-wrappers.cc:375) Log-like per frame for utterance 89-219-0040 is -8.44477 over 664 frames.
89-219-0041 WITH TIME TO SMILE OF SELF SATISFACTION THE GENERALITY THAT THE THE SAME 
LOG (gmm-latgen-faster[5.5.668~1493-53c4b]:DecodeUtteranceLatticeFaster():decoder-wrappers.cc:375) Log-like per frame for utterance 89-219-0041 is -8.32213 over 503 frames.
89-219-0042 BY A SOLUTION OF HIS HEAD OH MONSIEUR OUR CITY HOUSES WERE DISCRIMINATION HIS OWN AS THEY HAD GIVEN THE STRONGHOLD OF A SMALL FARM HOUSE THIS IS SELDOM HE SACRIFICE IN WINTER AND INSPIRING MOUNTAIN 
LOG (gmm-latgen-faster[5.5.668~1493-53c4b]:DecodeUtteranceLatticeFaster():decoder-wrappers.cc:375) Log-like per frame for utterance 89-219-0042 is -8.35015 over 1626 frames.
89-219-0043 HE'S HAPPY IN HER FOR THE GENERAL OF THEM UP A VERY HAPPY CONTENT AND IGNORANCE OF THE INVASION AMATEUR AND RAN THROUGH FALSE ISSUES CARLINI RAISED A WANDERING 
LOG (gmm-latgen-faster[5.5.668~1493-53c4b]:DecodeUtteranceLatticeFaster():decoder-wrappers.cc:375) Log-like per frame for utterance 89-219-0043 is -8.24646 over 1242 frames.
89-219-0044 HE SAT IN THE GIRL'S AN ECSTACY AS THEY HAD DARTED OVER AND THEN EXPRESSING HIS WISH TO SCIENTIFIC HISTORY SAID ALTERATION OF THE HOUSE HAS DEVISED LIFE OF EXTINCTION THE WALL IT IS MORE THAN ONE HOT IRON 
LOG (gmm-latgen-faster[5.5.668~1493-53c4b]:DecodeUtteranceLatticeFaster():decoder-wrappers.cc:375) Log-like per frame for utterance 89-219-0044 is -8.65582 over 1337 frames.
89-219-0045 GO WHERE YOU CALL A LITTLE WHILE THE CHEESE THE WHOLE TENOR POSTULATE IS MORE LOVELY AND WENT OUT THE SLAVES ACROSS THE PART 
LOG (gmm-latgen-faster[5.5.668~1493-53c4b]:DecodeUtteranceLatticeFaster():decoder-wrappers.cc:375) Log-like per frame for utterance 89-219-0045 is -8.54281 over 847 frames.
89-219-0046 FOR THYSEL THE BELLERS INTO THE DESTINY AS WELL 
LOG (gmm-latgen-faster[5.5.668~1493-53c4b]:DecodeUtteranceLatticeFaster():decoder-wrappers.cc:375) Log-like per frame for utterance 89-219-0046 is -8.46363 over 347 frames.
89-219-0047 THE WONDER WHY DIDN'T HAVE TRUTH THAT PROVOKED AT FIRST AND COTTON STOOD WHITE SLAVERY AS THE ANTIQUE CABINET THEY COULD NOT EVEN BY THE GENERAL SPITS NAVIGATION THE HALF SOBBING LIKE 
LOG (gmm-latgen-faster[5.5.668~1493-53c4b]:DecodeUtteranceLatticeFaster():decoder-wrappers.cc:375) Log-like per frame for utterance 89-219-0047 is -8.38364 over 1302 frames.
89-219-0048 HE RECEIVED YOUR APPROBATION BUT HAVING ENTERED THE PEOPLE IN VAIN WAS TO FLIGHT THEY THREW THEIR OPPOSITION EXISTENCE OF HER FOR COMING IN THE WILLOWS AM NOT A CHEERFUL FOR THE MEN WHOM HE DIVINED HER THOUGHTS BEGAN LIFE 
LOG (gmm-latgen-faster[5.5.668~1493-53c4b]:DecodeUtteranceLatticeFaster():decoder-wrappers.cc:375) Log-like per frame for utterance 89-219-0048 is -8.27102 over 1581 frames.
89-219-0049 OF ADMISSION TO FIND HIM TO STAIRS DURING THE THE SEPARATION 
LOG (gmm-latgen-faster[5.5.668~1493-53c4b]:DecodeUtteranceLatticeFaster():decoder-wrappers.cc:375) Log-like per frame for utterance 89-219-0049 is -8.46758 over 403 frames.
89-219-0050 AND SURVEYING JERRY AS HE BEGAN TO TALK WITH THESE GAYETY AND LIFE MELANCHOLY WHICH SUCH A GROUP OF SIGHT AWAITED ME AND STOP FOR HIS COMPANION WOULD FIND IT WAS MONICA'S WAY TO WALK 
LOG (gmm-latgen-faster[5.5.668~1493-53c4b]:DecodeUtteranceLatticeFaster():decoder-wrappers.cc:375) Log-like per frame for utterance 89-219-0050 is -8.25204 over 1394 frames.
89-219-0051 HAVING HAD NEVER PRINCES TO BE MENTIONED IN THE FAMILY BEFORE ANYTHING JUST SIGNED BY TO STAND REMEMBRANCE SHOOT SO DIRECTLY IN HER OUT OF CONFIDENCE IN EACH HAND BEFORE SUFFICIENTLY FOR SOMETHING WHY 
LOG (gmm-latgen-faster[5.5.668~1493-53c4b]:DecodeUtteranceLatticeFaster():decoder-wrappers.cc:375) Log-like per frame for utterance 89-219-0051 is -8.5025 over 1254 frames.
89-219-0052 AND POWER THOUGH I NEVER LOVED THEM AS I HAVE THE DISTANCE AND THAT ENERGY THAT'S A WONDER HER CHOICE A HUNDRED YEARS OF HAVE ADOPTED NO DIFFICULTY IN TILLING THE RECEIVER HAD THINNED INTO GENERAL AN OPEN 
LOG (gmm-latgen-faster[5.5.668~1493-53c4b]:DecodeUtteranceLatticeFaster():decoder-wrappers.cc:375) Log-like per frame for utterance 89-219-0052 is -8.29498 over 1584 frames.
89-219-0053 MISTER THE CONTINUOUS AND HE VENTURED TO SAY TO DEATH OF SERVING MAID IN FICTION GREAT INCREASING ON THE IDEA THROUGH THE VOICE 
LOG (gmm-latgen-faster[5.5.668~1493-53c4b]:DecodeUtteranceLatticeFaster():decoder-wrappers.cc:375) Log-like per frame for utterance 89-219-0053 is -8.18733 over 1072 frames.
89-219-0054 I RESUMED THAT IN THE ATHENAEUM DELIGHTFUL WAS THE MAN'S SOUL IS LESS THAN ELOQUENCE FEELING I DID NOT COULD NOT AN OVAL OLIVE IT WAS TO START FROM THE MAN WITH GREAT FIRMNESS 
LOG (gmm-latgen-faster[5.5.668~1493-53c4b]:DecodeUtteranceLatticeFaster():decoder-wrappers.cc:375) Log-like per frame for utterance 89-219-0054 is -8.35144 over 1289 frames.
89-219-0055 MADAME DE VILLEFORT A MOMENT WITH INCREASING FRIEND 
LOG (gmm-latgen-faster[5.5.668~1493-53c4b]:DecodeUtteranceLatticeFaster():decoder-wrappers.cc:375) Log-like per frame for utterance 89-219-0055 is -8.39629 over 423 frames.
89-219-0056 THIS CONNECTION A WOMAN WAS HE HAS SHOWN WAS VERY PICTURE FOR ANYBODY 
LOG (gmm-latgen-faster[5.5.668~1493-53c4b]:DecodeUtteranceLatticeFaster():decoder-wrappers.cc:375) Log-like per frame for utterance 89-219-0056 is -8.58591 over 497 frames.
89-219-0057 WITH OFFENDED AT THE SPIRITS THE QUESTIONS NOW WITHIN A WORD FOR THE FIRST THEY RECEIVED EVERY FORMATIVE 
LOG (gmm-latgen-faster[5.5.668~1493-53c4b]:DecodeUtteranceLatticeFaster():decoder-wrappers.cc:375) Log-like per frame for utterance 89-219-0057 is -8.26885 over 767 frames.
89-219-0058 HE HAD SAID CONSTANCE TOUCHING THE COST OR HARICOTS IN HUNTING ACCORDING TO THE MOST INDEFINITE TIME IN MY FATHER WAS SATISFIED WITH WAITING FOR SOME TIME AHEAD THEIR EYES 
LOG (gmm-latgen-faster[5.5.668~1493-53c4b]:DecodeUtteranceLatticeFaster():decoder-wrappers.cc:375) Log-like per frame for utterance 89-219-0058 is -8.41646 over 1291 frames.
89-219-0059 SAID HE ADVOCATED FLYING INTO A WHILE THE CHAMBER 
LOG (gmm-latgen-faster[5.5.668~1493-53c4b]:DecodeUtteranceLatticeFaster():decoder-wrappers.cc:375) Log-like per frame for utterance 89-219-0059 is -8.58465 over 372 frames.
89-219-0060 IT THEN I USE NO MATTER OF LIVING BURY MY FATHER COMFORTED WHY NOT VERY BEEN HASN'T SHE MUST BE TRUTHFUL EQUAL TO HER 
LOG (gmm-latgen-faster[5.5.668~1493-53c4b]:DecodeUtteranceLatticeFaster():decoder-wrappers.cc:375) Log-like per frame for utterance 89-219-0060 is -8.28302 over 976 frames.
89-219-0061 IN SPITE OF ALL HIS ATTENTION AS HE PREVIOUSLY EXCITED AND I HAVE BEEN HER DISLIKE BEFORE WAS NOW ASKED IN THE VIRGIN AGAINST THE PERSIAN HIS CRUELTY TO SUCH CHARMINGLY MADE HIM ODIOUS TO HER 
LOG (gmm-latgen-faster[5.5.668~1493-53c4b]:DecodeUtteranceLatticeFaster():decoder-wrappers.cc:375) Log-like per frame for utterance 89-219-0061 is -8.34887 over 1358 frames.
LOG (apply-cmvn[5.5.668~1493-53c4b]:main():apply-cmvn.cc:162) Applied cepstral mean normalization to 225 utterances, errors on 0
89-219-0062 SHE HAD OFTENEST HEARD HIS CHARACTERS OF HIS DEVOURING IDEAS OF COAL NATURAL OVERGROWN BOY VIEWS PROVE PART OF THE UNTAMED GENIUS OF THIS WAY OF THE AND THAT HAD BEEN DONE DIRECTLY UPON THE GENERAL 
LOG (gmm-latgen-faster[5.5.668~1493-53c4b]:DecodeUtteranceLatticeFaster():decoder-wrappers.cc:375) Log-like per frame for utterance 89-219-0062 is -8.41429 over 1455 frames.
89-219-0063 IN SPITE OF ALL HER VIRTUES INDIGNATION SHE HAD HERSELF AGAIN OBLIGED TO WALK WITH HIM ASSISTED HIM AND EVEN TO SMILE OF HIS MILES BELOW WERE ABLE TO A VIRTUE THESE EVIL HAVE BEEN SURROUNDED OBJECTS SHE SAID HE HAD WON THE ESTATE 
LOG (gmm-latgen-faster[5.5.668~1493-53c4b]:DecodeUtteranceLatticeFaster():decoder-wrappers.cc:375) Log-like per frame for utterance 89-219-0063 is -8.44406 over 1479 frames.
89-219-0064 THE GENERAL RECEDED WITH CONSENT OF THE HOUSE SEEMED TO PREACH FOR FURTHER HE KNEW NOTHING WAS MOST PERSIAN CREATURE EGOTISM URGED HOUSE YOU FOLLOW THEM BEFORE THE TOWER 
LOG (gmm-latgen-faster[5.5.668~1493-53c4b]:DecodeUtteranceLatticeFaster():decoder-wrappers.cc:375) Log-like per frame for utterance 89-219-0064 is -8.38403 over 1089 frames.
LOG (gmm-latgen-faster[5.5.668~1493-53c4b]:main():gmm-latgen-faster.cc:176) Time taken 1926.57s: real-time factor assuming 100 frames/sec is 0.658886
LOG (gmm-latgen-faster[5.5.668~1493-53c4b]:main():gmm-latgen-faster.cc:179) Done 225 utterances, failed for 0
LOG (gmm-latgen-faster[5.5.668~1493-53c4b]:main():gmm-latgen-faster.cc:181) Overall log-likelihood per frame is -8.55418 over 292398 frames.
# Accounting: time=1926 threads=1
# Ended (code 0) at Sat May  9 23:34:23 IST 2020, elapsed time 1926 seconds
