# gmm-latgen-faster --max-active=7000 --beam=13.0 --lattice-beam=6.0 --acoustic-scale=0.083333 --allow-partial=true --word-symbol-table=exp_194102304/tri_8_2000/graph_194102304/words.txt exp_194102304/tri_8_2000/final.mdl exp_194102304/tri_8_2000/graph_194102304/HCLG.fst "ark,s,cs:apply-cmvn  --utt2spk=ark:data/G6/split1/1/utt2spk scp:data/G6/split1/1/cmvn.scp scp:data/G6/split1/1/feats.scp ark:- | add-deltas  ark:- ark:- |" "ark:|gzip -c > exp_194102304/tri_8_2000/decode_194102304/lat.1.gz" 
# Started at Sat May  9 23:35:54 IST 2020
#
gmm-latgen-faster --max-active=7000 --beam=13.0 --lattice-beam=6.0 --acoustic-scale=0.083333 --allow-partial=true --word-symbol-table=exp_194102304/tri_8_2000/graph_194102304/words.txt exp_194102304/tri_8_2000/final.mdl exp_194102304/tri_8_2000/graph_194102304/HCLG.fst 'ark,s,cs:apply-cmvn  --utt2spk=ark:data/G6/split1/1/utt2spk scp:data/G6/split1/1/cmvn.scp scp:data/G6/split1/1/feats.scp ark:- | add-deltas  ark:- ark:- |' 'ark:|gzip -c > exp_194102304/tri_8_2000/decode_194102304/lat.1.gz' 
add-deltas ark:- ark:- 
apply-cmvn --utt2spk=ark:data/G6/split1/1/utt2spk scp:data/G6/split1/1/cmvn.scp scp:data/G6/split1/1/feats.scp ark:- 
103-1240-0000 CHAPTER ONE MISSUS RATE TO HIM TO BE SURPRISED THIS IS READ CHILDREN DID JUST WHERE THE AVENUE THE MAIN WROTE IT DOWN INTO A LITTLE HOLLOW FRINGE TO IT ALL THERE SAID LADY FEW DOTS AND TRAVERSED BY A BOOK 
LOG (gmm-latgen-faster[5.5.668~1493-53c4b]:DecodeUtteranceLatticeFaster():decoder-wrappers.cc:375) Log-like per frame for utterance 103-1240-0000 is -8.30577 over 1407 frames.
103-1240-0001 THAT HAD ITS SOURCE AWAY BACK IN THE WOODS OF THE OLD HALF BIRTH PLACE IT WAS COMPUTED TO BE AN INVADED HEADLONG BROKEN IF THERE ANY OF COURSE THROUGH THIS WOODS WITH DARK SECRETS OF POLAND TASK A BUT BY THE TIME IT REACHED LIMBS HOLLOW IT WAS A QUIET WELL CONDUCTED LITTLE STREAM 
LOG (gmm-latgen-faster[5.5.668~1493-53c4b]:DecodeUtteranceLatticeFaster():decoder-wrappers.cc:375) Log-like per frame for utterance 103-1240-0001 is -8.55414 over 1593 frames.
103-1240-0002 FOR NOT EVEN A BOOK CAN RUN PASSED MISSUS RATTLING STORE WITHOUT DUE REGARD FOR DECENCY AND THE KORAN IT PROBABLY WAS CONSCIOUS THAT MISSUS WHICH WILL WAS SITTING AFTER WINDOW KEEPING A SHARK BY ON EVERYTHING THAT PASSED FROM BROOKS UNTIL THE NOT 
LOG (gmm-latgen-faster[5.5.668~1493-53c4b]:DecodeUtteranceLatticeFaster():decoder-wrappers.cc:375) Log-like per frame for utterance 103-1240-0002 is -8.57271 over 1393 frames.
103-1240-0003 AND THAT IF SHE NOTICED ANYTHING ON OR OUT OF PLACE SHE WOULD NEVER REST UNTIL SHE HAD FARE SET OUT THE WIFE AND WHERE FORCE THEIR OF THEIR PLENTY OF PEOPLE IN HAVING ME AND OUT OF IT WHO CAN ATTEND CLOSELY TO THEIR NEIGHBORS BUSINESS BITING TO NEGLECTING THEM ROUND 
LOG (gmm-latgen-faster[5.5.668~1493-53c4b]:DecodeUtteranceLatticeFaster():decoder-wrappers.cc:375) Log-like per frame for utterance 103-1240-0003 is -8.42859 over 1469 frames.
103-1240-0004 THAT MISSUS WAY TO LINGER WAS ONE OF THIS CAPABLE CREATURES HE COULD MANAGE DON'T CONCERNS AND THOSE OF OTHER THOUGHTS INTO THE BARGAIN SHE WAS A NOTABLE HOUSE WIFE HER WALK WAS ALWAYS BEEN AND WELL THEN SHE RAN OF THE SELLING CIRCLE 
LOG (gmm-latgen-faster[5.5.668~1493-53c4b]:DecodeUtteranceLatticeFaster():decoder-wrappers.cc:375) Log-like per frame for utterance 103-1240-0004 is -8.47994 over 1250 frames.
103-1240-0005 HELP TO RUN THE SUNDAY SCHOOL AND WAS THE STRONGEST CROP OF THE CHURCH EIGHT SOCIETY AND FOR NATIONS AUXILIARY DEATH WITH ALL THIS MISSUS RACIAL FOUND OF LONDON TIMES SIT FOR HOURS OF THE KITCHEN WINDOW MISSING COTTON WOODS QUOTH SHE HAD MADE IT SIXTEEN OF THEM 
LOG (gmm-latgen-faster[5.5.668~1493-53c4b]:DecodeUtteranceLatticeFaster():decoder-wrappers.cc:375) Log-like per frame for utterance 103-1240-0005 is -8.57118 over 1516 frames.
103-1240-0006 AS OUT ON THE HOUSEKEEPER IT WILL WANT TO TELL AN AWED VOICES AND HEEDING A SHARP HIGH ON THE MAIN VOTE THAT CROSSED THE HOLLOW AND ALLOWED UP TO SEE TO READ HILL BEYOND 
LOG (gmm-latgen-faster[5.5.668~1493-53c4b]:DecodeUtteranceLatticeFaster():decoder-wrappers.cc:375) Log-like per frame for utterance 103-1240-0006 is -8.3661 over 956 frames.
103-1240-0007 ANYBODY WHO WENT OUT OF IT BORE INTO IT HAD TO PASS OVER THAT HILL GROUND AND SO MONDAY AND SEEN GOT THAT OF MISSUS RATE TOOLS ALL SEEN I SEE VISITING THEIR ONE AFTERNOON ENTIRELY TO THE SUN WAS COMING IN AT THE WINDOW WARM AND BRIGHT 
LOG (gmm-latgen-faster[5.5.668~1493-53c4b]:DecodeUtteranceLatticeFaster():decoder-wrappers.cc:375) Log-like per frame for utterance 103-1240-0007 is -8.33953 over 1502 frames.
103-1240-0008 THE ORCHARD ON THE SLOW BELOW THE HOUSE WAS IN A BRIDLE FLASH OF KING THE WHITE PLUME FOND OF HER BY A MYRIAD OF THESE THOMAS LAND AND WEEK LITTLE MAN WHOM HEAVEN THE PEOPLE CALLED GREAT BUILDINGS HUSBAND WAS SELLING HIS LATER NEXT THE DOWNHILL FIELDS BEYOND THE BARN 
LOG (gmm-latgen-faster[5.5.668~1493-53c4b]:DecodeUtteranceLatticeFaster():decoder-wrappers.cc:375) Log-like per frame for utterance 103-1240-0008 is -8.38519 over 1542 frames.
103-1240-0009 MISSUS RETOLD KNEW THAT HE OUGHT BECAUSE SHE HAD HEARD HIM TELL PETER MORRIS IN THE EVENING BEFORE BEING WILL BE IN SHAPE LETTERS STORE OVERT COMMITTEE THAT HE MEANT TO SO HE STRUTTED SEE THE NEXT AFTERNOON 
LOG (gmm-latgen-faster[5.5.668~1493-53c4b]:DecodeUtteranceLatticeFaster():decoder-wrappers.cc:375) Log-like per frame for utterance 103-1240-0009 is -8.63973 over 1001 frames.
103-1240-0010 PETER ASKED HIM OF COURSE FROM AT THE PATH BIRD HAD NEVER BEEN HIM TO FALL IN PURE THE NATION ABOUT ANYTHING A NICE OLD LIFE AND YET HE WAS NOT TO COMFORT AND HALF PAST THREE ON THE AFTERNOON OF THE BUSY DAY POSSIBLY DRIVING OVER THE HOLLOW AND OF THE HILL 
LOG (gmm-latgen-faster[5.5.668~1493-53c4b]:DecodeUtteranceLatticeFaster():decoder-wrappers.cc:375) Log-like per frame for utterance 103-1240-0010 is -8.54497 over 1479 frames.
103-1240-0011 AND HIS BEST OF CLOTHES WHICH WAS PLAIN PROOF THAT HE WAS GOING OUT OF THAT ONLY ANY HAD THE IDEA THE SORROW MANNER WHICH THE CHOKING THAT HE WAS DOING A CONSIDERABLE DISTANCES NOW WE ARE WAS NOT YOU CAN BUT GOING AND WHY WITH THE GOING BEAR 
LOG (gmm-latgen-faster[5.5.668~1493-53c4b]:DecodeUtteranceLatticeFaster():decoder-wrappers.cc:375) Log-like per frame for utterance 103-1240-0011 is -8.50171 over 1464 frames.
103-1240-0012 HAVING BEEN ANY OTHER MAD ENOUGH IN THE MISSUS LITTLE DEAF THE PUTTING THIS IN FACT TOGETHER MIGHT HAVE GIVEN A PRETTY GOOD DEATH HAS TO THOSE QUESTIONS AT MASSEY'S SO CLEARLY WENT FROM HOME THAT IT MUST BE SOMETHING PRESSING AND UNUSUAL WHICH WAS TAKING HIM 
LOG (gmm-latgen-faster[5.5.668~1493-53c4b]:DecodeUtteranceLatticeFaster():decoder-wrappers.cc:375) Log-like per frame for utterance 103-1240-0012 is -8.54298 over 1517 frames.
103-1240-0013 HE WAS THE SHYNESS MAN OF LIFE AND HIT IT HALF TO GO AMONG STRANGERS OR TO ANY PLACE WHERE HE MIGHT HAVE TO TALK KNAPP YOU DRESSED UP WITH A WHITE COLLAR AND DRIVING IN A BODY WAS SOMETHING THAT DIDN'T HAVE BEEN OFTEN MISSUS WHICH ALL UNDER A SHE MIGHT COULD MAKE NOTHING OF IT 
LOG (gmm-latgen-faster[5.5.668~1493-53c4b]:DecodeUtteranceLatticeFaster():decoder-wrappers.cc:375) Log-like per frame for utterance 103-1240-0013 is -8.49582 over 1524 frames.
103-1240-0014 AND HER AFTERNOON SEEMED TO HIM AND THUS BOILED ARE JUST STEP OVER THE GREEN GABLES AFTER TEA AND FIND OUT FROM HER LOVE WHERE HE THOUGHT AND LIFE THE WORTHY BEEN IF I MAY CONCLUDE THAT HE DOESN'T GENERALLY THAT ACCOUNT AS TIME UP HERE AND HE NEVER VISIT 
LOG (gmm-latgen-faster[5.5.668~1493-53c4b]:DecodeUtteranceLatticeFaster():decoder-wrappers.cc:375) Log-like per frame for utterance 103-1240-0014 is -8.35513 over 1394 frames.
103-1240-0015 IF YOU RUN AFTER A GOOD SEED HE WOULDN'T ACCEPTED TAKE THE BY THE DUKE OF MORE 
LOG (gmm-latgen-faster[5.5.668~1493-53c4b]:DecodeUtteranceLatticeFaster():decoder-wrappers.cc:375) Log-like per frame for utterance 103-1240-0015 is -8.68869 over 379 frames.
103-1240-0016 THAT SOMETHING MUST IT HAPPENED SINCE LAST NIGHT TO START HIM OFF AND CLEAN CASTLE THAT'S WHAT AN A VOTE ALONE IN ITS PIECE OF MINE HER CONSCIENCE UNTIL I KNOW WHAT HAS TAKEN MASS THE PATH BIRD OUT ABOUT ONLY TO THEY ACCORDINGLY AFTER TEA MISSUS RIGHT TO SET OUT SHE HAD NOT FAR TO GO 
LOG (gmm-latgen-faster[5.5.668~1493-53c4b]:DecodeUtteranceLatticeFaster():decoder-wrappers.cc:375) Log-like per frame for utterance 103-1240-0016 is -8.48812 over 1565 frames.
103-1240-0017 THE BIG RAMBLING COURTED AND OUR HOUSE WHERE THE THEFT BUT SLIPPED WAS A SCAMP QUARTER OF A MILE UP THE VOTE MEANS HOLLOW TO BE SURE THE LONG RAIN MADE IT A GOOD DEAL FOR THE MASS YET KEPT FOR ITS FATHER ASH I INSIGHT INTO THE SUN AFTER AN 
LOG (gmm-latgen-faster[5.5.668~1493-53c4b]:DecodeUtteranceLatticeFaster():decoder-wrappers.cc:375) Log-like per frame for utterance 103-1240-0017 is -8.37487 over 1430 frames.
103-1240-0018 AND GOD IS FAR AWAY AS HE POSSIBLY COULD FROM HIS FELLOW MEN WITHOUT ACTUALLY RETREATING INTO THE WOODS WHAT HE FOUND IT IS WHAT STOOD GREEN GABLES IS BUILT OF THE FOR THE SAID TO THE SPIRIT LAND AND THERE IT WAS TO THIS DAY 
LOG (gmm-latgen-faster[5.5.668~1493-53c4b]:DecodeUtteranceLatticeFaster():decoder-wrappers.cc:375) Log-like per frame for utterance 103-1240-0018 is -8.57028 over 1159 frames.
103-1240-0019 PALELY VISIBLE FROM THE MAIN ROAD ALONG WHICH ALL THE OTHER AT THE THE HOUSES PERSISTENT TO THE SITUATED MISSUS RICHLY AND DID NOT CALL LIVING IN SUCH A PLACE LIVING AT ALL IT'S JUST STATED THAT WHAT SHE SAID A SHE STEPPED ALONG THE DEEP WRETCHED GRASSY LADY 
LOG (gmm-latgen-faster[5.5.668~1493-53c4b]:DecodeUtteranceLatticeFaster():decoder-wrappers.cc:375) Log-like per frame for utterance 103-1240-0019 is -8.45739 over 1539 frames.
103-1240-0020 ORDER THAT WHILE GROWS FISHES ITS NO WONDER MATCH WITH AN ALARM OF THE LITTLE ON LIVING A WAY BACK YOUR BY THEMSELVES TREES NOT MUCH COMPANY THAT YOU KNOWS IF THEY WERE THERE THE ENOUGH OF THEM AND MOTHER THAT THE PEOPLE TO BE SURE 
LOG (gmm-latgen-faster[5.5.668~1493-53c4b]:DecodeUtteranceLatticeFaster():decoder-wrappers.cc:375) Log-like per frame for utterance 103-1240-0020 is -8.41646 over 1340 frames.
103-1240-0021 THEY SEEMED CONTENT ENOUGH BUT THEN I SUPPOSE THE USE TO ADD A BODY KING THESE DO ANYTHING EVEN TO BEING HANGED IF THE IRISHMAN SAID WITH THIS MISSUS WHICH ALL STEPPED OUT THE LATE INTO THE BACK YARD OF QUEEN GABLES VERY GREEN AND MEET AND PRECISE WAS THAT THE ART 
LOG (gmm-latgen-faster[5.5.668~1493-53c4b]:DecodeUtteranceLatticeFaster():decoder-wrappers.cc:375) Log-like per frame for utterance 103-1240-0021 is -8.41993 over 1479 frames.
103-1240-0022 AS ABOUT SOME ONE SIDE WITH GREAT PATRIARCH A WELL AS ANY OTHER WITH AN LUMBER HE'S NOT A STRAY STICKLER STILLEST BE SEEN FOR MISSUS WHICH ALL WOULD HAVE SEEN IT IF THERE HAD BEEN AT LEAST HE WAS OF THE OPINION THAT YOUR LUCK EFFORTS THAT BACK YARD OVER IS OFTEN AS SHE SET HER HOUSE 
LOG (gmm-latgen-faster[5.5.668~1493-53c4b]:DecodeUtteranceLatticeFaster():decoder-wrappers.cc:375) Log-like per frame for utterance 103-1240-0022 is -8.5804 over 1636 frames.
103-1240-0023 ONE COULD BE DONE ME OFF THE GROUND WITHOUT OF OPENING THE RIVER BELOW PACK OF THEIR TO MISSUS WHICH ALAS HARDLY OF THE KITCHEN DOOR AND STEPPED IN ONE BEGUN TO DO SO THE PIGEON AND GREEN GABLES WAS A CHEERFUL APARTMENT 
LOG (gmm-latgen-faster[5.5.668~1493-53c4b]:DecodeUtteranceLatticeFaster():decoder-wrappers.cc:375) Log-like per frame for utterance 103-1240-0023 is -8.57228 over 1213 frames.
103-1240-0024 OR WOULDN'T THAT CHEERFUL IF IT DID NOT BEEN SO PAINFUL BETWEEN US TO GIVE IT SOMETHING OF THE APPEARANCE OF AN UNUSED PARLOR ITS WINDOWS THAT EAST AND WEST TO THE WEST ONE LOOKING OUT ON THE BACK YARD CAME A FLOOD OF MEN WOULD SOON SUNLIGHT BUT THE EAST ONE 
LOG (gmm-latgen-faster[5.5.668~1493-53c4b]:DecodeUtteranceLatticeFaster():decoder-wrappers.cc:375) Log-like per frame for utterance 103-1240-0024 is -8.43972 over 1525 frames.
103-1240-0025 WHENCE SHE GOT A GLIMPSE OF THE BLUE WHITE CHERRY TREES IN THE LEFT ORCHARD AND NODDING SLENDER BIRCHES DOWN IN THE HOLLOW BY THE BREATH WITH QUAINT OF A BY A TANGLE THE LINES HE IS THAT MORE LIKE A BIRD WHEN SHE SAT AT ALL ALWAYS LIKE THE DISTRESS FULL OF SUNSHINE 
LOG (gmm-latgen-faster[5.5.668~1493-53c4b]:DecodeUtteranceLatticeFaster():decoder-wrappers.cc:375) Log-like per frame for utterance 103-1240-0025 is -8.46708 over 1510 frames.
103-1240-0026 AND HERE SHE SAT NOW MAKING AND THE TABLE BEHIND HER WAS LATE FOR SUPPER MISSUS LITTLE BEFORE SHE HAD FAIRLY CLOTHES THE DOOR 
LOG (gmm-latgen-faster[5.5.668~1493-53c4b]:DecodeUtteranceLatticeFaster():decoder-wrappers.cc:375) Log-like per frame for utterance 103-1240-0026 is -8.16594 over 832 frames.
103-1240-0027 THEY WERE THREE PLATES LAID SO THAT WILL I MUST BE EXPECTING SOMEWHAT HOME WITH THAT HE DID HE BUT THE DISHES FOR EVERYDAY DISHES AND IT IS ONLY CREDIBLE PRESERVE SAID ONE KIND OF TAKE THE THAT THE EXPECTED COMPANY COULD NOT BE ANY PARTICULAR COMPANY 
LOG (gmm-latgen-faster[5.5.668~1493-53c4b]:DecodeUtteranceLatticeFaster():decoder-wrappers.cc:375) Log-like per frame for utterance 103-1240-0027 is -8.49883 over 1395 frames.
103-1240-0028 TO WHAT AT MASSEY'S WHITE COLLAR IN THE SWIRL MANNER MISSUS LITTLE WAS GETTING FAIRLY THE SEA WITH THIS UNUSUAL HISTORY THAT QUITE A MYSTERIOUS QUEEN GABLES THE EVENING WHICH ALL MORAL A SAD BRISKLY THIS IS A REAL FINE EVENING IT IT WOULD TO SIT DOWN 
LOG (gmm-latgen-faster[5.5.668~1493-53c4b]:DecodeUtteranceLatticeFaster():decoder-wrappers.cc:375) Log-like per frame for utterance 103-1240-0028 is -8.4874 over 1563 frames.
103-1240-0029 OUR ALI A FOX SOMETHING THAT FOR LACK OF ANY OTHER IN A MIGHT BE CALLED FRIENDSHIP EXISTED AND ALWAYS HAD EXISTED BETWEEN RELIC OF BROKEN MISSUS RIGHT TO IN SPITE OF OR PERHAPS BECAUSE OF THEIR HIS INTELLECT THE WHIRL OF ISN'T HALL 
LOG (gmm-latgen-faster[5.5.668~1493-53c4b]:DecodeUtteranceLatticeFaster():decoder-wrappers.cc:375) Log-like per frame for utterance 103-1240-0029 is -8.3715 over 1525 frames.
103-1240-0030 THEN WOMAN BUT ANKLES AND WITHOUT CURRANTS HAD DIED CARE SHOWED SOME GREAT STREAK SUM WAS ALWAYS TO SAY THAT THE THE HEART LITTLE NOT BEHIND WITH TO WIRE HAPPENS THAT THE GRASS THAT THEY THREW IT SHE LOOKED LIKE A WOMAN OF NARROW EXPERIENCE MAKE OF CONSCIENCE WHICH SHE WAS 
LOG (gmm-latgen-faster[5.5.668~1493-53c4b]:DecodeUtteranceLatticeFaster():decoder-wrappers.cc:375) Log-like per frame for utterance 103-1240-0030 is -8.50562 over 1450 frames.
103-1240-0031 BUT THERE WAS THE SAVING SOMETHING ABOUT HER MOUTH WHICH IF IT IN EVERY SON'S LIFE HE DEVELOPED MY BATHING CONSIDERED INDICATED BY THE SENSE OF HUMOR WELL PRETTY WELL SAID MISSUS WHICH UP AT THIS KIND OF AFRAID YOU WOULD KNOW WHEN I SAW MASSEY'S HAD ENOUGH TO DATE AS I MAY BE HE WAS GOING TO THE DOCTOR'S 
LOG (gmm-latgen-faster[5.5.668~1493-53c4b]:DecodeUtteranceLatticeFaster():decoder-wrappers.cc:375) Log-like per frame for utterance 103-1240-0031 is -8.50466 over 1684 frames.
103-1240-0032 WERE LESS LIPS WHICH THE DISSENTING LEE HE HAD EXPECTED MISSUS WHICH LUCK SHE HAD NO THE THE SIGHT OF MAC UTILITY NOT SO ON ACCOUNT OF LEAD WOULD BE TOO MUCH FOR HER NEIGHBORS CURIOSITY ON A AM QUITE WELL ALTHOUGH I HAD AT THAT HAD A DISTURBING SHE SAID 
LOG (gmm-latgen-faster[5.5.668~1493-53c4b]:DecodeUtteranceLatticeFaster():decoder-wrappers.cc:375) Log-like per frame for utterance 103-1240-0032 is -8.51334 over 1476 frames.
103-1240-0033 LEFT THE WENT TO DRY TO HAVE A BEGINNING A LITTLE BOY FROM AN ORPHAN ASSIGNING NO DISCUSSION THAT HE'S COMING DOWN THE TRYING TO FIND IT NEVER LEFT SAID THAT MASS EVEN GOT THE BRIGHT RIVER TO ME TO CANADA ROOF MUST REALLY A MISSUS WHICH SHALL COULD NOT HAVE BEEN MORE ASTONISHED 
LOG (gmm-latgen-faster[5.5.668~1493-53c4b]:DecodeUtteranceLatticeFaster():decoder-wrappers.cc:375) Log-like per frame for utterance 103-1240-0033 is -8.60427 over 1440 frames.
103-1240-0034 SHE WAS ACTUALLY STRICKEN DOWN FOR FIVE SECOND IS IT WAS ON SUPPOSE OF ALL THE WORLD IS MADE FUN OF HER THAT MISSUS WHICH FILLED WAS ALMOST FORCED TO SUPPOSE IT ARE YOU IN EARNEST PARALLEL HE DEMANDED A VOICE RETURNED TO HER USE OF COURSE 
LOG (gmm-latgen-faster[5.5.668~1493-53c4b]:DecodeUtteranceLatticeFaster():decoder-wrappers.cc:375) Log-like per frame for utterance 103-1240-0034 is -8.4118 over 1539 frames.
103-1240-0035 THAT WERE ALONE AS IF GETTING BOYS WHO OFTEN ASSENT AND OF US GO SHORE PART OF THE USUAL SPRING WORK ON ANY WELL REGULATE THE THAT IN THE FARM INSTEAD OF BEING AND UNHEARD OF INNOVATION MISSUS WAIT TILL FELT THAT SHE HAD RECEIVED A FIGURE MENTAL JILT SHE THOUGHT IN EXPLANATION POINTS 
LOG (gmm-latgen-faster[5.5.668~1493-53c4b]:DecodeUtteranceLatticeFaster():decoder-wrappers.cc:375) Log-like per frame for utterance 103-1240-0035 is -8.50966 over 1603 frames.
103-1240-0036 WHO WILL AND ASK YOU CUP OF ALL PEOPLE WITHOUT TO THE BOY FROM ROCK FOR THIS ISLAND WELL THE WORLD WAS CERTAINLY TURNING OF SIGHT DOWN SHE WOULD BE SURPRISED IF NOTHING AFTER THIS NOTHING 
LOG (gmm-latgen-faster[5.5.668~1493-53c4b]:DecodeUtteranceLatticeFaster():decoder-wrappers.cc:375) Log-like per frame for utterance 103-1240-0036 is -8.42857 over 1250 frames.
103-1240-0037 BUT ON EARTH BUT SUCH A NOTION IT NOR HAD HE DEMANDED DISAPPROVE THE ONLY THIS HAD BEEN DONE WITHOUT HER ADVICE BEING ASKED AND MUST PERFORCE BECAUSE PROVED WHILE WE AND THE KING ABOUT OF SOME TIME ALL WINTER IN FACT RETURNED VALLON 
LOG (gmm-latgen-faster[5.5.668~1493-53c4b]:DecodeUtteranceLatticeFaster():decoder-wrappers.cc:375) Log-like per frame for utterance 103-1240-0037 is -8.35327 over 1480 frames.
103-1240-0038 MISSUS ALEXANDER SPENSER WAS A PURE ONE DAY BEFORE CHRYSALIS AND SHE SAID SHE WAS GOING TO GET HER LITTLE GIRL FROM HIS SIMON A FRIEND HOPES AND IN THE SPRING 
LOG (gmm-latgen-faster[5.5.668~1493-53c4b]:DecodeUtteranceLatticeFaster():decoder-wrappers.cc:375) Log-like per frame for utterance 103-1240-0038 is -8.77526 over 714 frames.
103-1240-0039 SO MASCULINE I HAD TALKED IT OVER OFTEN ON EVER SINCE WE THOUGHT IT GET A BOY MEANT IS GETTING OPINIONS TO HIM HE SIXTY IDEAS IS THIS PRIZE HE WANTS WAS HIS HEART TROUBLES HIM A GOOD DEAL AND YOU KNOW HOW DESPERATE HEART EXPECTED THEE TO GET HIRED HEALTH 
LOG (gmm-latgen-faster[5.5.668~1493-53c4b]:DecodeUtteranceLatticeFaster():decoder-wrappers.cc:375) Log-like per frame for utterance 103-1240-0039 is -8.57457 over 1441 frames.
103-1240-0040 AS NEVER ANYBODY TO BE HAD BUT THEN STATED HAVE BEEN LITTLE FRENCH VOICE AND AS SOON AS YOU DO GET BEEN BROKEN SHE ALWAYS BEEN TAUGHT SOMETHING HE THOUGHT IT OFF TO THE LOBSTER CAN RESEARCHES STATES AT FIRST MAC THE SUGGESTED GETTING A HOLLOW VOICE THAT I SIGNIFY TO THAT 
LOG (gmm-latgen-faster[5.5.668~1493-53c4b]:DecodeUtteranceLatticeFaster():decoder-wrappers.cc:375) Log-like per frame for utterance 103-1240-0040 is -8.57799 over 1465 frames.
103-1240-0041 THEY MAY BE ALL RIGHT AM NOT SAY THERE NOT THAT NO ONE DID STREET ARABS FOR ME I SAID THE ME A NATIVE BORN AT LEAST OF THE RISK NO MATTER WHAT WE GET AT ALL FEEL EASIER AND MY MIND AND SLEEP SOUND HEARD NIGHTS HE BEGAN A BORN CANADIAN 
LOG (gmm-latgen-faster[5.5.668~1493-53c4b]:DecodeUtteranceLatticeFaster():decoder-wrappers.cc:375) Log-like per frame for utterance 103-1240-0041 is -8.48165 over 1349 frames.
103-1240-0042 SO ANY AND WE DECIDED TO ASKED MISSUS ANSWERED IF IT IS OUT ONE WHEN SHE WENT OVER TO GET HER LITTLE GIRL WE HAD LEFT THE TWO BESTOWING SO WE SENT HER WORD BY RIGID CENTRES FOXES COMEDY TO BRING US A SMART LIKE THE BULLY OF ABOUT TEN OR LEAVEN WE DECIDED THAT WOULD BE THE ESTATE 
LOG (gmm-latgen-faster[5.5.668~1493-53c4b]:DecodeUtteranceLatticeFaster():decoder-wrappers.cc:375) Log-like per frame for utterance 103-1240-0042 is -8.66327 over 1559 frames.
103-1240-0043 OLD ENOUGH TO BE OF SOME USE IN DOING TOURS BITE OFF AND YET AT THE TRAIN OF PROPER THE NAME TO GIVE HIM AT THAT HOME AND SCOLDINGS WE HAD A TELEGRAPH OF MISSUS ALEXANDER SPENSER TO DAY THE MAN AND BROUGHT IT FOR THE STATION SAYING THEY WERE COMING ON THE FIVE VERY TRYING TO NIGHT 
LOG (gmm-latgen-faster[5.5.668~1493-53c4b]:DecodeUtteranceLatticeFaster():decoder-wrappers.cc:375) Log-like per frame for utterance 103-1240-0043 is -8.57971 over 1474 frames.
103-1240-0044 SO THAT HE WENT BY PREFER TO MEET HIM WITH THE SPENSER LIVED UP AND AFFAIR OF COURSE HE GOES ON TO WHITE SENSATION HERSELF MISSUS LITTLE PRIVATE HERSELF ON ALWAYS SPEAKING HER MIND SHE PROCEEDED TO SPEAK IT NOW HAVING EXHAUSTED HER MENTAL ATTITUDE TO THIS AMAZING PIECE OF NEWS 
LOG (gmm-latgen-faster[5.5.668~1493-53c4b]:DecodeUtteranceLatticeFaster():decoder-wrappers.cc:375) Log-like per frame for utterance 103-1240-0044 is -8.49131 over 1637 frames.
103-1240-0045 WELL NEVER LOVE OUT JUST HAD YOU PLAIN THAT I THINK YOU'RE DOING A MIGHTY FOOLISH THE OTHERS THE THING THAT'S WHAT YOU DON'T KNOW WHAT ARE GETTING YOUR BRINGING A STRANGE TILED AND YOUR HOUSE IN HOME AND YOU DON'T KNOW A SINGLE THING ABOUT TEN OR WHAT IS DISPOSITION IS LIGHT NOT WHAT SORT OF HERESY HAD 
LOG (gmm-latgen-faster[5.5.668~1493-53c4b]:DecodeUtteranceLatticeFaster():decoder-wrappers.cc:375) Log-like per frame for utterance 103-1240-0045 is -8.77392 over 1566 frames.
103-1240-0046 NOR HOW HE SLIGHTLY TO TURN OUT WIFE WAS ONLY LAST WEEK I GET IN THE PAPER HOW ONE MAN IT HIS WIFE OUT WEST OF THE ISLAND TO THE BULLY OUT OF AN ORPHAN EXILE IN AN HE SAID FIRE TO THE HOUSE THAT NIGHT FITTED ON PURPOSE MORROW LUCK AND NEARLY BURNT THEM TO A CHRISTIAN EVENTS 
LOG (gmm-latgen-faster[5.5.668~1493-53c4b]:DecodeUtteranceLatticeFaster():decoder-wrappers.cc:375) Log-like per frame for utterance 103-1240-0046 is -8.91024 over 1391 frames.
103-1240-0047 AND I KNOW ONE OTHER CASE WERE IN ADOPTING BULLY USE TO STOP THE EGGS THEY COULD AND BRICK AND OF THAT IF YOU HAVE ASKED MY ADVICE IN THE MATTER WHICH YOU DIDN'T TO VOTE ALONE I GIVE SENT FOR MERCY SIGNAL TO THINK OF SUCH A THING THAT'S WHAT 
LOG (gmm-latgen-faster[5.5.668~1493-53c4b]:DecodeUtteranceLatticeFaster():decoder-wrappers.cc:375) Log-like per frame for utterance 103-1240-0047 is -8.7987 over 1288 frames.
103-1240-0048 THIS JOKES COMFORTING SEEMS NEITHER TO OFFEND NOT TO ALARM WERE ALONE SHE MADE IT STEADILY OWN I DON'T DENY THEIR SOMETHING WHICH HE SAY VITAL I'D HAVE SOME QUALMS MYSELF BUT MASS HE WAS TERRIBLE SAT ON IT I COULD SEE THAT SO I GAVE IN 
LOG (gmm-latgen-faster[5.5.668~1493-53c4b]:DecodeUtteranceLatticeFaster():decoder-wrappers.cc:375) Log-like per frame for utterance 103-1240-0048 is -8.38187 over 1475 frames.
103-1240-0049 IT SO SELDOM THAT HE SENT HIS MIND ON ANYTHING THAT WHEN HE DOES I'LL WAS HE THAT MY DUTY TO GET IN AND AS FOR THE RISK THIS RISKS IN PREVIOUS EVERYTHING A BODY DANCING THIS WORLD THIS RISKS IN PEOPLES HAVING CHILDREN OF THEIR OUT OF THE COMES TO THAT THEY DON'T ALWAYS TURNED OUT WELL 
LOG (gmm-latgen-faster[5.5.668~1493-53c4b]:DecodeUtteranceLatticeFaster():decoder-wrappers.cc:375) Log-like per frame for utterance 103-1240-0049 is -8.58942 over 1527 frames.
103-1240-0050 AND THEN NOTICE THAT HIS RIGHT CLOSE TO THE ISLAND IT IS A VISIT THE BEGINNING AM FROM ENGLAND OF THE STATE HE CAN BE MUCH DIFFERENT FROM OURSELVES WELL I HOPE IT WILL TURN OUT ALL RIGHT SAID MISSUS FATAL AN A TONIC PLAINLY INDICATED HAD PAINFUL DOUBTS 
LOG (gmm-latgen-faster[5.5.668~1493-53c4b]:DecodeUtteranceLatticeFaster():decoder-wrappers.cc:375) Log-like per frame for utterance 103-1240-0050 is -8.57375 over 1401 frames.
103-1240-0051 ONLY DON'T SAY I DID WHEN YOU HE BIRDS QUEEN GABLES DOUBT OF ITS THE KING IN A WELL I HEARD THE CASE OF RAIN YOU BRONZE A CRANE OFTEN ASIDE AND SHOUTED THAT OF THE WHOLE FAMILY DIED AND FEARFUL AGONIES ALL LAID WAS A GROWL AND THAT INSTANCE WELL WOULD NOT HAVING ACROSS TO ADMIRAL A 
LOG (gmm-latgen-faster[5.5.668~1493-53c4b]:DecodeUtteranceLatticeFaster():decoder-wrappers.cc:375) Log-like per frame for utterance 103-1240-0051 is -8.64365 over 1534 frames.
103-1240-0052 AS IF LISTENING WEALTH WERE PURELY FEMININE ACCOMPLISHMENT AND NOT TO THE DREADED IN THE CASE OF THE BULLY I NEVER DREAM OF TAKING THE GIRL TO BRING UP I WONDERED AS AN ALEXANDER SPENSER FOR DOING IT BUT THERE SHE WOULD SHRINK FROM ADOPTING THE WHOLE ORPHEUS I LIFTED TO BEGIN TO WERE HEAD 
LOG (gmm-latgen-faster[5.5.668~1493-53c4b]:DecodeUtteranceLatticeFaster():decoder-wrappers.cc:375) Log-like per frame for utterance 103-1240-0052 is -8.60527 over 1477 frames.
103-1240-0053 THIS IS MADE TO LIVE LIKE TO STAND TOM ASKED YOU CAME A WITH HIS IMPORTED ORPHAN BUT PERFECTING THAT IT WOULD BE A GOOD TWO HOURS AT LEAST BEFORE HIS A RIVAL SEE CONCLUDED TO GO UP THE ROAD TO ROB OF BELLS AND HELD IN USE IT WOULD CERTAINLY MAKE A SENSATION SECONDS A NONE 
LOG (gmm-latgen-faster[5.5.668~1493-53c4b]:DecodeUtteranceLatticeFaster():decoder-wrappers.cc:375) Log-like per frame for utterance 103-1240-0053 is -8.63187 over 1365 frames.
103-1240-0054 AND MISSUS WHICH ALL THE LEE LOVE TO MAKE A SENSATION CITY TO HERSELF AWAY SOMEWHAT TO THE WILLOWS BELIEVE FOR THE LATTER FELT HER DOUBTS AND FEARS THE BITING AND THE INFLUENCE OF MISSUS FATAL SPECIMENS OF ALL OF ALL THINGS THAN EVER WERE OR WILL BE THE DECK ELATED MISSUS WAY TO WHICH HE WAS SAFELY OUT IN LENGTH 
LOG (gmm-latgen-faster[5.5.668~1493-53c4b]:DecodeUtteranceLatticeFaster():decoder-wrappers.cc:375) Log-like per frame for utterance 103-1240-0054 is -8.60446 over 1632 frames.
103-1240-0055 A DESPERATE THE SOON AS IF I MUST BE GLEAMING WHEN ONCE OR FOR THAT POOR YOUNG ONE AND NO MISTAKE MASCULINE I WILL I DON'T KNOW ANY THING ABOUT CHILDREN AND ILL EXPECTED TO BE WHY SIR INSTEAD EVEN HIS OWN GRAND FATHER 
LOG (gmm-latgen-faster[5.5.668~1493-53c4b]:DecodeUtteranceLatticeFaster():decoder-wrappers.cc:375) Log-like per frame for utterance 103-1240-0055 is -8.62434 over 1123 frames.
103-1240-0056 IT SEEMS TIME TEDDY TO THINK OF A CHILD OF BEING ABLE SOMEHOW IF EVER BEEN ONE THEREFORE MASCULINE AN ELABORATE GROWN UP WHEN THE NEW HOUSES BUILT IF THEY EVER WERE CHILDREN WHICH IS HARD TO BELIEVE WHEN ONE BOOKS OF THEM I WOULDN'T BE A NOT ORPHAN SHOES FOR ANYTHING 
LOG (gmm-latgen-faster[5.5.668~1493-53c4b]:DecodeUtteranceLatticeFaster():decoder-wrappers.cc:375) Log-like per frame for utterance 103-1240-0056 is -8.53159 over 1430 frames.
103-1240-0057 MY THAT I PITY HIM THAT'S WHAT SO SAID MISSUS RETOLD TO THE WILD MOST THE SHIP THAT OF THE FULLEST OF HER HEART 
LOG (gmm-latgen-faster[5.5.668~1493-53c4b]:DecodeUtteranceLatticeFaster():decoder-wrappers.cc:375) Log-like per frame for utterance 103-1240-0057 is -8.3452 over 684 frames.
103-1241-0000 CHAPTER TO KNAPP YOU COVERED THE SURPRISED KNAPP YOU COVERED THEM THE SORROW MARRIAGE OUGHT TO COMFORT ME OVER THE EIGHT MILES TO BRIBE RIVER IT WAS A PRETTY ROAD RUNNING ALONG BETWEEN IT'S NOT FOR INSTANCE WITH NOW AND AGAIN A BIT OF ALL FOR ME FOR WHICH TRIED TO 
LOG (gmm-latgen-faster[5.5.668~1493-53c4b]:DecodeUtteranceLatticeFaster():decoder-wrappers.cc:375) Log-like per frame for utterance 103-1241-0000 is -8.5145 over 1595 frames.
103-1241-0001 OR A HOLLOW WERE WILD PLUMS HUNG OUT THERE FOR ME TO THE AIR WAS SWEET THAT THE BREATH OF MANY OF APPLE TREES AND THE MEADOW SLEPT AWAY IN THE DISTANCE TO THE RISING MISTS OF PEARLS AND PURPLE WHILE THE LITTLE BIRDS SANG AS IF IT WERE THE ONE DAY OF SOME WHEN ALL THE YEAR 
LOG (gmm-latgen-faster[5.5.668~1493-53c4b]:DecodeUtteranceLatticeFaster():decoder-wrappers.cc:375) Log-like per frame for utterance 103-1241-0001 is -8.60069 over 1553 frames.
103-1241-0002 NOTHING ENJOYED THE DRIVE THAT PRISON FASHION EXCEPTING A MOMENTS WHEN HE MEANT WOMEN AND HAD NOT TO THEM FOR HIM PRINCE THAT IRELAND YOUR SUPPOSED TO NOT TO ALL THAT SOMETHING TO ME SOME ABOUT WHAT YOU KNOW THE MORE NOT KNAPP YOU DREADED ALL WITHIN EXCEPT MORNING MISSUS GRATEFUL 
LOG (gmm-latgen-faster[5.5.668~1493-53c4b]:DecodeUtteranceLatticeFaster():decoder-wrappers.cc:375) Log-like per frame for utterance 103-1241-0002 is -8.63501 over 1555 frames.
103-1241-0003 HE HADN'T UNCOMFORTABLE FEELING OF THE MYSTERIOUS CREATURES WAS SECRETLY LAUGHING AT HIM HE MET IN QUITE RIGHT IN THINKING SENT FOR HE WAS AN ODD LOOKING PERSONAGE WITH MOUNTING THE FATE AT AN LONG APPLYING GREAT CARE THAT TOUCHED HIS STOOPING SHOULDERS 
LOG (gmm-latgen-faster[5.5.668~1493-53c4b]:DecodeUtteranceLatticeFaster():decoder-wrappers.cc:375) Log-like per frame for utterance 103-1241-0003 is -8.64432 over 1387 frames.
103-1241-0004 AND OF COAL SOFT BROWN BEARD WHICH HE HAD WORN EVER SINCE HE WAS TWENTY IN FACT HE HAD NOT THE TWENTY VERY MUCH AS HE LOOKED AT SIX THE LACKING A LITTLE OF THE GREATNESS A WHEN HE REACHED BRIGHT WRITTEN THERE WAS NO SIGN OF ANYTHING 
LOG (gmm-latgen-faster[5.5.668~1493-53c4b]:DecodeUtteranceLatticeFaster():decoder-wrappers.cc:375) Log-like per frame for utterance 103-1241-0004 is -8.43269 over 1474 frames.
103-1241-0005 HE SAW HE WAS TO EARLY SAID HE TIED HIS HORSE IN THE YARD OF THE SMALL BRIGHT RIVER HOTEL AND WENT OVER TO THE STATION HAS BEEN LONG PLATFORM WAS ALMOST ASSERTED THE ONLY LIVING CREATURE IN SIGHT BEING ADMIRAL A WAS SITTING ON A PILOT SYMBOLS OF THE STREAM AND 
LOG (gmm-latgen-faster[5.5.668~1493-53c4b]:DecodeUtteranceLatticeFaster():decoder-wrappers.cc:375) Log-like per frame for utterance 103-1241-0005 is -8.72976 over 1401 frames.
103-1241-0006 MATCHED YOU NEARLY NOTICING THE IT WAS THE GIRL SIDE OF CASTORS QUICKLY AS POSSIBLE WITHOUT LOOKING AT HER HAD HE LOOKED HE COULD HARDLY A FAIL TO NOTICE THAT HEMS RAGE A DUTY AND EXPECTATION OF HER ATTITUDE AN EXPRESSION SHE WAS SITTING THEIR WAITING FOR SOMETHING OR SOMEBODY 
LOG (gmm-latgen-faster[5.5.668~1493-53c4b]:DecodeUtteranceLatticeFaster():decoder-wrappers.cc:375) Log-like per frame for utterance 103-1241-0006 is -8.66826 over 1522 frames.
103-1241-0007 AND SEEN SITTING IN A WAITING WAS THE ONLY THINK YOU DO JUST THEN SHE SAT INFLATED WITH ALL HER MIGHT THE MAIN A MASCULINE COUNTED THE STATION MASTER LOOKING UP TO GET OFF AS PREPARATORY TO GOING ON FOR SUPPER AND ASKED HIM IF THE FIVE THAT A TRAIN WHICH SOON BE A LONG 
LOG (gmm-latgen-faster[5.5.668~1493-53c4b]:DecodeUtteranceLatticeFaster():decoder-wrappers.cc:375) Log-like per frame for utterance 103-1241-0007 is -8.60452 over 1513 frames.
103-1241-0008 THE FIVE THIRTY TRAIN HAS BEEN AN AND GONE HALF AN HOUR AGO AND SAID THAT BRISK OFFICIAL BUT THERE WAS A PRESS UNDER DOG OFFER YOU A LITTLE GIRL SHE SITTING OUT THEIR ADDITION GULFS LASTED AGO AND THE LADIES WAITING ROOM BUT SHE INFORMED ME GRAVELY THAT SHE PREFER TO STING OUTSIDE 
LOG (gmm-latgen-faster[5.5.668~1493-53c4b]:DecodeUtteranceLatticeFaster():decoder-wrappers.cc:375) Log-like per frame for utterance 103-1241-0008 is -8.6763 over 1512 frames.
103-1241-0009 HE'S A CASE I SHOULD SAME TIME AND EXPECTING A GROWL SAVE MECCA BLINDLY IT THE BOY AT COME FOR HE SHOULD BE HEAR MISSUS ALEXANDER SPENSER WAS TO BRING HIM OF THE FRONT OF THIS COAST TO FORMING THE STATION MASTER WHISTLED 
LOG (gmm-latgen-faster[5.5.668~1493-53c4b]:DecodeUtteranceLatticeFaster():decoder-wrappers.cc:375) Log-like per frame for utterance 103-1241-0009 is -8.47285 over 1388 frames.
103-1241-0010 THIS THERE'S SOME MISTAKE HE SAID MISSUS BADGER CAME UP THE TRAIN WITH THAT BERYL AND GAVE HER INTO MY TRIED SAID YOU WHEN YOUR SISTER WERE DOUBTING HER FROM AN ORPHAN AS I LET THEM THAT YOU WOULD BE LONG FOR HER PRESENTLY THAT'S ALL I KNOW ABOUT IT AND I HAVEN'T GOT ANY MORE OR FENCE CONCEAL WHEREABOUTS 
LOG (gmm-latgen-faster[5.5.668~1493-53c4b]:DecodeUtteranceLatticeFaster():decoder-wrappers.cc:375) Log-like per frame for utterance 103-1241-0010 is -8.61652 over 1585 frames.
103-1241-0011 I DON'T UNDERSTAND THAT THAT YOU HELPLESSLY WISHING THAT MOMENT OF IT HAND TO COVER THE SITUATION WELL YOU'D BETTER CHRISTIAN THE GIRL SAID THE STATION MASTER CARELESSLY I DARESAY SHALL BE ABLE TO EXPLAIN SHE THOUGHT A TIME OF ROME THAT CERTAIN 
LOG (gmm-latgen-faster[5.5.668~1493-53c4b]:DecodeUtteranceLatticeFaster():decoder-wrappers.cc:375) Log-like per frame for utterance 103-1241-0011 is -8.50536 over 1447 frames.
103-1241-0012 MANY THEY WERE OUT OF BOYS OF THE BREAD YOU WANTED HE WALKED SOFTLY AWAY THE HUNGRY AND THE UNFORTUNATE MEN HE WAS LEFT TO DO THAT WHICH WAS HARD FOR HIM THEN BE HEARD IN THE LIONS DEN WALK UP TO ADMIRAL A STRANGE GIRL AN ORPHAN GIRL 
LOG (gmm-latgen-faster[5.5.668~1493-53c4b]:DecodeUtteranceLatticeFaster():decoder-wrappers.cc:375) Log-like per frame for utterance 103-1241-0012 is -8.49351 over 1496 frames.
103-1241-0013 AND DEMANDED HER WHY SHE WAS IN THE BOY MASK YOU GROW AND IN SPIRIT AS HE TURNED ABOUT HIM SHOPFUL OF GENTLY DOWN THE PLATFORM QUARTER SHE HAD AMOUNTING HAD EVER SINCE HE HAD PASSED THERE AND SHE HAD HER EYES ON HIM NOW NOW HE WAS NOT LOOKING AFTER 
LOG (gmm-latgen-faster[5.5.668~1493-53c4b]:DecodeUtteranceLatticeFaster():decoder-wrappers.cc:375) Log-like per frame for utterance 103-1241-0013 is -8.45808 over 1479 frames.
103-1241-0014 A CHILD OF A BAD LET THEM GOTTEN A VERY SHORT VERY TIGHT VERY AND WE DRESS OF THE YELLOW EDGE GREAT WOULD SEE SHE WORE A FADED BROWN SAY THE HUT AND BENEATH THE HUT EXTENDING DOWN HER BACK WITH TOO BRAVE THE VERY THINK DECIDEDLY RED HAIR 
LOG (gmm-latgen-faster[5.5.668~1493-53c4b]:DecodeUtteranceLatticeFaster():decoder-wrappers.cc:375) Log-like per frame for utterance 103-1241-0014 is -8.4932 over 1511 frames.
103-1241-0015 HER FACE THE SMALL WHITE AND THIN ALL SO MUCH FRANK TOLD HER MOUTH WAS LARGE AND SO FOR HER EYES WHICH LOOKS GREEN IN SOME MINDS MIDST AND GREY IN OTHERS SO FAR THE ORDINARY OBSERVER AN EXTRAORDINARY OBSERVER 
LOG (gmm-latgen-faster[5.5.668~1493-53c4b]:DecodeUtteranceLatticeFaster():decoder-wrappers.cc:375) Log-like per frame for utterance 103-1241-0015 is -8.46745 over 1399 frames.
103-1241-0016 MIGHT HAVE SEEN THAT THE CHAIN WAS VERY POINTED IN PRONOUNCED AT THE BIG EYES WERE FULL OF SPIRIT HIM BY THAT CITY THAT THE MOUTH WAS SWEET AND EXPRESSIVE THAT THE FOREHEAD WAS BROAD AND FULL IN SHORT ARE DISSENTING EXTORT NEAR OBSERVER MIGHT HAVE CONCLUDED 
LOG (gmm-latgen-faster[5.5.668~1493-53c4b]:DecodeUtteranceLatticeFaster():decoder-wrappers.cc:375) Log-like per frame for utterance 103-1241-0016 is -8.59861 over 1465 frames.
103-1241-0017 WITH THE LUDICROUS BE AFRAID A MASS YOU HOWEVER WAS SPARED THE OR DEAL OF SPEAKING FIRST FOR AS SOON AS SHE CONCLUDED THAT HE WAS COMING TO HER SHE SET UP GRASPING WITH ONE FAME BROWN HAND THE HANDLE OF A SHOT THE OLD FASHIONED CARPET BACK THE OTHER SHE HELD OUT TO HIM 
LOG (gmm-latgen-faster[5.5.668~1493-53c4b]:DecodeUtteranceLatticeFaster():decoder-wrappers.cc:375) Log-like per frame for utterance 103-1241-0017 is -8.53453 over 1587 frames.
103-1241-0018 I SUPPOSE YOU'RE MISTER METHOD OF THE QUEEN GABLES SHE SAID IT PECULIARLY CREATE SWEET VOICE I AM VERY TRYING TO SEE I WAS BEGINNING TO BE AFRAID HE WENT COMING FOR ME 
LOG (gmm-latgen-faster[5.5.668~1493-53c4b]:DecodeUtteranceLatticeFaster():decoder-wrappers.cc:375) Log-like per frame for utterance 103-1241-0018 is -8.78056 over 942 frames.
103-1241-0019 I HAD MADE AT MY MIND THAT IF HE DID COME FOR ME TO NIGHT 
LOG (gmm-latgen-faster[5.5.668~1493-53c4b]:DecodeUtteranceLatticeFaster():decoder-wrappers.cc:375) Log-like per frame for utterance 103-1241-0019 is -8.79184 over 301 frames.
103-1241-0020 I WOULD BE A THAT AFRAID AND IT WOULD BE NOTHING TO SLEEP AT A WILD CHARITY ALL WHITE PLUME IN THE MOONSHINE DUTY THINK YOU CAN IMAGINE YOU WOULD GOING IN MARBLE HALLS DIDN'T YOU 
LOG (gmm-latgen-faster[5.5.668~1493-53c4b]:DecodeUtteranceLatticeFaster():decoder-wrappers.cc:375) Log-like per frame for utterance 103-1241-0020 is -8.87796 over 969 frames.
103-1241-0021 KNAPP YOU HAD TAKEN THIS RUN A LITTLE HAND ON QUICK IN HIS THEN AND ERE HE DECIDED WHAT YOU HE COULD NOT TELL THIS CHILD WITH A COLOURING EYES THAT THERE HAD BEEN A MISTAKE HE WOULD TAKE OUR WHOLE MINUTE THE RELIGION OF THAT SHE COULD BE LAUGHED AT BRIGHT EVER READY HOW 
LOG (gmm-latgen-faster[5.5.668~1493-53c4b]:DecodeUtteranceLatticeFaster():decoder-wrappers.cc:375) Log-like per frame for utterance 103-1241-0021 is -8.51135 over 1516 frames.
103-1241-0022 NO MATTER WHAT MISTAKE TO BE MADE SO ALL QUESTIONS AND EXPLANATIONS MIGHT AS WELL THE DIFFERENT ANTENNAE THE CITY BACK OF GREEN GABLES TIMES I HAVE SLEEK HE SAID CHIDING COME ON THE HORSES OVER THE YARD IN YOUR THAT ALL I COULD CARRY IT THE TOP A SPLENDID CHEERFULLY 
LOG (gmm-latgen-faster[5.5.668~1493-53c4b]:DecodeUtteranceLatticeFaster():decoder-wrappers.cc:375) Log-like per frame for utterance 103-1241-0022 is -8.52556 over 1633 frames.
103-1241-0023 IT ISN'T HAPPY I THOUGHT ALL MY WORLDLY GOODS AND AT THAT IT ISN'T HAPPY AND IF IT IS AND CARRIED HIM JUSTICE TO WAIT HANDLE PULSE OUT SO I PREDICTED IT BECAUSE I KNOW THE EXACT NOT OF IT ISN'T EXTREME THE OLD CARPET BACK I'LL AND VERY PROUD TO COME EVEN IF IT WOULD OF THE NIGHT TO SLEEP IN A WHILE OF CHERRY TREE 
LOG (gmm-latgen-faster[5.5.668~1493-53c4b]:DecodeUtteranceLatticeFaster():decoder-wrappers.cc:375) Log-like per frame for utterance 103-1241-0023 is -8.76322 over 1665 frames.
103-1241-0024 WE GOT TO DRIVE THE MARQUIS OSSOLI THIS IS AS ITALY WAS EIGHT MILES I'M GLAD BECAUSE I LEFT WRITING ISLET SEEMS SO WONDERFUL AM GOING TO THE VIRGIN IN THE MONTE YOU I SHOULD HAVE ALLOWED TO AN UGLY NOT NEARLY BUT THE SUN WAS THE WORST OF ONLY BEEN IN IT FOR MONTHS AT THAT WAS ENOUGH 
LOG (gmm-latgen-faster[5.5.668~1493-53c4b]:DecodeUtteranceLatticeFaster():decoder-wrappers.cc:375) Log-like per frame for utterance 103-1241-0024 is -8.79917 over 1587 frames.
103-1241-0025 IT WORSE THAN ANY THE IMAGINE MISSUS SPENSER CITY WAS WITH ME TO TALK LIKE THAT 
LOG (gmm-latgen-faster[5.5.668~1493-53c4b]:DecodeUtteranceLatticeFaster():decoder-wrappers.cc:375) Log-like per frame for utterance 103-1241-0025 is -8.78722 over 481 frames.
103-1241-0026 AND A GOOD ENOUGH THE SUN PEOPLE BUT THERE IS SO LITTLE STILL FOR THE IMAGINATION IN A SIMON ONLY JUSTINIAN A PORTHOS IT WAS PRETTY INDISTINCT IMAGINE THINGS ABOUT THEM 
LOG (gmm-latgen-faster[5.5.668~1493-53c4b]:DecodeUtteranceLatticeFaster():decoder-wrappers.cc:375) Log-like per frame for utterance 103-1241-0026 is -8.51146 over 1099 frames.
103-1241-0027 WHO HAD BEEN STILL LITTLE WAY THROUGH HER PARENTS AND INFANCY BY AND CRUEL THAT'S TO DIE THE FIRST CONFESS I HE SAW MY AWAKEN I CAN IMAGINE THINGS LIKE THAT THE TO SET IN HALF TIME IN AGAIN I GUESS THAT GLANCES THEN I AND LITTLE SON AND I THERE IS NOT TAKE A MY PLANS 
LOG (gmm-latgen-faster[5.5.668~1493-53c4b]:DecodeUtteranceLatticeFaster():decoder-wrappers.cc:375) Log-like per frame for utterance 103-1241-0027 is -8.69583 over 1486 frames.
103-1241-0028 I DO NOT TO IMAGINE A KNIFE FROM HER DIMPLES IN MY ILLNESS WITH THIS NOT HIS COMPANIONS HELP TALKING PARTLY BECAUSE HE WAS OUT OF THE AND PARTLY BECAUSE THEY HAD REACHED THE BODY NOT ANOTHER WORD THAT SHE SAY UNTIL THEY HAD LEFT THE VILLAGE OF A DRIVING DOWN A STAID LITTLE HE'LL 
LOG (gmm-latgen-faster[5.5.668~1493-53c4b]:DecodeUtteranceLatticeFaster():decoder-wrappers.cc:375) Log-like per frame for utterance 103-1241-0028 is -8.68729 over 1554 frames.
103-1241-0029 THE ROAD PART OF WHICH YOU THINK THAT SOME DEEP IN TO THE SOFT SO ILL THAT THE BANKS THINGS TO THE MEANWHILE OF CHERRY TREASON SLIM WHITE BIRCHES FOR SEVERAL FEET OF THEIR HANDS A THE CHILD PUT OUT HER HAND EMPEROR GOT THE BRANCH OF WILD UPON THE REST AGAINST THE SIDE OF THE BODY 
LOG (gmm-latgen-faster[5.5.668~1493-53c4b]:DecodeUtteranceLatticeFaster():decoder-wrappers.cc:375) Log-like per frame for utterance 103-1241-0029 is -8.6411 over 1529 frames.
103-1241-0030 HE SOON THE BEAUTIFUL WHAT DID THAT SHE LEANING RIVER BANK ALL WHAT MAY SEEM A KEY FINGER SHE ASKED JUAN NOW I DO NOW SAID THAT YOU WHY A BRIGHT OF COURSE OF DRIED ALL IN LIKE THAT THE LOVELINESS THE FAIL 
LOG (gmm-latgen-faster[5.5.668~1493-53c4b]:DecodeUtteranceLatticeFaster():decoder-wrappers.cc:375) Log-like per frame for utterance 103-1241-0030 is -8.5687 over 1545 frames.
103-1241-0031 I NEVER SEEN ONE BUT I CAN IMAGINE WHAT TO THAT LOOKED LIKE I DON'T EVER EXPECT TO BE A BRIGHT MYSELF I'VE SO HOME IN EVERY ONE EVER ONE TO MARRY ME UNLESS IT MIGHT BE A FOREIGN MISSIONARY I SUPPOSE AFFORD MISSIONARY MIGHT BE VERY PARTICULAR 
LOG (gmm-latgen-faster[5.5.668~1493-53c4b]:DecodeUtteranceLatticeFaster():decoder-wrappers.cc:375) Log-like per frame for utterance 103-1241-0031 is -8.75776 over 1308 frames.
103-1241-0032 BUT I DO HOPE THAT SOME DAY I SHALL HAVE A WHITE TROUT'S BACK IS MY HIGHEST IDEAL OF EARTH THE PLACE I JUST THE PRIVY PURSE AND I'VE NEVER HAD A PRETTY DRESSING MY LIFE AND MEMBER OF COURSE IT ALL THE MORE TO LOOK FOR WHICH WHISTLED AND THEN 
LOG (gmm-latgen-faster[5.5.668~1493-53c4b]:DecodeUtteranceLatticeFaster():decoder-wrappers.cc:375) Log-like per frame for utterance 103-1241-0032 is -8.72476 over 1399 frames.
103-1241-0033 I CAN IMAGINE AND DRESSED GORGEOUSLY THIS MORNING WHEN I RESTED SIMON LEFT SO ASHAMED BECAUSE I HAD TO READ THIS HORDE ILL LUCY DRESS ALL THE ORPHAN PACKED WITH ME KNOW THE MARGIN AND HOPES AND LASTLY DID UNAIDED THREE HUNDRED YARDS OF WINDY TO BE A SIMON SOME PEOPLE SAID IT WAS BECAUSE HE COULDN'T SELL IT 
LOG (gmm-latgen-faster[5.5.668~1493-53c4b]:DecodeUtteranceLatticeFaster():decoder-wrappers.cc:375) Log-like per frame for utterance 103-1241-0033 is -8.82346 over 1573 frames.
103-1241-0034 BUT I THOUGHT OF THE THE CITY WAS NOT THAT KIND OF HIS HEART AND YOU WILL MADE ON THE TRAIN OF FELT AS IF EVER BUT HE MUST BE LOOKING AT ME AND PITY ME THAT I GUESS WENT TO WHAT CAN IMAGINE THAT I HAD ON THE MOST BEAUTIFUL PALE BLUE SURPRISE BECAUSE THEN YOU ARE A MENTIONING YOU MIGHT AS WELL IMAGINE SOMETHING WORTH WHILE 
LOG (gmm-latgen-faster[5.5.668~1493-53c4b]:DecodeUtteranceLatticeFaster():decoder-wrappers.cc:375) Log-like per frame for utterance 103-1241-0034 is -8.76369 over 1689 frames.
103-1241-0035 AND THEY TALKED ALL FLOWERS AND NODDING PLUME WAS A GOLD WATCHING KING WHO LOVES AND BOOTS I FELT SURE THAT RIDE AWAY THEN I DON'T LET IT TO THE ISLAND ALL MY MIND I WASN'T A BIT SICKENING OF ONE OF THOSE OTHER WAS MISSUS ANSWER OVER SHE GENERAL USE 
LOG (gmm-latgen-faster[5.5.668~1493-53c4b]:DecodeUtteranceLatticeFaster():decoder-wrappers.cc:375) Log-like per frame for utterance 103-1241-0035 is -8.74558 over 1553 frames.
103-1241-0036 SHE SAID HE HAD TIME DIDN'T SAY WHAT TO DECEIVE ADD TO FALL OVERBOARD SHE SAID SHE NEVER SAW THAT THE TO ME FOR PROWLING AROUND THAT IF A CHAPTER FROM BEING SEE SAKE OF THE MOST HE ADDED PALACE AND IT AND I WENT TO SEE EVERYTHING IT WAS TO BE SEEN A METHOD BECAUSE I DON'T KNOW WHETHER I NEVER HAVE ANOTHER OPPORTUNITY 
LOG (gmm-latgen-faster[5.5.668~1493-53c4b]:DecodeUtteranceLatticeFaster():decoder-wrappers.cc:375) Log-like per frame for utterance 103-1241-0036 is -8.91428 over 1555 frames.
103-1241-0037 ARE THEIR LOT MORE A CHILLY PEACE ALL IMBECILE OR BEAST IRELAND IS THE GLOOMY ITS PLACE HAD DISMOUNTED ALREADY AM SO GLAD AM GOING TO LIVE HERE OF ALICE HER THAT PRINCESS REQUIRED IS THE PRIEST PLACE NO WELL 
LOG (gmm-latgen-faster[5.5.668~1493-53c4b]:DecodeUtteranceLatticeFaster():decoder-wrappers.cc:375) Log-like per frame for utterance 103-1241-0037 is -8.83158 over 1276 frames.
103-1241-0038 THE EASTER IMAGINE I WAS LIVING HEAR THAT I NEVER BEEN EXPECTED HAVE READ IT DELIGHTFUL WHEN YOUR IMAGINATIONS COME TO IT AND IT THAT THOSE OF RED LETTER SO FUNNY ON THE COMING TO THE TRAIN A FROLIC TOWN IN THE RED BIRDS BEGAN TO FLASH PASSED I ASKED MISSUS SPENSER WHAT MADE THEM HAD 
LOG (gmm-latgen-faster[5.5.668~1493-53c4b]:DecodeUtteranceLatticeFaster():decoder-wrappers.cc:375) Log-like per frame for utterance 103-1241-0038 is -8.80691 over 1492 frames.
103-1241-0039 AND SHE SAID SHE DID NOT OF THE THE SAKE NOT ASK MANY MORE CHRISTIANS SHE SAT MUST AMASSED A THOUSAND ALREADY I SUPPOSE I HAD TO BUT CARLINI GOING TO FIND THAT ABOUT THINGS HE DIED AS QUESTIONS AND AS THE DIFFERENT SPREAD WELL NOW I DO NOW SAID LAST YEAR 
LOG (gmm-latgen-faster[5.5.668~1493-53c4b]:DecodeUtteranceLatticeFaster():decoder-wrappers.cc:375) Log-like per frame for utterance 103-1241-0039 is -8.65284 over 1612 frames.
103-1241-0040 THAT THE MASK OF THE IMAGINATION THAN WHAT DEAD ANIMAL TIME HE TOO MUCH PEOPLE ARE I WAS TELLING ME I DO WHAT YOU THAT I DIDN'T TOM IF HE SAYS NOT STOP I CAN'T SELL FOR I MAKE OUT MY MIND TO IT ALL THE WAVES DIFFICULT NOW IF YOU 
LOG (gmm-latgen-faster[5.5.668~1493-53c4b]:DecodeUtteranceLatticeFaster():decoder-wrappers.cc:375) Log-like per frame for utterance 103-1241-0040 is -8.66279 over 1377 frames.
103-1241-0041 WITH HIM DEALING HIMSELF LIKE MOST QUITE CLOSE HE MIGHT TALKED OF PEOPLE WHEN THEY WERE WILLING TO DO THE TALKING AND SELF I DID NOT EXPECT HIM TO KEEP UP DESCENDED BUT HE NEVER EXPECTED TO INTRODUCE SIGNED HE OF A LITTLE GIRL WOMEN WORE THAT ENOUGH IN ALL CONSCIENCE THE LITTLE GIRLS WERE WERE US 
LOG (gmm-latgen-faster[5.5.668~1493-53c4b]:DecodeUtteranceLatticeFaster():decoder-wrappers.cc:375) Log-like per frame for utterance 103-1241-0041 is -8.7602 over 1575 frames.
103-1241-0042 HE DETESTED THE WAY THEY HAD A FIGHTING PASSED INTIMATELY WITH SIDEWISE GLANCES AS IF A EXPECT HIM TO BUCKLE THEM UP A MUFFLED EVENT IT IS A WORD THAT WAS THE AFTERNOON THE TYPE OF WELL DRESSED OVERGROWN BUT THIS RATTLED WHICH WAS VERY DIFFERENT 
LOG (gmm-latgen-faster[5.5.668~1493-53c4b]:DecodeUtteranceLatticeFaster():decoder-wrappers.cc:375) Log-like per frame for utterance 103-1241-0042 is -8.67203 over 1430 frames.
103-1241-0043 AND ALTHOUGH HE FOUND IT BROTHER DIFFICULT FOR A FLOWER INTELLIGENCE TO KEEP UP WITH HER BRISK MENTAL PROPHECIES 
LOG (gmm-latgen-faster[5.5.668~1493-53c4b]:DecodeUtteranceLatticeFaster():decoder-wrappers.cc:375) Log-like per frame for utterance 103-1241-0043 is -8.81814 over 571 frames.
89-218-0000 CHAPTER TWENTY ONE AMONG HIS GLANCE WAS ENOUGH TO SATISFY KEPT IN THE HARP ON IT WAS VERY SUNLIGHT THE ONE WITH HENRY HAD ENDEAVORED TO ALARM HER BY THE DESCRIPTION OF US PLAY NO MEANS UNREASONABLY LARGE IT CONTAINS NOT A TAPESTRY OR GOLF IT 
LOG (gmm-latgen-faster[5.5.668~1493-53c4b]:DecodeUtteranceLatticeFaster():decoder-wrappers.cc:375) Log-like per frame for utterance 89-218-0000 is -8.20839 over 1571 frames.
89-218-0001 THE WALLS THE PAPER THE FLOOR WAS CARPETED THE WINDOWS BEEN DONE ENOUGH FOR FAITH NOR WERE DEAD THAN THOSE OF THE DRAWING ROOM ALONE THE FURNITURE DO NOT ONLY THIS PASSION WAS HANDSOME UNCOMFORTABLE AN AIR THE ROOM ALTOGETHER FAR FROM AND CHEERFUL 
LOG (gmm-latgen-faster[5.5.668~1493-53c4b]:DecodeUtteranceLatticeFaster():decoder-wrappers.cc:375) Log-like per frame for utterance 89-218-0001 is -8.31484 over 1468 frames.
89-218-0002 HER HEART INSTANTANEOUS LADIES ON HIS POINT SHE RESOLVED TO IS NO TIME IN PARTICULAR EXAMINATION OF ANYTHING THAT SHE GREATLY DREADED THIS OF LIFE IN THE GENERAL BY ANY DELAY 
LOG (gmm-latgen-faster[5.5.668~1493-53c4b]:DecodeUtteranceLatticeFaster():decoder-wrappers.cc:375) Log-like per frame for utterance 89-218-0002 is -8.22892 over 1044 frames.
89-218-0003 AND SHE WAS PREPARING TO AND IN THE WINNING PACKET WHICH SHE SEEMED TO CONVEY HER NEAT COMMENDATION WHEN YOUR EYES SUDDENLY FELL ON A LARGE WHITE JUST STANDING BACK IN THE PRIEST ASPEN WANDS AND THE FIRE THE IS DECIDEDLY HIS SIDE 
LOG (gmm-latgen-faster[5.5.668~1493-53c4b]:DecodeUtteranceLatticeFaster():decoder-wrappers.cc:375) Log-like per frame for utterance 89-218-0003 is -8.45101 over 1443 frames.
89-218-0004 IT FORGETTING EVERYTHING ELSE SHE STOOD GAZING ON A MOTIONLESS WONDER WHILE THE USE THOT'S COST OR 
LOG (gmm-latgen-faster[5.5.668~1493-53c4b]:DecodeUtteranceLatticeFaster():decoder-wrappers.cc:375) Log-like per frame for utterance 89-218-0004 is -8.23527 over 627 frames.
89-218-0005 WHICH MEANT TO HIS IS MEANT TO BE ADDED SADLY I LOOKED INTO COST ME WHEN IT OUT WE'LL LOOK INTO IT AND DIRECTLY TO BUY THE NIGHT AS STATES THE EVENING I CAN ONLY WHILE SHE ADVANCED IN EXAMINING CLOSELY 
LOG (gmm-latgen-faster[5.5.668~1493-53c4b]:DecodeUtteranceLatticeFaster():decoder-wrappers.cc:375) Log-like per frame for utterance 89-218-0005 is -8.13337 over 1451 frames.
89-218-0006 HE WAS A CAESAR CURIOUSLY INLAID WITH SOME DARK ARE LAID AND RACE DID NOT AFFLICT FROM THE GROUND ON A CARD STAND THE SAME THE LAW WAS SO THAT FURNISH AN AGE 
LOG (gmm-latgen-faster[5.5.668~1493-53c4b]:DecodeUtteranceLatticeFaster():decoder-wrappers.cc:375) Log-like per frame for utterance 89-218-0006 is -8.25667 over 1039 frames.
89-218-0007 BROKEN PERHAPS PREMATURE THE ADVICE AND STRANGE VIOLENCE AND ON THE SENTENCE OF THE END WAS A MYSTERIOUS I FOR HIM SCENE OF ALL CAPTAIN BENT OVER INTENTLY THE WITHOUT BEING ABLE TO DISTINGUISH ANYTHING THE SECOND DAY SHE COULD NOT IN WHAT EVERY DIRECTION SHE TOOK IT 
LOG (gmm-latgen-faster[5.5.668~1493-53c4b]:DecodeUtteranceLatticeFaster():decoder-wrappers.cc:375) Log-like per frame for utterance 89-218-0007 is -8.30312 over 1584 frames.
89-218-0008 BELIEVE ALL MUST LET IT TO THE ACT HE AND YET THEY SHOULD BE ANYTHING ELSE IN THE HOUSE WAS A CIRCUMSTANCE TO RAISE NO CALM A DEGREE OF ASTONISHMENT IF NOT OF IN EARLY AS BY WHAT STRANGE EVENTS COULD HAVE FALLEN INTO THE CHILLY FAMILY A FEARFUL CURIOSITY 
LOG (gmm-latgen-faster[5.5.668~1493-53c4b]:DecodeUtteranceLatticeFaster():decoder-wrappers.cc:375) Log-like per frame for utterance 89-218-0008 is -8.39749 over 1535 frames.
89-218-0009 WAS IN EVERY MOMENT GROWING GREATER AND SEIZING WITH TREMBLING HANDS THE HOUSE OF THE LAW SHE RESOLVED ALL HAZARDS TO SATISFY YOURSELF AT LEAST AS TO ITS CONTENTS WITH DIFFICULTY FOR SOMETHING SEEMED TO RESIST EFFORTS SHE RAISED WITH A FEW INCHES 
LOG (gmm-latgen-faster[5.5.668~1493-53c4b]:DecodeUtteranceLatticeFaster():decoder-wrappers.cc:375) Log-like per frame for utterance 89-218-0009 is -8.26483 over 1613 frames.
89-218-0010 BUT IT THAT MOMENT A SUDDEN KNOCKING OFF INTO THE ROOM MADE HER STARTING QUEER HOLD AND LEANED CLOSED ALARMING DIAMONDS THIS BILL TIME TO HIM TRAITOR BUSINESS TILL THE SNAKE SENT BY HAND IS JUST TO BE HAD USE TO THIS MORNING AND THE PATH HER IMMEDIATELY DISMISSED ARE 
LOG (gmm-latgen-faster[5.5.668~1493-53c4b]:DecodeUtteranceLatticeFaster():decoder-wrappers.cc:375) Log-like per frame for utterance 89-218-0010 is -8.31849 over 1528 frames.
89-218-0011 AND FORCED ARE IN SPITE OF HER ANXIOUS DESIRE TO PENETRATE THIS MYSTERY TO PROCEED IN ADDRESSING WITHOUT FURTHER DELAY THE PROMISES NOT QUIT FOR HER THOUGHTS AND WISEST AND BENT ON THE OBJECT SO WELL CALCULATED TO HIM JUST AN ALARM AND THEN SHE DARED NOT LEAST A MOMENT UPON THE SECOND CAN 
LOG (gmm-latgen-faster[5.5.668~1493-53c4b]:DecodeUtteranceLatticeFaster():decoder-wrappers.cc:375) Log-like per frame for utterance 89-218-0011 is -8.37593 over 1584 frames.
89-218-0012 SHE COULD NOT REMAINING PIECES AND CAST AT LENGTH HOWEVER HAPPENS THAT ONE ARM IN TO HER DOWN INTO IT SEEMED SO NEAR THE FINISHED THAT THE IMPATIENCE OF HER CURIOSITY MIGHT SAFELY BE INVOLVED 
LOG (gmm-latgen-faster[5.5.668~1493-53c4b]:DecodeUtteranceLatticeFaster():decoder-wrappers.cc:375) Log-like per frame for utterance 89-218-0012 is -8.41731 over 1145 frames.
89-218-0013 AND SAID DESPERATE SHOULD BE THE EXERTION OF HIS STRENGTH THAT UNLESS THEY CURED BY SEA THE NATURAL MEANS THE LEAD IN ONE MOMENT SHE THE THRONE BACK WITH THIS SPIRIT SHE SPRANG FORWARD AND OUR CONFIDENCE DID NOT DECEIVE HER HORIZON IN EFFORTS OR NOT THE LIMP AND GAVE TO HER ASTONISHED EYES 
LOG (gmm-latgen-faster[5.5.668~1493-53c4b]:DecodeUtteranceLatticeFaster():decoder-wrappers.cc:375) Log-like per frame for utterance 89-218-0013 is -8.44435 over 1556 frames.
89-218-0014 AND TO THE ROOM INTO THE RISING SEEM OF HAVING HER RIVER SUMMITS AN ABSURD EXPECTATION WAS THEN ADDED ASHAMED OF BEING CAUGHT AND SO I DON'T ASSERT 
LOG (gmm-latgen-faster[5.5.668~1493-53c4b]:DecodeUtteranceLatticeFaster():decoder-wrappers.cc:375) Log-like per frame for utterance 89-218-0014 is -8.23025 over 905 frames.
89-218-0015 SAID MISS TELL ME AS CATHOLIC HIS STEELY CLOSED IT TURNED AWAY THE GLASS 
LOG (gmm-latgen-faster[5.5.668~1493-53c4b]:DecodeUtteranceLatticeFaster():decoder-wrappers.cc:375) Log-like per frame for utterance 89-218-0015 is -8.21827 over 410 frames.
89-218-0016 HAPPENED HAD VILLAGE OF HIS SPEECH BEING AT ONCE FLASHING FIRE IN HER DOWN INFORMING ONCE HIS ALLEGIANCE WITH THE MOST VIOLENT DESPATCH MIST ONLY GENTLY INTO HIS FEAR BEING MADE AND IN HALF A MINUTE THE RAN DOWN STAIRS TOGETHER YOU KNOW WHY ARE NOT ONLY UNBOUNDED 
LOG (gmm-latgen-faster[5.5.668~1493-53c4b]:DecodeUtteranceLatticeFaster():decoder-wrappers.cc:375) Log-like per frame for utterance 89-218-0016 is -8.34265 over 1476 frames.
89-218-0017 THE GENERAL TILL THE WAS PACING THE DRAWING ROOM HIS WATCH IN HIS HAND AND HAVING ON THE VERY INSTINCT OF THEIR AND STIRRING FULL DEVELOPMENT ORDERED TO SEE THE ON THE TABLE DIRECT ME CAPTURED TREMBLED IN THE EMPHASIS OF WHICH HE SPOKE 
LOG (gmm-latgen-faster[5.5.668~1493-53c4b]:DecodeUtteranceLatticeFaster():decoder-wrappers.cc:375) Log-like per frame for utterance 89-218-0017 is -8.32522 over 1423 frames.
89-218-0018 AND SAT HELEN BREATHLESS IN A MOST HORRIBLE GOOD CONCERNED FOR HIS CHILDREN AND DETESTABLE CHESTS AND THE GENERAL RECOVER IT IS POLITENESS AS HE LIFTED HER SPENT THE REST IS TIME IN SCHOOLBOY HIS DAUGHTER WAS A FOOLISH LAY HURRYING HER FAIR FRIEND 
LOG (gmm-latgen-faster[5.5.668~1493-53c4b]:DecodeUtteranceLatticeFaster():decoder-wrappers.cc:375) Log-like per frame for utterance 89-218-0018 is -8.45234 over 1356 frames.
89-218-0019 WHO WAS OBSTINATELY OUT OF WRATH AND HATES WHEN THERE WAS NOT THE LEAST OCCASION FOR HURRY AND THE WORLD 
LOG (gmm-latgen-faster[5.5.668~1493-53c4b]:DecodeUtteranceLatticeFaster():decoder-wrappers.cc:375) Log-like per frame for utterance 89-218-0019 is -8.47094 over 596 frames.
89-218-0020 THE LIVER HAPPILY SEATED AT THE DINNER TABLE WHEN THE GENERAL SOME PLACES SMILES AND A GOOD APPETITE OF ROME RESTORED HER TEETH THE DINING PRAIRIE WITH A NOBLE ROOM 
LOG (gmm-latgen-faster[5.5.668~1493-53c4b]:DecodeUtteranceLatticeFaster():decoder-wrappers.cc:375) Log-like per frame for utterance 89-218-0020 is -8.29753 over 959 frames.
89-218-0021 AND FITTED UP IN THE STYLE OF LUXURY EXPENSE WHICH WAS ALMOST LOST ON THE AND PRACTICE TIME CAPTURE HIM WHO SO LITTLE MORE THAN ITS VICIOUS THIS AND THE NUMBER OF THEIR ATTENDANCE OF THE FORMER SHE SPOKE THE LATTER ADMIRATION AND THE GENERAL LIVE IN A GRACIOUS COUNTENANCE 
LOG (gmm-latgen-faster[5.5.668~1493-53c4b]:DecodeUtteranceLatticeFaster():decoder-wrappers.cc:375) Log-like per frame for utterance 89-218-0021 is -8.33617 over 1478 frames.
89-218-0022 AND KNOWLEDGE THAT AT ONCE BY NO MEANS AN HILLSIDES ROOM AND FOR THE CONFESSED THAT THOSE CALLOUS AND SUCH SUBJECTS AS MOST PEOPLE HE DID LOOK UPON INTOLERABLY LARGE SEEMINGLY WAS WHAT AN UNNECESSARY SUPPLY HE SUPPOSED HOWEVER 
LOG (gmm-latgen-faster[5.5.668~1493-53c4b]:DecodeUtteranceLatticeFaster():decoder-wrappers.cc:375) Log-like per frame for utterance 89-218-0022 is -8.49307 over 1305 frames.
89-218-0023 THAT SHE MUST HAVE BEEN USED TO A MUCH BETTER SIZE APARTMENT OF MISTER ELLISON'S NO INDEED WAS PREFERENCE HONEST A CHANCE MISTER ADAMS CHANNING WHY THERE WAS NO MORE THAN HOW THIS LIVED AND SHE HAD NEVER SEEN SO LARGE REVERSES OF HER LIFE 
LOG (gmm-latgen-faster[5.5.668~1493-53c4b]:DecodeUtteranceLatticeFaster():decoder-wrappers.cc:375) Log-like per frame for utterance 89-218-0023 is -8.39409 over 1476 frames.
89-218-0024 THE GENERAL STOOD HE WERE INCREASED WISE HE HAD SUCH ROOTS HE THOUGHT OF THIS WILL NOT TO MAKE USE OF THEM 
LOG (gmm-latgen-faster[5.5.668~1493-53c4b]:DecodeUtteranceLatticeFaster():decoder-wrappers.cc:375) Log-like per frame for utterance 89-218-0024 is -8.39868 over 668 frames.
89-218-0025 MISTER ALICE HAS HE WAS SHORE MUST BE EXACTLY OF THE TRUE SIZE OF NATIONAL HAPPINESS THE EVENING PASSED WITHOUT ANY FURTHER DISTURBANCE IN ANY TAIL ABSENCE OF GENERAL TO ME WITH MUCH PROFIT CHEERFUL US 
LOG (gmm-latgen-faster[5.5.668~1493-53c4b]:DecodeUtteranceLatticeFaster():decoder-wrappers.cc:375) Log-like per frame for utterance 89-218-0025 is -8.39405 over 1356 frames.
89-218-0026 IT WAS ONLY IN HIS PRESENCE THE CAFE THOUGHT THE SMALLEST THAT HE HOVERED JERRY AN EVEN THEN EVEN IN LOANS OF MINOR RESTRAINT COUSINS AND GENERAL HAPPINESS UPON VERY GOOD AND SHE COULD THINK OF HER FRIENDS NOW WITHOUT ONE WISHES BEING WITHIN THE NIGHT THE STORMY 
LOG (gmm-latgen-faster[5.5.668~1493-53c4b]:DecodeUtteranceLatticeFaster():decoder-wrappers.cc:375) Log-like per frame for utterance 89-218-0026 is -8.2917 over 1606 frames.
89-218-0027 THE WIND IN THE RISING INTERVALS THE WHOLE AFTERNOON BY THE TIME THE PARTY THE GOT A BLUE AND RAIN VIOLENTLY PATRONAGE ACROSS THE HALL LISTEN TO THE TEMPEST WITH SENSATIONS OF ALL AND WHEN SHE HEARD IN REVIEW AND A QUARTER OF THE ANCIENT BUILDING AND CLOTHES THE SUN FURY A DISTANT DOOR 
LOG (gmm-latgen-faster[5.5.668~1493-53c4b]:DecodeUtteranceLatticeFaster():decoder-wrappers.cc:375) Log-like per frame for utterance 89-218-0027 is -8.34019 over 1639 frames.
89-218-0028 YES THESE FOR CHARACTERISTICS AS THEY BROUGHT HER RECOLLECTIONS ACCOUNT WAS THE IDEA DREADFUL SITUATIONS IN POINT SCENES WHICH SET BUILDINGS AN INSTANCE SUCH STORMS USHERED IN 
LOG (gmm-latgen-faster[5.5.668~1493-53c4b]:DecodeUtteranceLatticeFaster():decoder-wrappers.cc:375) Log-like per frame for utterance 89-218-0028 is -8.35653 over 1159 frames.
89-218-0029 AND MOST HEARTILY THESE CHANGES IN THE HAPPIER CIRCUMSTANCES ATTENDING THE ENTRANCE WITH AND WALLS A SOLEMN TO NOTHING TO DRIVE MIDNIGHT ASSASSINATED DRIVING BALANCE 
LOG (gmm-latgen-faster[5.5.668~1493-53c4b]:DecodeUtteranceLatticeFaster():decoder-wrappers.cc:375) Log-like per frame for utterance 89-218-0029 is -8.33864 over 977 frames.
89-218-0030 HENRY HAD CERTAINLY THE ONLY IN CHEST AND WHEN HE HAD TOLD THAT MORNING A HOUSE A FOR INSTANCE OF GLIDED SHE COULD HAVE NOTHING TO EXPLORED TO SUFFER OF MICHAEL TO HAVE IT IN A SECURE EARLY AS IF IT HAD BEEN HER OWN CHAMBER A SOLUTION 
LOG (gmm-latgen-faster[5.5.668~1493-53c4b]:DecodeUtteranceLatticeFaster():decoder-wrappers.cc:375) Log-like per frame for utterance 89-218-0030 is -8.52223 over 1343 frames.
89-218-0031 SHE WAS UNABLE TO SPECIALLY AND PERCEIVING THAT THIS JULIUS LOOKED ONLY TO DO US FROM HER TO ENTER THE ROOM OF INTOLERABLY STOP HEART OF HER SPIRIT WERE IMMEDIATELY ASSISTED BY THE CHEERFUL BLAZE THE WOOD FIRE 
LOG (gmm-latgen-faster[5.5.668~1493-53c4b]:DecodeUtteranceLatticeFaster():decoder-wrappers.cc:375) Log-like per frame for utterance 89-218-0031 is -8.4233 over 1191 frames.
89-218-0032 AND SO MANY PORTRAITS OF BEEN OBLIGED TO DO AND THEN TO HAVE IF THEY TOLD SIR THAT FRANK IN ONE BY CALLING YOU WILL FIND IT FELT LESS THAN THAT NOTHING IT IS WHAT IS THE FADED INNOCENT OFTEN PLACES I DID NOT KNOW IN SUCH AN EYE AS THIS 
LOG (gmm-latgen-faster[5.5.668~1493-53c4b]:DecodeUtteranceLatticeFaster():decoder-wrappers.cc:375) Log-like per frame for utterance 89-218-0032 is -8.50445 over 1577 frames.
89-218-0033 I COULD AS IF MY CARRIAGE BUT NOW TO THE CURATE THEY DO NOT INTO A LONG ONE SHE LOOKED AROUND THE RIM THE WIND OF COURTESY AND IN MOTION 
LOG (gmm-latgen-faster[5.5.668~1493-53c4b]:DecodeUtteranceLatticeFaster():decoder-wrappers.cc:375) Log-like per frame for utterance 89-218-0033 is -8.12269 over 1053 frames.
89-218-0034 A GLANCE OF THE OLD CHEST AND SHE TURNED AWAY FROM HIS EXAMINATION WAS NOT WITHOUT AS HE IS SHE SCORN BECAUSE THIS FEARS OF AN IDOL FANCY AND AGAIN AT THE MOST HAPPY INDIFFERENCE TO PREPARE HIMSELF AND THEN HE SHOULD TAKE AND WHOM HE SHOULD NOT HARRIET HERSELF 
LOG (gmm-latgen-faster[5.5.668~1493-53c4b]:DecodeUtteranceLatticeFaster():decoder-wrappers.cc:375) Log-like per frame for utterance 89-218-0034 is -8.31349 over 1538 frames.
89-218-0035 AS IF YOU WISH FOR THE PROTECTION OF MOONLIGHT AFTER HE WENT INTO THE FIRE THEREFORE DIED AWAY AND HAPPENED HAVING SPENT THE BEST PART OF AN HOUR IN HER ARRANGEMENTS WAS BEGINNING TO THINK OF STEPPING INTO THE HEAD WHEN I DO PART IN LESS THAN ON THE ROOM 
LOG (gmm-latgen-faster[5.5.668~1493-53c4b]:DecodeUtteranceLatticeFaster():decoder-wrappers.cc:375) Log-like per frame for utterance 89-218-0035 is -8.4362 over 1449 frames.
89-218-0036 SHE MUST NOT BY THE APPEARANCE OF A WHY OLD FASHIONED BLACK CABINET WHICH THOUGH IT IS SITUATIONS THINK US ENOUGH AND AFRICA HER NOTICE BEFORE HIM THESE WORDS HIS DESCRIPTION OF THE EBONY CABINET WHICH WAS TO ESCAPE FOR OBSERVATION AT FIRST 
LOG (gmm-latgen-faster[5.5.668~1493-53c4b]:DecodeUtteranceLatticeFaster():decoder-wrappers.cc:375) Log-like per frame for utterance 89-218-0036 is -8.39165 over 1503 frames.
89-218-0037 IMMEDIATELY AFTER PRESS HAIR AND THEN THEY COULD BE NOTHING MEAN THE IN A YOU WILL SOMETHING WHIMSICAL IT WAS CERTAINLY A VERY REMARKABLE WHO INCIDENTS HE TOOK A CANDLE AND LOOKED CLOSELY AT THE CABINET IT WAS NOT ABSENTED THE EBONY AND GOLD 
LOG (gmm-latgen-faster[5.5.668~1493-53c4b]:DecodeUtteranceLatticeFaster():decoder-wrappers.cc:375) Log-like per frame for utterance 89-218-0037 is -8.22662 over 1568 frames.
89-218-0038 BUT IT WAS JAPAN BLACK AN EEL OF JAPAN OF THE HANDSOMEST KIND AND I SHE HELD A CANDLE THE YELLOW HAD VERY MUCH THE EFFECTS OF GOLD THE HE WAS IN THE DOOR AND SHE HAD A STRANGE FANCY TO LOOK INTO IT NOT HOWEVER WITH THE SMALLEST EXPECTATION OF FINDING ANYTHING 
LOG (gmm-latgen-faster[5.5.668~1493-53c4b]:DecodeUtteranceLatticeFaster():decoder-wrappers.cc:375) Log-like per frame for utterance 89-218-0038 is -8.34517 over 1589 frames.
89-218-0039 BUT IT WILL SOON CARRIED ON AFTER MY HEAD IN ITS THAN IN SHORT SHE COULD NOT SLEEP TO SEE HIM EXAMINED IT SO PLACE IN THE CANDLE WITH PRECAUTION OF A CHAIR SHE SEES THE KEY OF A VERY TREMULOUS HANDED TRIED TO TURN A GOOD BASIS TO HER AT THE STRENGTH 
LOG (gmm-latgen-faster[5.5.668~1493-53c4b]:DecodeUtteranceLatticeFaster():decoder-wrappers.cc:375) Log-like per frame for utterance 89-218-0039 is -8.27429 over 1513 frames.
89-218-0040 A MOMENT BUT NOT DISPARAGE SHE TRIED IN ANOTHER WAY DOUBLE FLEW THAT SHE BELIEVED HERSELF SUCCESSFUL BUCKLE STRANGELY MYSTERIOUS THE DOOR WAS STILL THE MOVABLE SHE PAUSED A MOMENT OF BREATH WITH WONDER 
LOG (gmm-latgen-faster[5.5.668~1493-53c4b]:DecodeUtteranceLatticeFaster():decoder-wrappers.cc:375) Log-like per frame for utterance 89-218-0040 is -8.23144 over 1342 frames.
89-218-0041 THE WIND NOR DOWN TO ME THE VAIN BEAT IN TORRENTS AGAINST THE WINDOW IN EVERYTHING SEEMED TO SPEAK THE OFFICE OF HER SITUATION 
LOG (gmm-latgen-faster[5.5.668~1493-53c4b]:DecodeUtteranceLatticeFaster():decoder-wrappers.cc:375) Log-like per frame for utterance 89-218-0041 is -8.17474 over 835 frames.
89-218-0042 TO RETIRED TO BED HOWEVER ON SATISFIED AND SUCH A POINT WOULD BE VAIN SINCE WE MUST BE IMPOSSIBLE WITH THE CONSCIOUSNESS OF THE HABITS OF THIS CURIOUSLY CLOSE TO HER IMMEDIATE VICINITY AGAIN THEREFORE SHE APPLIED HERSELF TO THE KEY 
LOG (gmm-latgen-faster[5.5.668~1493-53c4b]:DecodeUtteranceLatticeFaster():decoder-wrappers.cc:375) Log-like per frame for utterance 89-218-0042 is -8.29962 over 1337 frames.
89-218-0043 AND AFTER LIVING IN IN EVERY POSSIBLE WAIT FOR SOME INSTANCE WITH A DETERMINED SEVERITY OF HOPES LAST EFFORT THE DOOR SUDDENLY YIELDED TO HER HAND HER HEART LEAPT WITH VESSEL PATIENCE A TO VICTORY 
LOG (gmm-latgen-faster[5.5.668~1493-53c4b]:DecodeUtteranceLatticeFaster():decoder-wrappers.cc:375) Log-like per frame for utterance 89-218-0043 is -8.38088 over 1167 frames.
89-218-0044 AND HAVING THRONE UP IN EACH FOLDING TO OF THE SECOND BEING SECURE ONLY NOBLES AND LESS WONDERFUL CONCEPTION OF THE LAW KNOWING THAT HER I COULD NOT TO SAY ANYTHING UNUSUAL AND DOUBLE RANGE OF SMALL DOOR SECURE IN VIEW WITH A LARGE IT FURS OF THE OF BELOW THEM AND IN THE CENTER 
LOG (gmm-latgen-faster[5.5.668~1493-53c4b]:DecodeUtteranceLatticeFaster():decoder-wrappers.cc:375) Log-like per frame for utterance 89-218-0044 is -8.37072 over 1558 frames.
89-218-0045 A SMALL DOOR CLOSED ALSO WITH THE LOCK AND HE SECURED IN ALL HAVE ABILITY TO CAPTIVATE OF IMPORTANCE CONFERENCE HEARD THE CREEK THE VICARAGE DID NOT FAIL HER WITH THAT SHE CLASH BY HOPE IN MY STREAMING CURIOSITY 
LOG (gmm-latgen-faster[5.5.668~1493-53c4b]:DecodeUtteranceLatticeFaster():decoder-wrappers.cc:375) Log-like per frame for utterance 89-218-0045 is -8.23782 over 1471 frames.
89-218-0046 THE FINGERS GRASPED THE HANDLE THE DOOR AND JERRY FOR IT WAS ENTIRELY AND DAY WITH LESS ALIVE IN GREATER EAGERNESS SHE SEES THE SECOND MARRIAGE OF FORTH EACH WAS SECRETLY AND DAY NOT ONE WAS OFTEN SEARCHED 
LOG (gmm-latgen-faster[5.5.668~1493-53c4b]:DecodeUtteranceLatticeFaster():decoder-wrappers.cc:375) Log-like per frame for utterance 89-218-0046 is -8.04788 over 1492 frames.
89-218-0047 ANY NOT ONE OF ANYTHING FOUND WELL READ IN THE ART OF CONCEALING TO TREASURE THE POSSIBILITY OF FALSE LINES TO THE DRAWERS DID NOT ESCAPE HER AND SHE FELL DOWN TO TEACH THE ANXIOUS TO KEEP HIS IN VAIN THE PLACE IN THE ALONE REMAINED NAIL UNEXPLORED AND THOUGH SHE HAD 
LOG (gmm-latgen-faster[5.5.668~1493-53c4b]:DecodeUtteranceLatticeFaster():decoder-wrappers.cc:375) Log-like per frame for utterance 89-218-0047 is -8.15937 over 1668 frames.
89-218-0048 HER GREAT EYES DIRECTLY FELL ON WILL HEED FOR WHICH BACK INTO TWO FOR THE PART OF THE CAFE DE APPARENTLY FOR CONCEALMENT AND A FEELINGS OF THE MOMENT WERE INDESCRIBABLE HER HER IT FLUTTER HER KNEES TREMBLE AT HIS CHEEKS GREW PALE 
LOG (gmm-latgen-faster[5.5.668~1493-53c4b]:DecodeUtteranceLatticeFaster():decoder-wrappers.cc:375) Log-like per frame for utterance 89-218-0048 is -8.34142 over 1465 frames.
89-218-0049 SHE SEES WITHIN AN STEADYING HAND TO PRECIOUS MANUSCRIPT 
LOG (gmm-latgen-faster[5.5.668~1493-53c4b]:DecodeUtteranceLatticeFaster():decoder-wrappers.cc:375) Log-like per frame for utterance 89-218-0049 is -8.06502 over 396 frames.
89-218-0050 AND WHILE SHE ACKNOWLEDGE THAT AWFUL SENSATIONS THE STRIKING EXAMPLE THE PATIENT WITH HENRY HAD FORETOLD RESOLVE INSTANTLY TO HER IS EVERY LINE BEFORE HE ATTEMPTED TO REST TO DO THIS OF THE LIGHT AND TENDER LIMITED MADE HER TURN TO HIM WITH THE LAWN 
LOG (gmm-latgen-faster[5.5.668~1493-53c4b]:DecodeUtteranceLatticeFaster():decoder-wrappers.cc:375) Log-like per frame for utterance 89-218-0050 is -8.35679 over 1395 frames.
89-218-0051 A LAUGH COULD NOT HEADACHES FIVE O'CLOCK AWFUL EFFECT PATH OF PERFUME RISES MOTIONLESS HER FOR IT WAS DONE COMPLETELY NOT A BANDIT TO FLIGHT WE COULD GIVE HOPE TO THE RETAINED EVERY BREATH DARKNESS IMPENETRABLE AND THE MOVABLE FELL THE ROOM 
LOG (gmm-latgen-faster[5.5.668~1493-53c4b]:DecodeUtteranceLatticeFaster():decoder-wrappers.cc:375) Log-like per frame for utterance 89-218-0051 is -8.11198 over 1566 frames.
89-218-0052 A VIOLENT TEST OF RAIN RISE IN THE SUN FURY ADDED FRESH HORROR TO THE MOMENT CASQUE AND TREMBLE FOR HAD TO FOOT IN APPLAUSE WHICH SUCCEEDED A SOUND LIKE PRECEDING FOOTSTEPS AND CLOTHES AND HUNTED JUST A DOOR 
LOG (gmm-latgen-faster[5.5.668~1493-53c4b]:DecodeUtteranceLatticeFaster():decoder-wrappers.cc:375) Log-like per frame for utterance 89-218-0052 is -8.02793 over 1455 frames.
89-218-0053 STOP HER FREIGHTED HERE HUMAN NATURE COULD SUPPORT NO MORE A COLD SWEPT STOOD ON HER FOREHEAD THE MANUSCRIPT FELL FOR HER HAND THE GRIP OF HER WAY TO THE DEAD SHE JUDGED HASTILY AND THIN SOFT SOUNDS HIS PENSION AND AGONY BY KEEPING FIRE UNDERNEATH THE CLOTHES 
LOG (gmm-latgen-faster[5.5.668~1493-53c4b]:DecodeUtteranceLatticeFaster():decoder-wrappers.cc:375) Log-like per frame for utterance 89-218-0053 is -8.10953 over 1540 frames.
89-218-0054 TO CLOSE ARISES SLEEP THAT NIGHT SHE FELT MUST BE ENTIRELY OUT OF THE QUESTION WITH THE CURIOSITY SAID JUSTLY AWAKENING FEELINGS IN EVERY WAY SO AGITATED REPOSE WAS THE ABSOLUTELY IMPOSSIBLE THE STORM TO BRIDE SO DREADFUL 
LOG (gmm-latgen-faster[5.5.668~1493-53c4b]:DecodeUtteranceLatticeFaster():decoder-wrappers.cc:375) Log-like per frame for utterance 89-218-0054 is -8.1755 over 1527 frames.
89-218-0055 SHE HAD NOT BEEN USED TO FELINE FROM ME AND THE NOW EVERY LASTING FROCK WITH AWFUL INTELLIGENCE AND MANUSCRIPTS A WONDERFULLY FANCY WONDERFULLY ACCOMPLISH AND WORE RINGS PRODUCTION HOW WAS A TO BE ACCOUNTED FOR WHAT CAN CONTAIN 
LOG (gmm-latgen-faster[5.5.668~1493-53c4b]:DecodeUtteranceLatticeFaster():decoder-wrappers.cc:375) Log-like per frame for utterance 89-218-0055 is -8.35767 over 1396 frames.
89-218-0056 BUT WHAT MEANS COMMITTED BEEN SO LONG CONCEAL HER HOW SOON EVEN THE STRANGE FISH IN FULL TO HER LOG TO DISCOVER AT THAT SHE HAD MADE HERSELF MISTRESS OF ITS CONTENTS HELEN FOR SHE COULD HAVE NEITHER REPOSE NOT COMFORT THEM WITH THE SENSE FIRST RAYS SHE WAS DETERMINED TO HER IS IT 
LOG (gmm-latgen-faster[5.5.668~1493-53c4b]:DecodeUtteranceLatticeFaster():decoder-wrappers.cc:375) Log-like per frame for utterance 89-218-0056 is -8.24846 over 1722 frames.
89-218-0057 AS IF ANY ATTEMPT TO SOMEBODY TO ENTER ALL OVER RECEIVED CREEP ALONG THE GALLERY IN MORE THAN ONCE THE BLOW OF HIS CHILDREN THE SOUND DISTANT MOANS 
LOG (gmm-latgen-faster[5.5.668~1493-53c4b]:DecodeUtteranceLatticeFaster():decoder-wrappers.cc:375) Log-like per frame for utterance 89-218-0057 is -8.18092 over 948 frames.
89-219-0000 INSTANTANEOUS LEAVE THE CONSCIOUSNESS OF EXISTENCE RETURN TO REFLECTION OF THE MANUSCRIPT AND THREW FROM THE BED AND VERY MOMENT OF THE MAIN SCALING WAY SHE EITHER NEGLECTED EVERY SCATTERED SHE FITTED FIRST TO WALLACE FALL INTO THE GROUND AND FLEW THAT TO ENJOY THE LUXURY OF THEIR PROVISO ON HER PILLOW 
LOG (gmm-latgen-faster[5.5.668~1493-53c4b]:DecodeUtteranceLatticeFaster():decoder-wrappers.cc:375) Log-like per frame for utterance 89-219-0000 is -8.42684 over 1669 frames.
89-219-0001 SHE NO PLAINLY SOLID SHE MUST UNEXPECTED MANUSCRIPT OF EQUAL LENGTH WITH THE GENERALITY OF WHICH SHE HAD SHOWED EVERY BOX FOR THE BOLD SEEMED TO INSIST ENTIRELY IN SMALL DISJOINTED CHEESE WAS ALTOGETHER ONE OF TRIFLING SIZE 
LOG (gmm-latgen-faster[5.5.668~1493-53c4b]:DecodeUtteranceLatticeFaster():decoder-wrappers.cc:375) Log-like per frame for utterance 89-219-0001 is -8.33701 over 1356 frames.
89-219-0002 AND MUCH LESS THAN SHE HAD SUPPOSED IT TO THE AFFAIRS THE CREED I GLANCED RAPIDLY OF FOR A PAGE SHE STARTED GATES AND POOR COULD IMPOSSIBLE WE DID NOT HER SENSES PLAIN OR FALSE AN INFANT WHOLLY OF LYNDON 
LOG (gmm-latgen-faster[5.5.668~1493-53c4b]:DecodeUtteranceLatticeFaster():decoder-wrappers.cc:375) Log-like per frame for utterance 89-219-0002 is -8.11775 over 1423 frames.
89-219-0003 IN COURSE IN MODERN CHARACTER IS SEEMED ALL THAT WAS BEFORE HER IF THE EVIDENCE OF SIGHT MUST BE TRUSTED SHE WHOLE WASHING BILL OF HER HAND SHE SEES ANOTHER SHE I SAW THE SAME ARTICLES OF LITTLE VARIATIONS THERE BEFORE THAT IF IF PRESENTED NOTHING OF 
LOG (gmm-latgen-faster[5.5.668~1493-53c4b]:DecodeUtteranceLatticeFaster():decoder-wrappers.cc:375) Log-like per frame for utterance 89-219-0003 is -8.16497 over 1601 frames.
89-219-0004 SURE IT'S STOCKINGS CREVASSE AND BRACELETS THE STREAM EACH TWO OTHERS PEN BY THE SAME HAND RECKON EXPENDITURES SCARCELY MORE INTRUSTING IN THAT IS HERE POWDER SHE STRENGTHEN BREECHES BALL AND A LARGE A SHE 
LOG (gmm-latgen-faster[5.5.668~1493-53c4b]:DecodeUtteranceLatticeFaster():decoder-wrappers.cc:375) Log-like per frame for utterance 89-219-0004 is -8.18579 over 1394 frames.
89-219-0005 TO SUPPOSE THEM MANUSCRIPT OF MANY GENERATIONS BACK IN THE MEANS AN DISCOVERED INNER ROOM SUCH AS THAT SOME MODERN SO HABITS OF ALL 
LOG (gmm-latgen-faster[5.5.668~1493-53c4b]:DecodeUtteranceLatticeFaster():decoder-wrappers.cc:375) Log-like per frame for utterance 89-219-0005 is -8.41175 over 772 frames.
89-219-0006 THE HAD NOT THE CABIN IT APPEARED SO EXACTLY TO THE WITH HIS DESCRIPTION OF HER ADVENTURE AS SHE SHOULD NEVER FELT THE SMALLEST CURIOSITY ABOUT AT THIS WAS THE ONLY COMFORT IT OCCURRED IMPATIENT TO GET RID OF HIS EVIL EVIDENCES OF HER FOLLY IS DETESTABLE PAPERS AND SCATTERED AND THEN 
LOG (gmm-latgen-faster[5.5.668~1493-53c4b]:DecodeUtteranceLatticeFaster():decoder-wrappers.cc:375) Log-like per frame for utterance 89-219-0006 is -8.39167 over 1645 frames.
89-219-0007 FOR SHE COULD NO MATTER SO WITH TERRIFIC THESE IN THIS THEY WOULD SURELY SOMETHING VARIOUS AND SHE INDULGE IN THE FLATTERING SUGGESTION FASCINATED TILL THE POSSIBILITY OF THE DOORS HAVING BEEN AT FIRST AND LOCKED 
LOG (gmm-latgen-faster[5.5.668~1493-53c4b]:DecodeUtteranceLatticeFaster():decoder-wrappers.cc:375) Log-like per frame for utterance 89-219-0007 is -8.25607 over 1213 frames.
89-219-0008 AND YET AN EQUAL TO ANNOUNCE THE FALL SAID 
LOG (gmm-latgen-faster[5.5.668~1493-53c4b]:DecodeUtteranceLatticeFaster():decoder-wrappers.cc:375) Log-like per frame for utterance 89-219-0008 is -8.61116 over 254 frames.
89-219-0009 WHO HAD ACTUALLY MORNING OFTEN IT SHE ADDED DESIRE AND TO GET RID OF THE SUBJECT 
LOG (gmm-latgen-faster[5.5.668~1493-53c4b]:DecodeUtteranceLatticeFaster():decoder-wrappers.cc:375) Log-like per frame for utterance 89-219-0009 is -8.16644 over 513 frames.
89-219-0010 AND HOW MANY LEARNED CLASSES AND ARGUMENTS 
LOG (gmm-latgen-faster[5.5.668~1493-53c4b]:DecodeUtteranceLatticeFaster():decoder-wrappers.cc:375) Log-like per frame for utterance 89-219-0010 is -8.12042 over 314 frames.
89-219-0011 AS A MEANS OF GETTING YOU WANT TO US AND CONTINUED TO MORE FREQUENT EXERCISE THE NEW ONE OF THEIR LIVES TAKE INTO THEM OF THE HIGHEST IN MAINE HE ADDED DOMESTIC WHO CAN TELL THE SENTIMENT ONCE FRANCE REMAIN TIME COME TO LOVE OF ROSE 
LOG (gmm-latgen-faster[5.5.668~1493-53c4b]:DecodeUtteranceLatticeFaster():decoder-wrappers.cc:375) Log-like per frame for utterance 89-219-0011 is -8.28652 over 1357 frames.
89-219-0012 I DO NOT WANT ANY SUCH TO SAY TO GET THE UNTIL AS THE FOOT OF WALKING INBREEDING FRESH AIR IS ENOUGH FOR ME 
LOG (gmm-latgen-faster[5.5.668~1493-53c4b]:DecodeUtteranceLatticeFaster():decoder-wrappers.cc:375) Log-like per frame for utterance 89-219-0012 is -8.42104 over 701 frames.
89-219-0013 MAMMA SAYS I AM NEVER WITHIN 
LOG (gmm-latgen-faster[5.5.668~1493-53c4b]:DecodeUtteranceLatticeFaster():decoder-wrappers.cc:375) Log-like per frame for utterance 89-219-0013 is -7.98822 over 232 frames.
89-219-0014 IN THEIR HABIT OF MARRYING TO LOVE IS NOTHING AND EIGHTY TO LISTEN DISPOSITION IN A YOUNG LADY OF THE GREAT NOTHING AS MY SISTER A PLEASANT MOTIVE INSTRUCTION CAFE WAS SAVED THE INVESTMENT OF ATTEMPTING IN ANSWER BY THE ENTRANCE OF THE GENERAL 
LOG (gmm-latgen-faster[5.5.668~1493-53c4b]:DecodeUtteranceLatticeFaster():decoder-wrappers.cc:375) Log-like per frame for utterance 89-219-0014 is -8.22828 over 1387 frames.
89-219-0015 WHO SMILING COMPLIMENTS ANNOUNCE THE HAPPY STATE OF MIND OF HIS GENTLE HINTED SYMPATHETIC REALLY RISING DID NOT ADVANCED COMPOSURE THE ELEGANCE OF THE BREAKFAST SET FORTH TO SELL FIND HALF PRISONER IS FROM THE RECEDED A TABLE AND HE SAID THE IT HAD BEEN THE GENERAL STRIDES 
LOG (gmm-latgen-faster[5.5.668~1493-53c4b]:DecodeUtteranceLatticeFaster():decoder-wrappers.cc:375) Log-like per frame for utterance 89-219-0015 is -8.42066 over 1541 frames.
89-219-0016 HE WAS AND CHANTED BY APPROBATION OF HIS TASTE CONFESS IT TO THE NEED IN SIMPLE WIDEN RIGHT TO INTERROGATE MANUFACTURE OF HIS COUNTRY AND FOR HIS PRACTISED IN CRIPPLE PALATE THAT HE WAS AS WELL FLAVOR OF FRANCE STAFFORD CHANT 
LOG (gmm-latgen-faster[5.5.668~1493-53c4b]:DecodeUtteranceLatticeFaster():decoder-wrappers.cc:375) Log-like per frame for utterance 89-219-0016 is -8.49474 over 1352 frames.
89-219-0017 HE TRUSTED HOWEVER THAT AN OPPORTUNITY MIGHT THEIR LONG OCCUR OF SELECTING MON DO NOT FOR HIMSELF MASTER WAS PROBABLY THE ONLY ONE OF THE PARTY HE DID NOT UNDERSTAND HIM 
LOG (gmm-latgen-faster[5.5.668~1493-53c4b]:DecodeUtteranceLatticeFaster():decoder-wrappers.cc:375) Log-like per frame for utterance 89-219-0017 is -8.27565 over 1065 frames.
89-219-0018 SHALL AFTER BREAKFAST HENRIETTA THEM FOR WITHIN WERE BUSINESS HE FIRED WOULD SINK INTO A THREE DAYS THEY ALL ATTENDED IN THE HALL TO SEE YOU NOTICE WAS AN IMMEDIATELY ONLY ENTERING THE BREAKFAST RIM CAFE MOCK TO A WINDOW IN THE HOPE OF CATCHING HIM OF A GLIMPSE OF HIS FINGER 
LOG (gmm-latgen-faster[5.5.668~1493-53c4b]:DecodeUtteranceLatticeFaster():decoder-wrappers.cc:375) Log-like per frame for utterance 89-219-0018 is -8.36386 over 1580 frames.
89-219-0019 OBSERVED THE GENERAL TO HELEN HELEN WOULD STING WITH A FUSS OVER APPEARANCE DAY IS A PRETTY THINGS LAST HAPPEN WILL SAY YOU ARE SPEAK YOUR OPINION FILING THESE CONFESSED A THE TASTE AND LADIES IN REGARD TO PLACES AS WELL AS MAN 
LOG (gmm-latgen-faster[5.5.668~1493-53c4b]:DecodeUtteranceLatticeFaster():decoder-wrappers.cc:375) Log-like per frame for utterance 89-219-0019 is -8.19703 over 1537 frames.
89-219-0020 I THINK OF THE KNOWLEDGE BY THE MOST AND HARSH ALIVE OF MANY RECOMMENDATION THE HALL STANDS AMONG FIND THAT AS FACE IN THE SOUTH EACH WITH AN EXCELLENT KITCHEN GARDEN IN THE SAME ASPECT 
LOG (gmm-latgen-faster[5.5.668~1493-53c4b]:DecodeUtteranceLatticeFaster():decoder-wrappers.cc:375) Log-like per frame for utterance 89-219-0020 is -8.45627 over 1170 frames.
89-219-0021 THE WALL SURROUNDED WITH JOY IN GUILT AND STOP MYSELF ABOUT TEN YEARS AGO FOR THE BENEFIT OF MY SON IN THE FAMILY LIVING THIS MOMENT ON THE PROPERTY IN A PLACE BEING CHIEFLY MY OWN YOU MAY BELIEVE I TAKE ADVANTAGE SHALL NOT BE APPLIED ONE 
LOG (gmm-latgen-faster[5.5.668~1493-53c4b]:DecodeUtteranceLatticeFaster():decoder-wrappers.cc:375) Log-like per frame for utterance 89-219-0021 is -8.4679 over 1467 frames.
89-219-0022 DO ANYTHING COMMON COUNCIL YOUNG IS THAT A HE WOULD NOT BE ILL PROVIDED FULL OF FEROCITY SEEN ALL OF THAT WOULD ONLY TO YOUNGER CHILDREN I SHOULD THINK ANY PROFESSION NECESSARY FOR HIM A CERTAIN LATE HOUR MOMENTS WHEN WE CALL WISHING THIS ENGAGED TO EVERY TIDE OF BUSINESS 
LOG (gmm-latgen-faster[5.5.668~1493-53c4b]:DecodeUtteranceLatticeFaster():decoder-wrappers.cc:375) Log-like per frame for utterance 89-219-0022 is -8.52561 over 1578 frames.
89-219-0023 BUT THOUGH I MAY NOT EXACTLY MAY CONVERT SAID YOU YOUNG LADIES I'M SURE YOUR FATHER IS MORE THAN ONE GREATLY IN THINKING EXPEDIENT TO GET AT THE YOUNG MAN'S EMPLOYMENT THE MONEY IS NOT IN IT IS NOT AN OBJECT WHAT EMPLOYMENT AS THE THING 
LOG (gmm-latgen-faster[5.5.668~1493-53c4b]:DecodeUtteranceLatticeFaster():decoder-wrappers.cc:375) Log-like per frame for utterance 89-219-0023 is -8.59425 over 1451 frames.
89-219-0024 AS HIS PROFESSION IMPOSING ASPECT OF THIS LAST I CAN IT WAS EQUAL TO HIS WISHES THE SENSE OF THE LADY FITTED TO BE ON AN CIVIL SO THEY HAD BEEN SAID THE EVENING BEFORE HIM FOR THE NATION IF IT THE HOUSE IF HE NOW OFFERED HIMSELF THE SICK AND AFTER 
LOG (gmm-latgen-faster[5.5.668~1493-53c4b]:DecodeUtteranceLatticeFaster():decoder-wrappers.cc:375) Log-like per frame for utterance 89-219-0024 is -8.29748 over 1563 frames.
89-219-0025 AT ACCOUNTING HAD HOPED TO US PLAY ACCOMPANIED ONLY BY HIS DAUGHTER IT WAS A PROPOSALS TOO MUCH HAPPINESS IN ITSELF UNDER ANY CIRCUMSTANCES NOT TO BE LEFT THE EXCITED 
LOG (gmm-latgen-faster[5.5.668~1493-53c4b]:DecodeUtteranceLatticeFaster():decoder-wrappers.cc:375) Log-like per frame for utterance 89-219-0025 is -8.52754 over 1004 frames.
89-219-0026 IT SEEMED ONLY A FEW OF ITALIANS IN GETTING BOX JUST LEISURE THE JOHN FOURTH WAS CLOSE TO A JOYFUL HASTE AND SHE WAS READY TO INTENTION IN A MOMENT 
LOG (gmm-latgen-faster[5.5.668~1493-53c4b]:DecodeUtteranceLatticeFaster():decoder-wrappers.cc:375) Log-like per frame for utterance 89-219-0026 is -8.37889 over 972 frames.
89-219-0027 THE PLEASURE OF THE COMPANY IN HER INTO THE SHOP REASON GARDEN SHE COURTESIED ACQUIESCENCE THE MOTOR AH SAID LET YOU AGREEABLE TO HER TO MEET US THE FIRST OBJECT 
LOG (gmm-latgen-faster[5.5.668~1493-53c4b]:DecodeUtteranceLatticeFaster():decoder-wrappers.cc:375) Log-like per frame for utterance 89-219-0027 is -8.36814 over 1043 frames.
89-219-0028 NO OTHER WAS AT PRESENT FAVORABLE UNACCUSTOMED OF THE IT HE ANSWERED HE WAS VERY GREAT OF ITS CONTINUING SO WHICH WOULD SHE THE THIRD HE WAS DEEPLY IT OR SERVICE 
LOG (gmm-latgen-faster[5.5.668~1493-53c4b]:DecodeUtteranceLatticeFaster():decoder-wrappers.cc:375) Log-like per frame for utterance 89-219-0028 is -8.50555 over 926 frames.
89-219-0029 HE YIELDED TO THE CITY AND WOULD FETCH AS HIGH AND ATTENDED HIM IN A MOMENT HE LEFT THE ROOM AND TALKED IN THE DISAPPOINTED ANXIOUS FACE BEGAN SPEAKING FOR A VIOLINIST HE SHOULD BE TAKEN OF DOORS AGAINST HIS OWN INCLINATIONS OF YOUR MISTAKING IDEA OF PLEASING HAIR 
LOG (gmm-latgen-faster[5.5.668~1493-53c4b]:DecodeUtteranceLatticeFaster():decoder-wrappers.cc:375) Log-like per frame for utterance 89-219-0029 is -8.46964 over 1533 frames.
89-219-0030 CANTON DID NOT EXACTLY KNOW HOW THIS IS TO BE UNDERSTOOD WHILST THE STONY AND EYES GOOD MANY ANY UNWILLING IS ONLY GENERAL SIDE TO SHOW HER FOR THE ABBEY THAT BEFELL ONCE HIS OWN 
LOG (gmm-latgen-faster[5.5.668~1493-53c4b]:DecodeUtteranceLatticeFaster():decoder-wrappers.cc:375) Log-like per frame for utterance 89-219-0030 is -8.3466 over 1165 frames.
89-219-0031 NEITHER OF FALLEN ON MISS CHANNING DID SO HE WAS SITTING VERY DEVOTING 
LOG (gmm-latgen-faster[5.5.668~1493-53c4b]:DecodeUtteranceLatticeFaster():decoder-wrappers.cc:375) Log-like per frame for utterance 89-219-0031 is -8.22423 over 462 frames.
89-219-0032 IF HENRY HAD BEEN WITH AN EMPTY BUT NOW SHE SHOULD NOT KNOW WHAT WAS PICTURESQUE WHEN SHE SAW BY SUCH A FOX THAT IT HAPPENED TO HERSELF AND PUT ON HER BONNET INDICATION DISCONTENT FEW STOCK OVER THE ON HER EXPECTATION OF THE BADGER OF THE ABBEY 
LOG (gmm-latgen-faster[5.5.668~1493-53c4b]:DecodeUtteranceLatticeFaster():decoder-wrappers.cc:375) Log-like per frame for utterance 89-219-0032 is -8.38276 over 1514 frames.
89-219-0033 AS SHE SIGHED FOR THE FIRST TIME MILAN THE WHOLE DON'T THINK WAS THE LARGE COURT INTO SIDES OF THE QUITE TANGLE REACHING GOTHIC ORNAMENTS STOOD FORTH ADMIRATION REMAIN THERE WAS SHOULDER OFF BY ANNALS OF OLD TREES THEY LUXURIOUS AND PATIENCE 
LOG (gmm-latgen-faster[5.5.668~1493-53c4b]:DecodeUtteranceLatticeFaster():decoder-wrappers.cc:375) Log-like per frame for utterance 89-219-0033 is -8.26049 over 1514 frames.
89-219-0034 AND STATELY HILLS AS BEHIND THE GOOD SHELTER WOULD BEAUTIFUL EVEN IN LEAGUE WITH ONE OF MY COUNTENANCE THE NOTHING TO COMPARE WITH THE INTERFERENCE IT AND I WAS SO STRONG IT WITHOUT WAITING FOR ANYBODY WITH PARTY SHOULD ONLY BURST FORTH AND WONDERED PRAISE 
LOG (gmm-latgen-faster[5.5.668~1493-53c4b]:DecodeUtteranceLatticeFaster():decoder-wrappers.cc:375) Log-like per frame for utterance 89-219-0034 is -8.35643 over 1517 frames.
89-219-0035 THE GENERAL LISTENED WITH DISSENTING GRATITUDE IN IT SEEMED AS IF HIS OWN DESTINATION MORE THAN HER HAND WADED AND FIT TO OF AN HOUR 
LOG (gmm-latgen-faster[5.5.668~1493-53c4b]:DecodeUtteranceLatticeFaster():decoder-wrappers.cc:375) Log-like per frame for utterance 89-219-0035 is -8.30604 over 784 frames.
89-219-0036 AND HE LED THE WAY TO ACROSS A SMALL PORTION OF THE PART BEEN ENTERED A FACE CONTAINED IN IS BARTON WAS SUCH AS CATHOLIC COULD NOT LISTEN TO WITHOUT TO SAY THE MORE THE DOUBLE THE EXTENT OF ALL MISTER TALENT AS WELL AS HIS FATHER'S INCLUDING CHURCH HEARD AND WORSHIP 
LOG (gmm-latgen-faster[5.5.668~1493-53c4b]:DecodeUtteranceLatticeFaster():decoder-wrappers.cc:375) Log-like per frame for utterance 89-219-0036 is -8.42842 over 1484 frames.
89-219-0037 THE WALL SEEMED HOLLIS AND NUMBER AND LISTENING OF VILLAGE OF HOT HOUSES SEEMED TO RISE AMONG THE MEADOW OLD IRISH TO THE OF WERE WITHIN THE ENCLOSURE THE GENERAL THUS CLOUDED BY HIM LOOKS OF SURPRISE WHICH TOLD HIM ALMOST AS PLAINLY 
LOG (gmm-latgen-faster[5.5.668~1493-53c4b]:DecodeUtteranceLatticeFaster():decoder-wrappers.cc:375) Log-like per frame for utterance 89-219-0037 is -8.39495 over 1346 frames.
89-219-0038 AS HE SOON FORCED TO TELL HIM IN WORDS THAT SHE HAD NEVER SEEN ANY GUARD SET ALL EQUAL TO THEM BEFORE 
LOG (gmm-latgen-faster[5.5.668~1493-53c4b]:DecodeUtteranceLatticeFaster():decoder-wrappers.cc:375) Log-like per frame for utterance 89-219-0038 is -8.29532 over 581 frames.
89-219-0039 WITHOUT ANY AMBITION AFTER HIMSELF THAT A SOLICITED ABOUT IT HE DID BELIEVE INTO THE UNRIVALLED IN THE KINGDOM IF HE HAD HAUNTED WAS IT WAS THE KING LONGER THAN THOSE CALLOUS AND OFTEN MUST MATTERS OF BEATING HE LOATHED GOOD FOR IT 
LOG (gmm-latgen-faster[5.5.668~1493-53c4b]:DecodeUtteranceLatticeFaster():decoder-wrappers.cc:375) Log-like per frame for utterance 89-219-0039 is -8.28023 over 1548 frames.
89-219-0040 OR HE DID NOT IS PRESENT CHILDREN DID NEVER GREAT VEXATIONS HOWEVER ATTENDING SUCH A GUARD MISSUS 
LOG (gmm-latgen-faster[5.5.668~1493-53c4b]:DecodeUtteranceLatticeFaster():decoder-wrappers.cc:375) Log-like per frame for utterance 89-219-0040 is -8.33857 over 664 frames.
89-219-0041 WITH A TRIUMPHANT SMILE OF SELF SATISFACTION THE GENERAL WISHED HE COULD GIVE THE SAME 
LOG (gmm-latgen-faster[5.5.668~1493-53c4b]:DecodeUtteranceLatticeFaster():decoder-wrappers.cc:375) Log-like per frame for utterance 89-219-0041 is -8.17527 over 503 frames.
89-219-0042 BY ITS FALL INTO HIS LAND OUR MISTER ELLISON SESSION HOUSES WERE DESCRIBING THE NATURE OF HIS OWN AS THEY HAD DONE MISTER ALLAN HAD ONLY ONE SMALL HOTHOUSE BUSINESS IS HELEN HAD THE USE OF FRIENDS IN WINTER AND THOSE OF FIRING MOUNTAIN 
LOG (gmm-latgen-faster[5.5.668~1493-53c4b]:DecodeUtteranceLatticeFaster():decoder-wrappers.cc:375) Log-like per frame for utterance 89-219-0042 is -8.28233 over 1626 frames.
89-219-0043 HE IS A HAPPY MAN SAID THE GENERAL WITH THEM THAT THE VERY HAPPY CONTEMPT AND TAKEN HAIR ITS EVERY DIVISION AND THE HAIR AND EVERY WALL SAYS SHE WAS HARDLY VARIOUS AM WONDERING 
LOG (gmm-latgen-faster[5.5.668~1493-53c4b]:DecodeUtteranceLatticeFaster():decoder-wrappers.cc:375) Log-like per frame for utterance 89-219-0043 is -8.14266 over 1242 frames.
89-219-0044 HE SAT FOR THE GIRL'S OF LAST TO SEE IS THE ADVANTAGE OF HONOR DOOR AND THEN EXPRESSING HIS WISH TO EXAMINED THE EFFECT OF SOME REASON ALTERATION DID NOT THAT HE HAS OPPOSED AS ILL UNPLEASANT EXCEPTION OF THEIR WALK IN THIS MORNING WHEN ALL TIRED 
LOG (gmm-latgen-faster[5.5.668~1493-53c4b]:DecodeUtteranceLatticeFaster():decoder-wrappers.cc:375) Log-like per frame for utterance 89-219-0044 is -8.55079 over 1337 frames.
89-219-0045 BUT WHERE YOU GOING ELLEN OR WHY DO YOU CHOOSE THAT WHOLE DOWN HALF TO IT IS MORE LITTLE DELAY AND AT BEST WAY AS ACROSS THE PARK 
LOG (gmm-latgen-faster[5.5.668~1493-53c4b]:DecodeUtteranceLatticeFaster():decoder-wrappers.cc:375) Log-like per frame for utterance 89-219-0045 is -8.4542 over 847 frames.
89-219-0046 FITNESS TELL ME THAT I WAS THINKING THE BEST NEAREST LAND 
LOG (gmm-latgen-faster[5.5.668~1493-53c4b]:DecodeUtteranceLatticeFaster():decoder-wrappers.cc:375) Log-like per frame for utterance 89-219-0046 is -8.3963 over 347 frames.
89-219-0047 IT WAS A NARROW WHINING PATH THROUGH THE GRAVELLED STRETCH FEARS AND HALF THAN STRUCK PIOUSLY THE ASPECT IN THE THICK AND THEY COULD NOT EVEN BY THE GENERAL TO SACK OCCASION THE CAPTIVES STEPPING FORWARD 
LOG (gmm-latgen-faster[5.5.668~1493-53c4b]:DecodeUtteranceLatticeFaster():decoder-wrappers.cc:375) Log-like per frame for utterance 89-219-0047 is -8.3049 over 1302 frames.
89-219-0048 HE PERCEIVED DURING THE NATION AND HAVING ENTERED A PLEA OF HELPING VAIN WAS TO THE LIGHTNING FOR THEIR OPPOSITION EXCUSED HIMSELF HOWEVER FOR ATTENDING THAN HE RAISED HIS SON WERE NOT SHE CHEERFUL FOR HIM IF YOU NEED HIM BY ANOTHER WAS HE TURNED AWAY 
LOG (gmm-latgen-faster[5.5.668~1493-53c4b]:DecodeUtteranceLatticeFaster():decoder-wrappers.cc:375) Log-like per frame for utterance 89-219-0048 is -8.17305 over 1581 frames.
89-219-0049 AND AFTER WAS SHOT TO FIND HIM ENTER SPIRITS AND INDEED THAT A SEPARATION 
LOG (gmm-latgen-faster[5.5.668~1493-53c4b]:DecodeUtteranceLatticeFaster():decoder-wrappers.cc:375) Log-like per frame for utterance 89-219-0049 is -8.38208 over 403 frames.
89-219-0050 OFFERED HIM IN JERRY AND SHE BEGAN TO TALK WITH EASY GAYETY AND DELIGHTFUL MELANCHOLY WHICH SUCH A CREVICE FIRE AND PARTICULARLY ON THE SPOT FITTED COMPANION WITH I IT WAS MY MOTHER'S FAVORABLE 
LOG (gmm-latgen-faster[5.5.668~1493-53c4b]:DecodeUtteranceLatticeFaster():decoder-wrappers.cc:375) Log-like per frame for utterance 89-219-0050 is -8.16855 over 1394 frames.
89-219-0051 HAVING HAD NEVER HEARD MISSUS CONEY MENTIONED IN THE FAMILY BEFORE ANY IN JUST EXCITED BY THIS TO THE REMEMBRANCE SHOWED ITSELF DIRECTLY IN HER ALTERED COUNTENANCE IN THE TENT IF WALLACE WITH WHICH SHE WAITED FOR SOMETHING MORE 
LOG (gmm-latgen-faster[5.5.668~1493-53c4b]:DecodeUtteranceLatticeFaster():decoder-wrappers.cc:375) Log-like per frame for utterance 89-219-0051 is -8.39472 over 1254 frames.
89-219-0052 AND INTELLIGENT THOUGH I NEVER LOVED HIM THEN AS I HAVEN'T IT STANDS AT THAT TIME INDEED A NICE TO WONDER AT HER JOINTS BUT HER MEMORY IN TEARS AND NOW AND ON IT NOT BE FATIGUED HAPPEN TO HIM TEAR INTERESTED IN THE GENERAL WOULD NOT IT DID 
LOG (gmm-latgen-faster[5.5.668~1493-53c4b]:DecodeUtteranceLatticeFaster():decoder-wrappers.cc:375) Log-like per frame for utterance 89-219-0052 is -8.2315 over 1584 frames.
89-219-0053 THIS TELL ME CONTINUING SORRY HE VENTURED TO SAY IT DEATHLESS TO THE INTIMATE AFFECTION GREAT AN INCREASE IN ONE REPLIED THE OTHER IN THE VOICE 
LOG (gmm-latgen-faster[5.5.668~1493-53c4b]:DecodeUtteranceLatticeFaster():decoder-wrappers.cc:375) Log-like per frame for utterance 89-219-0053 is -8.10479 over 1072 frames.
89-219-0054 I WAS AN EIGHTH EIGHTEEN THE ATHENAEUM DELIGHTFUL AND LOST PERHAPS AS STRONGLY IS ONCE THE YOUNG FRIEND FEELING I DID NOT I COULD NOT THEN KNOW WHAT THE LOSS OF WANTS TO STOP FOR A MOMENT AND THEN ADDED WITH GREAT FIRMNESS 
LOG (gmm-latgen-faster[5.5.668~1493-53c4b]:DecodeUtteranceLatticeFaster():decoder-wrappers.cc:375) Log-like per frame for utterance 89-219-0054 is -8.26141 over 1289 frames.
89-219-0055 A MOTHER WOULD ADMIT ALLIES PRESENT A MOMENT LIVE IN A CONSTANT FRIEND 
LOG (gmm-latgen-faster[5.5.668~1493-53c4b]:DecodeUtteranceLatticeFaster():decoder-wrappers.cc:375) Log-like per frame for utterance 89-219-0055 is -8.30414 over 423 frames.
89-219-0056 THUS HIM VERY TIME A MOMENT THAT SHE HANDS WHAT WAS VERY PICTURE FOR IN THE IDEAL 
LOG (gmm-latgen-faster[5.5.668~1493-53c4b]:DecodeUtteranceLatticeFaster():decoder-wrappers.cc:375) Log-like per frame for utterance 89-219-0056 is -8.51543 over 497 frames.
89-219-0057 WAS IT FROM THE DEJECTION SPIRITS WERE QUESTIONS MOUNTED IN THE COURT FOR THE FIRST THEY RECEIVED EVERY IDEA FORMATIVE 
LOG (gmm-latgen-faster[5.5.668~1493-53c4b]:DecodeUtteranceLatticeFaster():decoder-wrappers.cc:375) Log-like per frame for utterance 89-219-0057 is -8.20382 over 767 frames.
89-219-0058 THAT THANKS AND I SUPPOSE CLASHING OF THE CURRANTS IN PART OF HER IN QUESTION HUNTING AT ALL THE MAN IS INTENDED TO THE DRAWING ROOM MY FATHER WAS TO SATISFY THAT THE PAINTING AND FOR SOME TIME IT HAD NO PLACE 
LOG (gmm-latgen-faster[5.5.668~1493-53c4b]:DecodeUtteranceLatticeFaster():decoder-wrappers.cc:375) Log-like per frame for utterance 89-219-0058 is -8.34012 over 1291 frames.
89-219-0059 SOON AFTER HER DEATH I CAME TO FOR MY OWN HOME IN MY BED CHAMBER 
LOG (gmm-latgen-faster[5.5.668~1493-53c4b]:DecodeUtteranceLatticeFaster():decoder-wrappers.cc:375) Log-like per frame for utterance 89-219-0059 is -8.53245 over 372 frames.
89-219-0060 IT IS VERY HIGH HE WAS ANOTHER TREE A PORTRAIT VERY NIGHT OF THE DEPARTED WIFE NOT BELIEVE BY THE HAS THAT HE MUST BE DREADFULLY CRUEL TO HER 
LOG (gmm-latgen-faster[5.5.668~1493-53c4b]:DecodeUtteranceLatticeFaster():decoder-wrappers.cc:375) Log-like per frame for utterance 89-219-0060 is -8.19557 over 976 frames.
89-219-0061 IN SPITE OF ALL HIS ATTENTION AS HE HAD PREVIOUSLY EXCITED AND WHAT HAD BEEN TEARING DISLIKE BEFORE THIS NOW ASKED ADMIT OF DERISION GUESS OF DERISION HIS CRUELTY TO SUCH CHARMING ROMAN MADE HIM ODIOUS TO HER 
LOG (gmm-latgen-faster[5.5.668~1493-53c4b]:DecodeUtteranceLatticeFaster():decoder-wrappers.cc:375) Log-like per frame for utterance 89-219-0061 is -8.22313 over 1358 frames.
LOG (apply-cmvn[5.5.668~1493-53c4b]:main():apply-cmvn.cc:162) Applied cepstral mean normalization to 225 utterances, errors on 0
89-219-0062 SHE HAD OFTEN MESSAGE CHARACTERS CHARACTERS WHICH MISTER ELEMENT IN USE TO CALL A NATURAL AND OVER DRAWN BUT HE WAS THREE FARMERS OF THE CONTRARY SHE HAD JUST SO THIS POINT WHEN THE END OF THE PATH RIPE AND DIRECTLY UPON THE GENERAL 
LOG (gmm-latgen-faster[5.5.668~1493-53c4b]:DecodeUtteranceLatticeFaster():decoder-wrappers.cc:375) Log-like per frame for utterance 89-219-0062 is -8.30967 over 1455 frames.
89-219-0063 AND IN SPITE OF ALL HER FOR TWO WAS INDIGNATION SHE FOUND HERSELF AGAIN OBLIGED TO WALK WITH HIM LISTEN TO HIM AND EVEN TO SMILE WHEN HE SMILED BEING NO LONGER TABLE HOWEVER TO RECEIVE PLEASURE FROM THE SURROUNDING OBJECTS SHE SOON BEGAN TO WALK VERACITY IT 
LOG (gmm-latgen-faster[5.5.668~1493-53c4b]:DecodeUtteranceLatticeFaster():decoder-wrappers.cc:375) Log-like per frame for utterance 89-219-0063 is -8.3211 over 1479 frames.
89-219-0064 THE GENERAL RECEIVED HIM WITH CONCERNED FROM HER HEALTH WHICH SEEMED TO REPROACH HER FOR HER IMMURED HIM WAS MOST CHERISHED VERY TURNING WITH HIS DAUGHTER TO THE HOUSE HE WOULD FOLLOW THEM IN ORDER OF AN HOUR 
LOG (gmm-latgen-faster[5.5.668~1493-53c4b]:DecodeUtteranceLatticeFaster():decoder-wrappers.cc:375) Log-like per frame for utterance 89-219-0064 is -8.26366 over 1089 frames.
LOG (gmm-latgen-faster[5.5.668~1493-53c4b]:main():gmm-latgen-faster.cc:176) Time taken 984.681s: real-time factor assuming 100 frames/sec is 0.33676
LOG (gmm-latgen-faster[5.5.668~1493-53c4b]:main():gmm-latgen-faster.cc:179) Done 225 utterances, failed for 0
LOG (gmm-latgen-faster[5.5.668~1493-53c4b]:main():gmm-latgen-faster.cc:181) Overall log-likelihood per frame is -8.44221 over 292398 frames.
# Accounting: time=985 threads=1
# Ended (code 0) at Sat May  9 23:52:19 IST 2020, elapsed time 985 seconds
